#
# There is insufficient memory for the Java Runtime Environment to continue.
# Native memory allocation (malloc) failed to allocate 579344 bytes for Chunk::new
# Possible reasons:
#   The system is out of physical RAM or swap space
#   The process is running with CompressedOops enabled, and the Java Heap may be blocking the growth of the native heap
# Possible solutions:
#   Reduce memory load on the system
#   Increase physical memory or swap space
#   Check if swap backing store is full
#   Decrease Java heap size (-Xmx/-Xms)
#   Decrease number of Java threads
#   Decrease Java thread stack sizes (-Xss)
#   Set larger code cache with -XX:ReservedCodeCacheSize=
#   JVM is running with Unscaled Compressed Oops mode in which the Java heap is
#     placed in the first 4GB address space. The Java Heap base address is the
#     maximum limit for the native heap growth. Please use -XX:HeapBaseMinAddress
#     to set the Java Heap base and to place the Java Heap above 4GB virtual address.
# This output file may be truncated or incomplete.
#
#  Out of Memory Error (./src/hotspot/share/memory/arena.cpp:197), pid=7588, tid=14236
#
# JRE version: OpenJDK Runtime Environment (11.0.10) (build 11.0.10+0-b96-7249189)
# Java VM: OpenJDK 64-Bit Server VM (11.0.10+0-b96-7249189, mixed mode, tiered, compressed oops, g1 gc, windows-amd64)
# No core dump will be written. Minidumps are not enabled by default on client versions of Windows
#

---------------  S U M M A R Y ------------

Command Line: --add-opens=java.base/java.util=ALL-UNNAMED --add-opens=java.base/java.lang=ALL-UNNAMED --add-opens=java.base/java.lang.invoke=ALL-UNNAMED --add-opens=java.base/java.util=ALL-UNNAMED --add-opens=java.prefs/java.util.prefs=ALL-UNNAMED --add-opens=java.prefs/java.util.prefs=ALL-UNNAMED --add-opens=java.base/java.nio.charset=ALL-UNNAMED --add-opens=java.base/java.net=ALL-UNNAMED --add-opens=java.base/java.util.concurrent.atomic=ALL-UNNAMED -Xmx2048m -Dfile.encoding=UTF-8 -Duser.country=RU -Duser.language=ru -Duser.variant org.gradle.launcher.daemon.bootstrap.GradleDaemon 7.0.2

Host: Intel(R) Core(TM) i5-8265U CPU @ 1.60GHz, 8 cores, 15G,  Windows 10 , 64 bit Build 19041 (10.0.19041.1023)
Time: Wed Sep 22 15:23:40 2021 RTZ 2 (зима) elapsed time: 73.107000 seconds (0d 0h 1m 13s)

---------------  T H R E A D  ---------------

Current thread (0x000002229e780000):  JavaThread "C2 CompilerThread0" daemon [_thread_in_native, id=14236, stack(0x000000607f800000,0x000000607f900000)]


Current CompileTask:
C2:  73107 8468       4       org.gradle.internal.reflect.ClassInspector::inspectClass (179 bytes)

Stack: [0x000000607f800000,0x000000607f900000]
Native frames: (J=compiled Java code, j=interpreted, Vv=VM code, C=native code)
V  [jvm.dll+0x5ecfaa]
V  [jvm.dll+0x722bd5]
V  [jvm.dll+0x72412d]
V  [jvm.dll+0x7247e3]
V  [jvm.dll+0x242928]
V  [jvm.dll+0xbc4fc]
V  [jvm.dll+0xbca0c]
V  [jvm.dll+0x1fae51]
V  [jvm.dll+0x584a45]
V  [jvm.dll+0x58380e]
V  [jvm.dll+0x1fb4a2]
V  [jvm.dll+0x1fa7f4]
V  [jvm.dll+0x18354c]
V  [jvm.dll+0x208ee7]
V  [jvm.dll+0x207731]
V  [jvm.dll+0x6eb1cf]
V  [jvm.dll+0x6e3d45]
V  [jvm.dll+0x5ebe96]
C  [ucrtbase.dll+0x21bb2]
C  [KERNEL32.DLL+0x17034]
C  [ntdll.dll+0x52651]


---------------  P R O C E S S  ---------------

Threads class SMR info:
_java_thread_list=0x00000222a5ef0e50, length=51, elements={
0x000002228326c000, 0x000002229dede000, 0x000002229e70f000, 0x000002229e72c800,
0x000002229e72d800, 0x000002229e72e800, 0x000002229e780000, 0x000002229e783000,
0x000002229e79a800, 0x000002229e8e5800, 0x00000222a0df7800, 0x00000222a0fa7800,
0x00000222a0a13000, 0x00000222a0a81000, 0x00000222a0b67800, 0x00000222a02b3800,
0x00000222a02b4800, 0x000002229ff95000, 0x000002229ea56800, 0x000002229ea59000,
0x000002229ea57800, 0x000002229ea58800, 0x000002229ea5b000, 0x000002229ea5b800,
0x000002229ea56000, 0x000002229ea5c800, 0x00000222a0d62800, 0x00000222a0d64800,
0x00000222a0d63800, 0x00000222a0d65000, 0x00000222a0d66000, 0x00000222a0d60800,
0x00000222a0d67000, 0x00000222a0d61000, 0x00000222a0d67800, 0x00000222a0d6b000,
0x00000222a0d69800, 0x00000222a0d6e000, 0x000002229ea5a000, 0x00000222a25eb800,
0x00000222a25e5800, 0x00000222a25ec000, 0x00000222a25e6800, 0x00000222a25e7000,
0x00000222a25e8000, 0x00000222a25ed000, 0x00000222a25ea800, 0x00000222a25ed800,
0x00000222a25e9000, 0x00000222a25ee800, 0x00000222a25ef800
}

Java Threads: ( => current thread )
  0x000002228326c000 JavaThread "main" [_thread_blocked, id=19144, stack(0x000000607ec00000,0x000000607ed00000)]
  0x000002229dede000 JavaThread "Reference Handler" daemon [_thread_blocked, id=11776, stack(0x000000607f300000,0x000000607f400000)]
  0x000002229e70f000 JavaThread "Finalizer" daemon [_thread_blocked, id=23188, stack(0x000000607f400000,0x000000607f500000)]
  0x000002229e72c800 JavaThread "Signal Dispatcher" daemon [_thread_blocked, id=10452, stack(0x000000607f500000,0x000000607f600000)]
  0x000002229e72d800 JavaThread "Attach Listener" daemon [_thread_blocked, id=25368, stack(0x000000607f600000,0x000000607f700000)]
  0x000002229e72e800 JavaThread "Service Thread" daemon [_thread_blocked, id=23024, stack(0x000000607f700000,0x000000607f800000)]
=>0x000002229e780000 JavaThread "C2 CompilerThread0" daemon [_thread_in_native, id=14236, stack(0x000000607f800000,0x000000607f900000)]
  0x000002229e783000 JavaThread "C1 CompilerThread0" daemon [_thread_blocked, id=24932, stack(0x000000607f900000,0x000000607fa00000)]
  0x000002229e79a800 JavaThread "Sweeper thread" daemon [_thread_blocked, id=3348, stack(0x000000607fa00000,0x000000607fb00000)]
  0x000002229e8e5800 JavaThread "Common-Cleaner" daemon [_thread_blocked, id=20464, stack(0x000000607fb00000,0x000000607fc00000)]
  0x00000222a0df7800 JavaThread "Daemon health stats" [_thread_blocked, id=28068, stack(0x0000006000200000,0x0000006000300000)]
  0x00000222a0fa7800 JavaThread "Incoming local TCP Connector on port 51558" [_thread_in_native, id=28164, stack(0x0000006000300000,0x0000006000400000)]
  0x00000222a0a13000 JavaThread "Daemon periodic checks" [_thread_blocked, id=12192, stack(0x0000006000400000,0x0000006000500000)]
  0x00000222a0a81000 JavaThread "Daemon" [_thread_blocked, id=12540, stack(0x0000006000500000,0x0000006000600000)]
  0x00000222a0b67800 JavaThread "Handler for socket connection from /127.0.0.1:51558 to /127.0.0.1:51559" [_thread_in_native, id=7860, stack(0x0000006000600000,0x0000006000700000)]
  0x00000222a02b3800 JavaThread "Cancel handler" [_thread_blocked, id=19756, stack(0x0000006000700000,0x0000006000800000)]
  0x00000222a02b4800 JavaThread "Daemon worker" [_thread_in_Java, id=2768, stack(0x0000006000800000,0x0000006000900000)]
  0x000002229ff95000 JavaThread "Asynchronous log dispatcher for DefaultDaemonConnection: socket connection from /127.0.0.1:51558 to /127.0.0.1:51559" [_thread_blocked, id=24980, stack(0x0000006000900000,0x0000006000a00000)]
  0x000002229ea56800 JavaThread "Daemon client event forwarder" [_thread_blocked, id=21368, stack(0x0000006000b00000,0x0000006000c00000)]
  0x000002229ea59000 JavaThread "Cache worker for file hash cache (C:\Users\akrikunov\.gradle\caches\7.0.2\fileHashes)" [_thread_blocked, id=2516, stack(0x0000006000c00000,0x0000006000d00000)]
  0x000002229ea57800 JavaThread "File lock request listener" [_thread_in_native, id=1440, stack(0x0000006000d00000,0x0000006000e00000)]
  0x000002229ea58800 JavaThread "Cache worker for journal cache (C:\Users\akrikunov\.gradle\caches\journal-1)" [_thread_blocked, id=28448, stack(0x0000006001200000,0x0000006001300000)]
  0x000002229ea5b000 JavaThread "Cache worker for file hash cache (C:\Users\akrikunov\Documents\AlarmReminder\.gradle\7.0.2\fileHashes)" [_thread_blocked, id=27216, stack(0x0000006001400000,0x0000006001500000)]
  0x000002229ea5b800 JavaThread "File watcher server" daemon [_thread_in_native, id=28024, stack(0x0000006001500000,0x0000006001600000)]
  0x000002229ea56000 JavaThread "File watcher consumer" daemon [_thread_blocked, id=9420, stack(0x0000006001600000,0x0000006001700000)]
  0x000002229ea5c800 JavaThread "jar transforms" [_thread_blocked, id=23860, stack(0x0000006001700000,0x0000006001800000)]
  0x00000222a0d62800 JavaThread "jar transforms Thread 2" [_thread_blocked, id=28336, stack(0x0000006001800000,0x0000006001900000)]
  0x00000222a0d64800 JavaThread "jar transforms Thread 3" [_thread_blocked, id=19476, stack(0x0000006001900000,0x0000006001a00000)]
  0x00000222a0d63800 JavaThread "jar transforms Thread 4" [_thread_blocked, id=18312, stack(0x0000006001a00000,0x0000006001b00000)]
  0x00000222a0d65000 JavaThread "jar transforms Thread 5" [_thread_blocked, id=12768, stack(0x0000006001b00000,0x0000006001c00000)]
  0x00000222a0d66000 JavaThread "jar transforms Thread 6" [_thread_blocked, id=26620, stack(0x0000006001c00000,0x0000006001d00000)]
  0x00000222a0d60800 JavaThread "jar transforms Thread 7" [_thread_blocked, id=25476, stack(0x0000006001d00000,0x0000006001e00000)]
  0x00000222a0d67000 JavaThread "jar transforms Thread 8" [_thread_blocked, id=16864, stack(0x0000006001e00000,0x0000006001f00000)]
  0x00000222a0d61000 JavaThread "Cache worker for checksums cache (C:\Users\akrikunov\Documents\AlarmReminder\.gradle\checksums)" [_thread_blocked, id=9588, stack(0x0000006001300000,0x0000006001400000)]
  0x00000222a0d67800 JavaThread "Cache worker for cache directory md-supplier (C:\Users\akrikunov\.gradle\caches\7.0.2\md-supplier)" [_thread_blocked, id=28104, stack(0x0000006001f00000,0x0000006002000000)]
  0x00000222a0d6b000 JavaThread "Cache worker for cache directory md-rule (C:\Users\akrikunov\.gradle\caches\7.0.2\md-rule)" [_thread_blocked, id=16352, stack(0x0000006002200000,0x0000006002300000)]
  0x00000222a0d69800 JavaThread "Cache worker for execution history cache (C:\Users\akrikunov\.gradle\caches\7.0.2\executionHistory)" [_thread_blocked, id=1012, stack(0x0000006002300000,0x0000006002400000)]
  0x00000222a0d6e000 JavaThread "Cache worker for file content cache (C:\Users\akrikunov\.gradle\caches\7.0.2\fileContent)" [_thread_blocked, id=25852, stack(0x0000006002400000,0x0000006002500000)]
  0x000002229ea5a000 JavaThread "Cache worker for dependencies-accessors (C:\Users\akrikunov\Documents\AlarmReminder\.gradle\7.0.2\dependencies-accessors)" [_thread_blocked, id=4868, stack(0x0000006002500000,0x0000006002600000)]
  0x00000222a25eb800 JavaThread "Cache worker for Build Output Cleanup Cache (C:\Users\akrikunov\Documents\AlarmReminder\.gradle\buildOutputCleanup)" [_thread_blocked, id=18296, stack(0x0000006002600000,0x0000006002700000)]
  0x00000222a25e5800 JavaThread "Build operations" [_thread_blocked, id=6172, stack(0x0000006002100000,0x0000006002200000)]
  0x00000222a25ec000 JavaThread "Build operations Thread 2" [_thread_blocked, id=9052, stack(0x0000006002700000,0x0000006002800000)]
  0x00000222a25e6800 JavaThread "Build operations Thread 3" [_thread_blocked, id=15592, stack(0x0000006002800000,0x0000006002900000)]
  0x00000222a25e7000 JavaThread "Build operations Thread 4" [_thread_blocked, id=24140, stack(0x0000006002900000,0x0000006002a00000)]
  0x00000222a25e8000 JavaThread "Build operations Thread 5" [_thread_blocked, id=20164, stack(0x0000006002a00000,0x0000006002b00000)]
  0x00000222a25ed000 JavaThread "Build operations Thread 6" [_thread_blocked, id=27140, stack(0x0000006002b00000,0x0000006002c00000)]
  0x00000222a25ea800 JavaThread "Build operations Thread 7" [_thread_blocked, id=22824, stack(0x0000006002c00000,0x0000006002d00000)]
  0x00000222a25ed800 JavaThread "Build operations Thread 8" [_thread_blocked, id=27336, stack(0x0000006002d00000,0x0000006002e00000)]
  0x00000222a25e9000 JavaThread "Memory manager" [_thread_blocked, id=23296, stack(0x0000006003300000,0x0000006003400000)]
  0x00000222a25ee800 JavaThread "C2 CompilerThread1" daemon [_thread_in_native, id=24328, stack(0x0000006000a00000,0x0000006000b00000)]
  0x00000222a25ef800 JavaThread "C2 CompilerThread2" daemon [_thread_in_native, id=15068, stack(0x0000006003200000,0x0000006003300000)]

Other Threads:
  0x000002229dedb800 VMThread "VM Thread" [stack: 0x000000607f200000,0x000000607f300000] [id=20048]
  0x000002229e92e800 WatcherThread [stack: 0x000000607fc00000,0x000000607fd00000] [id=27188]
  0x0000022283285000 GCTaskThread "GC Thread#0" [stack: 0x000000607ed00000,0x000000607ee00000] [id=7152]
  0x000002229f58b800 GCTaskThread "GC Thread#1" [stack: 0x000000607fe00000,0x000000607ff00000] [id=28328]
  0x000002229f58c000 GCTaskThread "GC Thread#2" [stack: 0x000000607ff00000,0x0000006080000000] [id=27156]
  0x000002229f5c6000 GCTaskThread "GC Thread#3" [stack: 0x0000006000000000,0x0000006000100000] [id=21744]
  0x000002229f634800 GCTaskThread "GC Thread#4" [stack: 0x0000006000100000,0x0000006000200000] [id=24424]
  0x000002229eac6800 GCTaskThread "GC Thread#5" [stack: 0x0000006000e00000,0x0000006000f00000] [id=8196]
  0x00000222a1b3f000 GCTaskThread "GC Thread#6" [stack: 0x0000006000f00000,0x0000006001000000] [id=8012]
  0x000002229fe36000 GCTaskThread "GC Thread#7" [stack: 0x0000006001000000,0x0000006001100000] [id=9204]
  0x00000222832b7000 ConcurrentGCThread "G1 Main Marker" [stack: 0x000000607ee00000,0x000000607ef00000] [id=20456]
  0x00000222832b9000 ConcurrentGCThread "G1 Conc#0" [stack: 0x000000607ef00000,0x000000607f000000] [id=3296]
  0x000002229f04a800 ConcurrentGCThread "G1 Conc#1" [stack: 0x0000006001100000,0x0000006001200000] [id=6680]
  0x000002228334e000 ConcurrentGCThread "G1 Refine#0" [stack: 0x000000607f000000,0x000000607f100000] [id=25372]
  0x00000222a2602800 ConcurrentGCThread "G1 Refine#1" [stack: 0x0000006002f00000,0x0000006003000000] [id=27984]
  0x00000222a0cdb800 ConcurrentGCThread "G1 Refine#2" [stack: 0x0000006003000000,0x0000006003100000] [id=17308]
  0x00000222a0cdc000 ConcurrentGCThread "G1 Refine#3" [stack: 0x0000006003100000,0x0000006003200000] [id=17108]
  0x000002229dd58800 ConcurrentGCThread "G1 Young RemSet Sampling" [stack: 0x000000607f100000,0x000000607f200000] [id=16664]

Threads with active compile tasks:
C2 CompilerThread0  73158 8468       4       org.gradle.internal.reflect.ClassInspector::inspectClass (179 bytes)
C2 CompilerThread1  73158 8521       4       org.gradle.internal.reflect.MethodSet::add (50 bytes)
C2 CompilerThread2  73158 8512       4       org.apache.commons.io.FilenameUtils::doNormalize (534 bytes)

VM state:not at safepoint (normal execution)

VM Mutex/Monitor currently owned by a thread: None

Heap address: 0x0000000080000000, size: 2048 MB, Compressed Oops mode: 32-bit
Narrow klass base: 0x0000000000000000, Narrow klass shift: 3
Compressed class space size: 1073741824 Address: 0x0000000100000000

Heap:
 garbage-first heap   total 253952K, used 133648K [0x0000000080000000, 0x0000000100000000)
  region size 1024K, 53 young (54272K), 12 survivors (12288K)
 Metaspace       used 88084K, capacity 90324K, committed 90496K, reserved 1128448K
  class space    used 11304K, capacity 12077K, committed 12160K, reserved 1048576K
Heap Regions: E=young(eden), S=young(survivor), O=old, HS=humongous(starts), HC=humongous(continues), CS=collection set, F=free, A=archive, TAMS=top-at-mark-start (previous, next)
|   0|0x0000000080000000, 0x0000000080100000, 0x0000000080100000|100%|HS|  |TAMS 0x0000000080100000, 0x0000000080000000| Complete 
|   1|0x0000000080100000, 0x0000000080200000, 0x0000000080200000|100%|HC|  |TAMS 0x0000000080200000, 0x0000000080100000| Complete 
|   2|0x0000000080200000, 0x0000000080300000, 0x0000000080300000|100%| O|  |TAMS 0x0000000080300000, 0x0000000080200000| Untracked 
|   3|0x0000000080300000, 0x0000000080400000, 0x0000000080400000|100%|HS|  |TAMS 0x0000000080400000, 0x0000000080300000| Complete 
|   4|0x0000000080400000, 0x0000000080500000, 0x0000000080500000|100%|HC|  |TAMS 0x0000000080500000, 0x0000000080400000| Complete 
|   5|0x0000000080500000, 0x0000000080600000, 0x0000000080600000|100%|HC|  |TAMS 0x0000000080600000, 0x0000000080500000| Complete 
|   6|0x0000000080600000, 0x0000000080700000, 0x0000000080700000|100%| O|  |TAMS 0x0000000080700000, 0x0000000080600000| Untracked 
|   7|0x0000000080700000, 0x0000000080800000, 0x0000000080800000|100%| O|  |TAMS 0x0000000080800000, 0x0000000080700000| Untracked 
|   8|0x0000000080800000, 0x0000000080900000, 0x0000000080900000|100%| O|  |TAMS 0x0000000080900000, 0x0000000080800000| Untracked 
|   9|0x0000000080900000, 0x0000000080a00000, 0x0000000080a00000|100%| O|  |TAMS 0x0000000080a00000, 0x0000000080900000| Untracked 
|  10|0x0000000080a00000, 0x0000000080b00000, 0x0000000080b00000|100%|HS|  |TAMS 0x0000000080b00000, 0x0000000080a00000| Complete 
|  11|0x0000000080b00000, 0x0000000080c00000, 0x0000000080c00000|100%|HC|  |TAMS 0x0000000080c00000, 0x0000000080b00000| Complete 
|  12|0x0000000080c00000, 0x0000000080d00000, 0x0000000080d00000|100%|HC|  |TAMS 0x0000000080d00000, 0x0000000080c00000| Complete 
|  13|0x0000000080d00000, 0x0000000080e00000, 0x0000000080e00000|100%|HS|  |TAMS 0x0000000080e00000, 0x0000000080d00000| Complete 
|  14|0x0000000080e00000, 0x0000000080f00000, 0x0000000080f00000|100%|HC|  |TAMS 0x0000000080f00000, 0x0000000080e00000| Complete 
|  15|0x0000000080f00000, 0x0000000081000000, 0x0000000081000000|100%|HC|  |TAMS 0x0000000081000000, 0x0000000080f00000| Complete 
|  16|0x0000000081000000, 0x0000000081100000, 0x0000000081100000|100%|HC|  |TAMS 0x0000000081100000, 0x0000000081000000| Complete 
|  17|0x0000000081100000, 0x0000000081200000, 0x0000000081200000|100%|HC|  |TAMS 0x0000000081200000, 0x0000000081100000| Complete 
|  18|0x0000000081200000, 0x0000000081300000, 0x0000000081300000|100%| O|  |TAMS 0x0000000081300000, 0x0000000081200000| Untracked 
|  19|0x0000000081300000, 0x0000000081400000, 0x0000000081400000|100%| O|  |TAMS 0x0000000081400000, 0x0000000081300000| Untracked 
|  20|0x0000000081400000, 0x0000000081500000, 0x0000000081500000|100%| O|  |TAMS 0x0000000081500000, 0x0000000081400000| Untracked 
|  21|0x0000000081500000, 0x0000000081600000, 0x0000000081600000|100%| O|  |TAMS 0x0000000081600000, 0x0000000081500000| Untracked 
|  22|0x0000000081600000, 0x0000000081700000, 0x0000000081700000|100%| O|  |TAMS 0x0000000081700000, 0x0000000081600000| Untracked 
|  23|0x0000000081700000, 0x0000000081800000, 0x0000000081800000|100%| O|  |TAMS 0x0000000081800000, 0x0000000081700000| Untracked 
|  24|0x0000000081800000, 0x0000000081900000, 0x0000000081900000|100%| O|  |TAMS 0x0000000081900000, 0x0000000081800000| Untracked 
|  25|0x0000000081900000, 0x0000000081a00000, 0x0000000081a00000|100%| O|  |TAMS 0x0000000081a00000, 0x0000000081900000| Untracked 
|  26|0x0000000081a00000, 0x0000000081b00000, 0x0000000081b00000|100%|HS|  |TAMS 0x0000000081b00000, 0x0000000081a00000| Complete 
|  27|0x0000000081b00000, 0x0000000081c00000, 0x0000000081c00000|100%|HS|  |TAMS 0x0000000081c00000, 0x0000000081b00000| Complete 
|  28|0x0000000081c00000, 0x0000000081d00000, 0x0000000081d00000|100%|HS|  |TAMS 0x0000000081d00000, 0x0000000081c00000| Complete 
|  29|0x0000000081d00000, 0x0000000081e00000, 0x0000000081e00000|100%|HS|  |TAMS 0x0000000081e00000, 0x0000000081d00000| Complete 
|  30|0x0000000081e00000, 0x0000000081f00000, 0x0000000081f00000|100%|HC|  |TAMS 0x0000000081f00000, 0x0000000081e00000| Complete 
|  31|0x0000000081f00000, 0x0000000082000000, 0x0000000082000000|100%|HC|  |TAMS 0x0000000082000000, 0x0000000081f00000| Complete 
|  32|0x0000000082000000, 0x0000000082100000, 0x0000000082100000|100%|HC|  |TAMS 0x0000000082100000, 0x0000000082000000| Complete 
|  33|0x0000000082100000, 0x0000000082200000, 0x0000000082200000|100%|HC|  |TAMS 0x0000000082200000, 0x0000000082100000| Complete 
|  34|0x0000000082200000, 0x0000000082300000, 0x0000000082300000|100%|HS|  |TAMS 0x0000000082300000, 0x0000000082200000| Complete 
|  35|0x0000000082300000, 0x0000000082400000, 0x0000000082400000|100%|HC|  |TAMS 0x0000000082400000, 0x0000000082300000| Complete 
|  36|0x0000000082400000, 0x0000000082500000, 0x0000000082500000|100%|HC|  |TAMS 0x0000000082500000, 0x0000000082400000| Complete 
|  37|0x0000000082500000, 0x0000000082600000, 0x0000000082600000|100%| O|  |TAMS 0x0000000082600000, 0x0000000082500000| Untracked 
|  38|0x0000000082600000, 0x0000000082700000, 0x0000000082700000|100%| O|  |TAMS 0x0000000082700000, 0x0000000082600000| Untracked 
|  39|0x0000000082700000, 0x0000000082800000, 0x0000000082800000|100%|HS|  |TAMS 0x0000000082800000, 0x0000000082700000| Complete 
|  40|0x0000000082800000, 0x0000000082900000, 0x0000000082900000|100%|HC|  |TAMS 0x0000000082900000, 0x0000000082800000| Complete 
|  41|0x0000000082900000, 0x0000000082a00000, 0x0000000082a00000|100%|HC|  |TAMS 0x0000000082a00000, 0x0000000082900000| Complete 
|  42|0x0000000082a00000, 0x0000000082b00000, 0x0000000082b00000|100%|HS|  |TAMS 0x0000000082b00000, 0x0000000082a00000| Complete 
|  43|0x0000000082b00000, 0x0000000082c00000, 0x0000000082c00000|100%|HC|  |TAMS 0x0000000082c00000, 0x0000000082b00000| Complete 
|  44|0x0000000082c00000, 0x0000000082d00000, 0x0000000082d00000|100%| O|  |TAMS 0x0000000082d00000, 0x0000000082c00000| Untracked 
|  45|0x0000000082d00000, 0x0000000082e00000, 0x0000000082e00000|100%| O|  |TAMS 0x0000000082e00000, 0x0000000082d00000| Untracked 
|  46|0x0000000082e00000, 0x0000000082f00000, 0x0000000082f00000|100%| O|  |TAMS 0x0000000082f00000, 0x0000000082e00000| Untracked 
|  47|0x0000000082f00000, 0x0000000083000000, 0x0000000083000000|100%| O|  |TAMS 0x0000000083000000, 0x0000000082f00000| Untracked 
|  48|0x0000000083000000, 0x0000000083100000, 0x0000000083100000|100%| O|  |TAMS 0x0000000083100000, 0x0000000083000000| Untracked 
|  49|0x0000000083100000, 0x0000000083200000, 0x0000000083200000|100%| O|  |TAMS 0x0000000083200000, 0x0000000083100000| Untracked 
|  50|0x0000000083200000, 0x0000000083300000, 0x0000000083300000|100%| O|  |TAMS 0x0000000083300000, 0x0000000083200000| Untracked 
|  51|0x0000000083300000, 0x0000000083400000, 0x0000000083400000|100%| O|  |TAMS 0x0000000083400000, 0x0000000083300000| Untracked 
|  52|0x0000000083400000, 0x0000000083500000, 0x0000000083500000|100%| O|  |TAMS 0x0000000083500000, 0x0000000083400000| Untracked 
|  53|0x0000000083500000, 0x0000000083600000, 0x0000000083600000|100%| O|  |TAMS 0x0000000083600000, 0x0000000083500000| Untracked 
|  54|0x0000000083600000, 0x0000000083700000, 0x0000000083700000|100%| O|  |TAMS 0x0000000083700000, 0x0000000083600000| Untracked 
|  55|0x0000000083700000, 0x0000000083800000, 0x0000000083800000|100%| O|  |TAMS 0x0000000083800000, 0x0000000083700000| Untracked 
|  56|0x0000000083800000, 0x0000000083900000, 0x0000000083900000|100%| O|  |TAMS 0x0000000083900000, 0x0000000083800000| Untracked 
|  57|0x0000000083900000, 0x0000000083a00000, 0x0000000083a00000|100%| O|  |TAMS 0x0000000083a00000, 0x0000000083900000| Untracked 
|  58|0x0000000083a00000, 0x0000000083b00000, 0x0000000083b00000|100%| O|  |TAMS 0x0000000083b00000, 0x0000000083a00000| Untracked 
|  59|0x0000000083b00000, 0x0000000083c00000, 0x0000000083c00000|100%| O|  |TAMS 0x0000000083c00000, 0x0000000083b00000| Untracked 
|  60|0x0000000083c00000, 0x0000000083d00000, 0x0000000083d00000|100%| O|  |TAMS 0x0000000083d00000, 0x0000000083c00000| Untracked 
|  61|0x0000000083d00000, 0x0000000083e00000, 0x0000000083e00000|100%| O|  |TAMS 0x0000000083e00000, 0x0000000083d00000| Untracked 
|  62|0x0000000083e00000, 0x0000000083f00000, 0x0000000083f00000|100%| O|  |TAMS 0x0000000083f00000, 0x0000000083e00000| Untracked 
|  63|0x0000000083f00000, 0x0000000084000000, 0x0000000084000000|100%| O|  |TAMS 0x0000000084000000, 0x0000000083f00000| Untracked 
|  64|0x0000000084000000, 0x0000000084100000, 0x0000000084100000|100%| O|  |TAMS 0x0000000084100000, 0x0000000084000000| Untracked 
|  65|0x0000000084100000, 0x0000000084200000, 0x0000000084200000|100%| O|  |TAMS 0x0000000084200000, 0x0000000084100000| Untracked 
|  66|0x0000000084200000, 0x0000000084300000, 0x0000000084300000|100%| O|  |TAMS 0x0000000084300000, 0x0000000084200000| Untracked 
|  67|0x0000000084300000, 0x0000000084400000, 0x0000000084400000|100%| O|  |TAMS 0x0000000084400000, 0x0000000084300000| Untracked 
|  68|0x0000000084400000, 0x0000000084500000, 0x0000000084500000|100%| O|  |TAMS 0x0000000084500000, 0x0000000084400000| Untracked 
|  69|0x0000000084500000, 0x0000000084600000, 0x0000000084600000|100%| O|  |TAMS 0x00000000845de600, 0x0000000084500000| Untracked 
|  70|0x0000000084600000, 0x0000000084700000, 0x0000000084700000|100%| O|  |TAMS 0x0000000084600000, 0x0000000084600000| Untracked 
|  71|0x0000000084700000, 0x0000000084800000, 0x0000000084800000|100%| O|  |TAMS 0x0000000084700000, 0x0000000084700000| Untracked 
|  72|0x0000000084800000, 0x0000000084900000, 0x0000000084900000|100%| O|  |TAMS 0x0000000084800000, 0x0000000084800000| Untracked 
|  73|0x0000000084900000, 0x0000000084a00000, 0x0000000084a00000|100%| O|  |TAMS 0x0000000084900000, 0x0000000084900000| Untracked 
|  74|0x0000000084a00000, 0x0000000084b00000, 0x0000000084b00000|100%| O|  |TAMS 0x0000000084a00000, 0x0000000084a00000| Untracked 
|  75|0x0000000084b00000, 0x0000000084c00000, 0x0000000084c00000|100%| O|  |TAMS 0x0000000084b00000, 0x0000000084b00000| Untracked 
|  76|0x0000000084c00000, 0x0000000084d00000, 0x0000000084d00000|100%| O|  |TAMS 0x0000000084c00000, 0x0000000084c00000| Untracked 
|  77|0x0000000084d00000, 0x0000000084e00000, 0x0000000084e00000|100%| O|  |TAMS 0x0000000084d00000, 0x0000000084d00000| Untracked 
|  78|0x0000000084e00000, 0x0000000084ec1c00, 0x0000000084f00000| 75%| O|  |TAMS 0x0000000084e00000, 0x0000000084e00000| Untracked 
|  79|0x0000000084f00000, 0x0000000084f00000, 0x0000000085000000|  0%| F|  |TAMS 0x0000000084f00000, 0x0000000084f00000| Untracked 
|  80|0x0000000085000000, 0x0000000085000000, 0x0000000085100000|  0%| F|  |TAMS 0x0000000085000000, 0x0000000085000000| Untracked 
|  81|0x0000000085100000, 0x0000000085100000, 0x0000000085200000|  0%| F|  |TAMS 0x0000000085100000, 0x0000000085100000| Untracked 
|  82|0x0000000085200000, 0x0000000085200000, 0x0000000085300000|  0%| F|  |TAMS 0x0000000085200000, 0x0000000085200000| Untracked 
|  83|0x0000000085300000, 0x0000000085300000, 0x0000000085400000|  0%| F|  |TAMS 0x0000000085300000, 0x0000000085300000| Untracked 
|  84|0x0000000085400000, 0x0000000085400000, 0x0000000085500000|  0%| F|  |TAMS 0x0000000085400000, 0x0000000085400000| Untracked 
|  85|0x0000000085500000, 0x0000000085500000, 0x0000000085600000|  0%| F|  |TAMS 0x0000000085500000, 0x0000000085500000| Untracked 
|  86|0x0000000085600000, 0x0000000085600000, 0x0000000085700000|  0%| F|  |TAMS 0x0000000085600000, 0x0000000085600000| Untracked 
|  87|0x0000000085700000, 0x0000000085700000, 0x0000000085800000|  0%| F|  |TAMS 0x0000000085700000, 0x0000000085700000| Untracked 
|  88|0x0000000085800000, 0x0000000085800000, 0x0000000085900000|  0%| F|  |TAMS 0x0000000085800000, 0x0000000085800000| Untracked 
|  89|0x0000000085900000, 0x0000000085900000, 0x0000000085a00000|  0%| F|  |TAMS 0x0000000085900000, 0x0000000085900000| Untracked 
|  90|0x0000000085a00000, 0x0000000085a00000, 0x0000000085b00000|  0%| F|  |TAMS 0x0000000085a00000, 0x0000000085a00000| Untracked 
|  91|0x0000000085b00000, 0x0000000085b00000, 0x0000000085c00000|  0%| F|  |TAMS 0x0000000085b00000, 0x0000000085b00000| Untracked 
|  92|0x0000000085c00000, 0x0000000085c00000, 0x0000000085d00000|  0%| F|  |TAMS 0x0000000085c00000, 0x0000000085c00000| Untracked 
|  93|0x0000000085d00000, 0x0000000085d00000, 0x0000000085e00000|  0%| F|  |TAMS 0x0000000085d00000, 0x0000000085d00000| Untracked 
|  94|0x0000000085e00000, 0x0000000085e00000, 0x0000000085f00000|  0%| F|  |TAMS 0x0000000085e00000, 0x0000000085e00000| Untracked 
|  95|0x0000000085f00000, 0x0000000085f00000, 0x0000000086000000|  0%| F|  |TAMS 0x0000000085f00000, 0x0000000085f00000| Untracked 
|  96|0x0000000086000000, 0x0000000086000000, 0x0000000086100000|  0%| F|  |TAMS 0x0000000086000000, 0x0000000086000000| Untracked 
|  97|0x0000000086100000, 0x0000000086100000, 0x0000000086200000|  0%| F|  |TAMS 0x0000000086100000, 0x0000000086100000| Untracked 
|  98|0x0000000086200000, 0x0000000086200000, 0x0000000086300000|  0%| F|  |TAMS 0x0000000086200000, 0x0000000086200000| Untracked 
|  99|0x0000000086300000, 0x0000000086300000, 0x0000000086400000|  0%| F|  |TAMS 0x0000000086300000, 0x0000000086300000| Untracked 
| 100|0x0000000086400000, 0x0000000086400000, 0x0000000086500000|  0%| F|  |TAMS 0x0000000086400000, 0x0000000086400000| Untracked 
| 101|0x0000000086500000, 0x0000000086500000, 0x0000000086600000|  0%| F|  |TAMS 0x0000000086500000, 0x0000000086500000| Untracked 
| 102|0x0000000086600000, 0x0000000086600000, 0x0000000086700000|  0%| F|  |TAMS 0x0000000086600000, 0x0000000086600000| Untracked 
| 103|0x0000000086700000, 0x0000000086700000, 0x0000000086800000|  0%| F|  |TAMS 0x0000000086700000, 0x0000000086700000| Untracked 
| 104|0x0000000086800000, 0x0000000086800000, 0x0000000086900000|  0%| F|  |TAMS 0x0000000086800000, 0x0000000086800000| Untracked 
| 105|0x0000000086900000, 0x0000000086900000, 0x0000000086a00000|  0%| F|  |TAMS 0x0000000086900000, 0x0000000086900000| Untracked 
| 106|0x0000000086a00000, 0x0000000086a00000, 0x0000000086b00000|  0%| F|  |TAMS 0x0000000086a00000, 0x0000000086a00000| Untracked 
| 107|0x0000000086b00000, 0x0000000086b00000, 0x0000000086c00000|  0%| F|  |TAMS 0x0000000086b00000, 0x0000000086b00000| Untracked 
| 108|0x0000000086c00000, 0x0000000086c00000, 0x0000000086d00000|  0%| F|  |TAMS 0x0000000086c00000, 0x0000000086c00000| Untracked 
| 109|0x0000000086d00000, 0x0000000086d00000, 0x0000000086e00000|  0%| F|  |TAMS 0x0000000086d00000, 0x0000000086d00000| Untracked 
| 110|0x0000000086e00000, 0x0000000086e00000, 0x0000000086f00000|  0%| F|  |TAMS 0x0000000086e00000, 0x0000000086e00000| Untracked 
| 111|0x0000000086f00000, 0x0000000086f00000, 0x0000000087000000|  0%| F|  |TAMS 0x0000000086f00000, 0x0000000086f00000| Untracked 
| 112|0x0000000087000000, 0x0000000087000000, 0x0000000087100000|  0%| F|  |TAMS 0x0000000087000000, 0x0000000087000000| Untracked 
| 113|0x0000000087100000, 0x0000000087100000, 0x0000000087200000|  0%| F|  |TAMS 0x0000000087100000, 0x0000000087100000| Untracked 
| 114|0x0000000087200000, 0x0000000087200000, 0x0000000087300000|  0%| F|  |TAMS 0x0000000087200000, 0x0000000087200000| Untracked 
| 115|0x0000000087300000, 0x0000000087300000, 0x0000000087400000|  0%| F|  |TAMS 0x0000000087300000, 0x0000000087300000| Untracked 
| 116|0x0000000087400000, 0x0000000087400000, 0x0000000087500000|  0%| F|  |TAMS 0x0000000087400000, 0x0000000087400000| Untracked 
| 117|0x0000000087500000, 0x0000000087500000, 0x0000000087600000|  0%| F|  |TAMS 0x0000000087500000, 0x0000000087500000| Untracked 
| 118|0x0000000087600000, 0x0000000087600000, 0x0000000087700000|  0%| F|  |TAMS 0x0000000087600000, 0x0000000087600000| Untracked 
| 119|0x0000000087700000, 0x0000000087700000, 0x0000000087800000|  0%| F|  |TAMS 0x0000000087700000, 0x0000000087700000| Untracked 
| 120|0x0000000087800000, 0x0000000087800000, 0x0000000087900000|  0%| F|  |TAMS 0x0000000087800000, 0x0000000087800000| Untracked 
| 121|0x0000000087900000, 0x0000000087900000, 0x0000000087a00000|  0%| F|  |TAMS 0x0000000087900000, 0x0000000087900000| Untracked 
| 122|0x0000000087a00000, 0x0000000087a00000, 0x0000000087b00000|  0%| F|  |TAMS 0x0000000087a00000, 0x0000000087a00000| Untracked 
| 123|0x0000000087b00000, 0x0000000087b00000, 0x0000000087c00000|  0%| F|  |TAMS 0x0000000087b00000, 0x0000000087b00000| Untracked 
| 124|0x0000000087c00000, 0x0000000087c00000, 0x0000000087d00000|  0%| F|  |TAMS 0x0000000087c00000, 0x0000000087c00000| Untracked 
| 125|0x0000000087d00000, 0x0000000087d00000, 0x0000000087e00000|  0%| F|  |TAMS 0x0000000087d00000, 0x0000000087d00000| Untracked 
| 126|0x0000000087e00000, 0x0000000087e00000, 0x0000000087f00000|  0%| F|  |TAMS 0x0000000087e00000, 0x0000000087e00000| Untracked 
| 127|0x0000000087f00000, 0x0000000087f00000, 0x0000000088000000|  0%| F|  |TAMS 0x0000000087f00000, 0x0000000087f00000| Untracked 
| 128|0x0000000088000000, 0x0000000088000000, 0x0000000088100000|  0%| F|  |TAMS 0x0000000088000000, 0x0000000088000000| Untracked 
| 129|0x0000000088100000, 0x0000000088100000, 0x0000000088200000|  0%| F|  |TAMS 0x0000000088100000, 0x0000000088100000| Untracked 
| 130|0x0000000088200000, 0x0000000088200000, 0x0000000088300000|  0%| F|  |TAMS 0x0000000088200000, 0x0000000088200000| Untracked 
| 131|0x0000000088300000, 0x0000000088300000, 0x0000000088400000|  0%| F|  |TAMS 0x0000000088300000, 0x0000000088300000| Untracked 
| 132|0x0000000088400000, 0x0000000088400000, 0x0000000088500000|  0%| F|  |TAMS 0x0000000088400000, 0x0000000088400000| Untracked 
| 133|0x0000000088500000, 0x0000000088500000, 0x0000000088600000|  0%| F|  |TAMS 0x0000000088500000, 0x0000000088500000| Untracked 
| 134|0x0000000088600000, 0x0000000088600000, 0x0000000088700000|  0%| F|  |TAMS 0x0000000088600000, 0x0000000088600000| Untracked 
| 135|0x0000000088700000, 0x00000000887c26f0, 0x0000000088800000| 75%| S|CS|TAMS 0x0000000088700000, 0x0000000088700000| Complete 
| 136|0x0000000088800000, 0x0000000088900000, 0x0000000088900000|100%| S|CS|TAMS 0x0000000088800000, 0x0000000088800000| Complete 
| 137|0x0000000088900000, 0x0000000088a00000, 0x0000000088a00000|100%| S|CS|TAMS 0x0000000088900000, 0x0000000088900000| Complete 
| 138|0x0000000088a00000, 0x0000000088a00000, 0x0000000088b00000|  0%| F|  |TAMS 0x0000000088a00000, 0x0000000088a00000| Untracked 
| 139|0x0000000088b00000, 0x0000000088b00000, 0x0000000088c00000|  0%| F|  |TAMS 0x0000000088b00000, 0x0000000088b00000| Untracked 
| 140|0x0000000088c00000, 0x0000000088c00000, 0x0000000088d00000|  0%| F|  |TAMS 0x0000000088c00000, 0x0000000088c00000| Untracked 
| 141|0x0000000088d00000, 0x0000000088d00000, 0x0000000088e00000|  0%| F|  |TAMS 0x0000000088d00000, 0x0000000088d00000| Untracked 
| 142|0x0000000088e00000, 0x0000000088e00000, 0x0000000088f00000|  0%| F|  |TAMS 0x0000000088e00000, 0x0000000088e00000| Untracked 
| 143|0x0000000088f00000, 0x0000000089000000, 0x0000000089000000|100%| S|CS|TAMS 0x0000000088f00000, 0x0000000088f00000| Complete 
| 144|0x0000000089000000, 0x0000000089100000, 0x0000000089100000|100%| S|CS|TAMS 0x0000000089000000, 0x0000000089000000| Complete 
| 145|0x0000000089100000, 0x0000000089200000, 0x0000000089200000|100%| S|CS|TAMS 0x0000000089100000, 0x0000000089100000| Complete 
| 146|0x0000000089200000, 0x0000000089300000, 0x0000000089300000|100%| S|CS|TAMS 0x0000000089200000, 0x0000000089200000| Complete 
| 147|0x0000000089300000, 0x0000000089400000, 0x0000000089400000|100%| S|CS|TAMS 0x0000000089300000, 0x0000000089300000| Complete 
| 148|0x0000000089400000, 0x0000000089500000, 0x0000000089500000|100%| S|CS|TAMS 0x0000000089400000, 0x0000000089400000| Complete 
| 149|0x0000000089500000, 0x0000000089600000, 0x0000000089600000|100%| S|CS|TAMS 0x0000000089500000, 0x0000000089500000| Complete 
| 150|0x0000000089600000, 0x0000000089700000, 0x0000000089700000|100%| S|CS|TAMS 0x0000000089600000, 0x0000000089600000| Complete 
| 151|0x0000000089700000, 0x0000000089800000, 0x0000000089800000|100%| S|CS|TAMS 0x0000000089700000, 0x0000000089700000| Complete 
| 152|0x0000000089800000, 0x0000000089800000, 0x0000000089900000|  0%| F|  |TAMS 0x0000000089800000, 0x0000000089800000| Untracked 
| 153|0x0000000089900000, 0x0000000089900000, 0x0000000089a00000|  0%| F|  |TAMS 0x0000000089900000, 0x0000000089900000| Untracked 
| 154|0x0000000089a00000, 0x0000000089a00000, 0x0000000089b00000|  0%| F|  |TAMS 0x0000000089a00000, 0x0000000089a00000| Untracked 
| 155|0x0000000089b00000, 0x0000000089b00000, 0x0000000089c00000|  0%| F|  |TAMS 0x0000000089b00000, 0x0000000089b00000| Untracked 
| 156|0x0000000089c00000, 0x0000000089c00000, 0x0000000089d00000|  0%| F|  |TAMS 0x0000000089c00000, 0x0000000089c00000| Untracked 
| 157|0x0000000089d00000, 0x0000000089d00000, 0x0000000089e00000|  0%| F|  |TAMS 0x0000000089d00000, 0x0000000089d00000| Untracked 
| 158|0x0000000089e00000, 0x0000000089e00000, 0x0000000089f00000|  0%| F|  |TAMS 0x0000000089e00000, 0x0000000089e00000| Untracked 
| 159|0x0000000089f00000, 0x0000000089f00000, 0x000000008a000000|  0%| F|  |TAMS 0x0000000089f00000, 0x0000000089f00000| Untracked 
| 160|0x000000008a000000, 0x000000008a000000, 0x000000008a100000|  0%| F|  |TAMS 0x000000008a000000, 0x000000008a000000| Untracked 
| 161|0x000000008a100000, 0x000000008a100000, 0x000000008a200000|  0%| F|  |TAMS 0x000000008a100000, 0x000000008a100000| Untracked 
| 162|0x000000008a200000, 0x000000008a200000, 0x000000008a300000|  0%| F|  |TAMS 0x000000008a200000, 0x000000008a200000| Untracked 
| 163|0x000000008a300000, 0x000000008a300000, 0x000000008a400000|  0%| F|  |TAMS 0x000000008a300000, 0x000000008a300000| Untracked 
| 164|0x000000008a400000, 0x000000008a400000, 0x000000008a500000|  0%| F|  |TAMS 0x000000008a400000, 0x000000008a400000| Untracked 
| 165|0x000000008a500000, 0x000000008a500000, 0x000000008a600000|  0%| F|  |TAMS 0x000000008a500000, 0x000000008a500000| Untracked 
| 166|0x000000008a600000, 0x000000008a600000, 0x000000008a700000|  0%| F|  |TAMS 0x000000008a600000, 0x000000008a600000| Untracked 
| 167|0x000000008a700000, 0x000000008a700000, 0x000000008a800000|  0%| F|  |TAMS 0x000000008a700000, 0x000000008a700000| Untracked 
| 168|0x000000008a800000, 0x000000008a800000, 0x000000008a900000|  0%| F|  |TAMS 0x000000008a800000, 0x000000008a800000| Untracked 
| 169|0x000000008a900000, 0x000000008a900000, 0x000000008aa00000|  0%| F|  |TAMS 0x000000008a900000, 0x000000008a900000| Untracked 
| 170|0x000000008aa00000, 0x000000008aa00000, 0x000000008ab00000|  0%| F|  |TAMS 0x000000008aa00000, 0x000000008aa00000| Untracked 
| 171|0x000000008ab00000, 0x000000008ab00000, 0x000000008ac00000|  0%| F|  |TAMS 0x000000008ab00000, 0x000000008ab00000| Untracked 
| 172|0x000000008ac00000, 0x000000008ac00000, 0x000000008ad00000|  0%| F|  |TAMS 0x000000008ac00000, 0x000000008ac00000| Untracked 
| 173|0x000000008ad00000, 0x000000008ad00000, 0x000000008ae00000|  0%| F|  |TAMS 0x000000008ad00000, 0x000000008ad00000| Untracked 
| 174|0x000000008ae00000, 0x000000008ae00000, 0x000000008af00000|  0%| F|  |TAMS 0x000000008ae00000, 0x000000008ae00000| Untracked 
| 175|0x000000008af00000, 0x000000008af00000, 0x000000008b000000|  0%| F|  |TAMS 0x000000008af00000, 0x000000008af00000| Untracked 
| 176|0x000000008b000000, 0x000000008b000000, 0x000000008b100000|  0%| F|  |TAMS 0x000000008b000000, 0x000000008b000000| Untracked 
| 177|0x000000008b100000, 0x000000008b100000, 0x000000008b200000|  0%| F|  |TAMS 0x000000008b100000, 0x000000008b100000| Untracked 
| 178|0x000000008b200000, 0x000000008b200000, 0x000000008b300000|  0%| F|  |TAMS 0x000000008b200000, 0x000000008b200000| Untracked 
| 179|0x000000008b300000, 0x000000008b300000, 0x000000008b400000|  0%| F|  |TAMS 0x000000008b300000, 0x000000008b300000| Untracked 
| 180|0x000000008b400000, 0x000000008b400000, 0x000000008b500000|  0%| F|  |TAMS 0x000000008b400000, 0x000000008b400000| Untracked 
| 181|0x000000008b500000, 0x000000008b500000, 0x000000008b600000|  0%| F|  |TAMS 0x000000008b500000, 0x000000008b500000| Untracked 
| 182|0x000000008b600000, 0x000000008b600000, 0x000000008b700000|  0%| F|  |TAMS 0x000000008b600000, 0x000000008b600000| Untracked 
| 183|0x000000008b700000, 0x000000008b700000, 0x000000008b800000|  0%| F|  |TAMS 0x000000008b700000, 0x000000008b700000| Untracked 
| 184|0x000000008b800000, 0x000000008b800000, 0x000000008b900000|  0%| F|  |TAMS 0x000000008b800000, 0x000000008b800000| Untracked 
| 185|0x000000008b900000, 0x000000008b900000, 0x000000008ba00000|  0%| F|  |TAMS 0x000000008b900000, 0x000000008b900000| Untracked 
| 186|0x000000008ba00000, 0x000000008ba00000, 0x000000008bb00000|  0%| F|  |TAMS 0x000000008ba00000, 0x000000008ba00000| Untracked 
| 187|0x000000008bb00000, 0x000000008bb00000, 0x000000008bc00000|  0%| F|  |TAMS 0x000000008bb00000, 0x000000008bb00000| Untracked 
| 188|0x000000008bc00000, 0x000000008bc00000, 0x000000008bd00000|  0%| F|  |TAMS 0x000000008bc00000, 0x000000008bc00000| Untracked 
| 189|0x000000008bd00000, 0x000000008bd00000, 0x000000008be00000|  0%| F|  |TAMS 0x000000008bd00000, 0x000000008bd00000| Untracked 
| 190|0x000000008be00000, 0x000000008be00000, 0x000000008bf00000|  0%| F|  |TAMS 0x000000008be00000, 0x000000008be00000| Untracked 
| 191|0x000000008bf00000, 0x000000008bf00000, 0x000000008c000000|  0%| F|  |TAMS 0x000000008bf00000, 0x000000008bf00000| Untracked 
| 192|0x000000008c000000, 0x000000008c000000, 0x000000008c100000|  0%| F|  |TAMS 0x000000008c000000, 0x000000008c000000| Untracked 
| 193|0x000000008c100000, 0x000000008c100000, 0x000000008c200000|  0%| F|  |TAMS 0x000000008c100000, 0x000000008c100000| Untracked 
| 194|0x000000008c200000, 0x000000008c200000, 0x000000008c300000|  0%| F|  |TAMS 0x000000008c200000, 0x000000008c200000| Untracked 
| 195|0x000000008c300000, 0x000000008c300000, 0x000000008c400000|  0%| F|  |TAMS 0x000000008c300000, 0x000000008c300000| Untracked 
| 196|0x000000008c400000, 0x000000008c400000, 0x000000008c500000|  0%| F|  |TAMS 0x000000008c400000, 0x000000008c400000| Untracked 
| 197|0x000000008c500000, 0x000000008c500000, 0x000000008c600000|  0%| F|  |TAMS 0x000000008c500000, 0x000000008c500000| Untracked 
| 198|0x000000008c600000, 0x000000008c600000, 0x000000008c700000|  0%| F|  |TAMS 0x000000008c600000, 0x000000008c600000| Untracked 
| 199|0x000000008c700000, 0x000000008c700000, 0x000000008c800000|  0%| F|  |TAMS 0x000000008c700000, 0x000000008c700000| Untracked 
| 200|0x000000008c800000, 0x000000008c800000, 0x000000008c900000|  0%| F|  |TAMS 0x000000008c800000, 0x000000008c800000| Untracked 
| 201|0x000000008c900000, 0x000000008c900000, 0x000000008ca00000|  0%| F|  |TAMS 0x000000008c900000, 0x000000008c900000| Untracked 
| 202|0x000000008ca00000, 0x000000008ca00000, 0x000000008cb00000|  0%| F|  |TAMS 0x000000008ca00000, 0x000000008ca00000| Untracked 
| 203|0x000000008cb00000, 0x000000008cb00000, 0x000000008cc00000|  0%| F|  |TAMS 0x000000008cb00000, 0x000000008cb00000| Untracked 
| 204|0x000000008cc00000, 0x000000008cc00000, 0x000000008cd00000|  0%| F|  |TAMS 0x000000008cc00000, 0x000000008cc00000| Untracked 
| 205|0x000000008cd00000, 0x000000008cd00000, 0x000000008ce00000|  0%| F|  |TAMS 0x000000008cd00000, 0x000000008cd00000| Untracked 
| 206|0x000000008ce00000, 0x000000008ce00000, 0x000000008cf00000|  0%| F|  |TAMS 0x000000008ce00000, 0x000000008ce00000| Untracked 
| 207|0x000000008cf00000, 0x000000008cf80800, 0x000000008d000000| 50%| E|  |TAMS 0x000000008cf00000, 0x000000008cf00000| Complete 
| 208|0x000000008d000000, 0x000000008d100000, 0x000000008d100000|100%| E|CS|TAMS 0x000000008d000000, 0x000000008d000000| Complete 
| 209|0x000000008d100000, 0x000000008d200000, 0x000000008d200000|100%| E|CS|TAMS 0x000000008d100000, 0x000000008d100000| Complete 
| 210|0x000000008d200000, 0x000000008d300000, 0x000000008d300000|100%| E|CS|TAMS 0x000000008d200000, 0x000000008d200000| Complete 
| 211|0x000000008d300000, 0x000000008d400000, 0x000000008d400000|100%| E|CS|TAMS 0x000000008d300000, 0x000000008d300000| Complete 
| 212|0x000000008d400000, 0x000000008d500000, 0x000000008d500000|100%| E|CS|TAMS 0x000000008d400000, 0x000000008d400000| Complete 
| 213|0x000000008d500000, 0x000000008d600000, 0x000000008d600000|100%| E|CS|TAMS 0x000000008d500000, 0x000000008d500000| Complete 
| 214|0x000000008d600000, 0x000000008d700000, 0x000000008d700000|100%| E|CS|TAMS 0x000000008d600000, 0x000000008d600000| Complete 
| 215|0x000000008d700000, 0x000000008d800000, 0x000000008d800000|100%| E|CS|TAMS 0x000000008d700000, 0x000000008d700000| Complete 
| 216|0x000000008d800000, 0x000000008d900000, 0x000000008d900000|100%| E|CS|TAMS 0x000000008d800000, 0x000000008d800000| Complete 
| 217|0x000000008d900000, 0x000000008da00000, 0x000000008da00000|100%| E|CS|TAMS 0x000000008d900000, 0x000000008d900000| Complete 
| 218|0x000000008da00000, 0x000000008db00000, 0x000000008db00000|100%| E|CS|TAMS 0x000000008da00000, 0x000000008da00000| Complete 
| 219|0x000000008db00000, 0x000000008dc00000, 0x000000008dc00000|100%| E|CS|TAMS 0x000000008db00000, 0x000000008db00000| Complete 
| 220|0x000000008dc00000, 0x000000008dd00000, 0x000000008dd00000|100%| E|CS|TAMS 0x000000008dc00000, 0x000000008dc00000| Complete 
| 221|0x000000008dd00000, 0x000000008de00000, 0x000000008de00000|100%| E|CS|TAMS 0x000000008dd00000, 0x000000008dd00000| Complete 
| 222|0x000000008de00000, 0x000000008df00000, 0x000000008df00000|100%| E|CS|TAMS 0x000000008de00000, 0x000000008de00000| Complete 
| 223|0x000000008df00000, 0x000000008e000000, 0x000000008e000000|100%| E|CS|TAMS 0x000000008df00000, 0x000000008df00000| Complete 
| 224|0x000000008e000000, 0x000000008e100000, 0x000000008e100000|100%| E|CS|TAMS 0x000000008e000000, 0x000000008e000000| Complete 
| 225|0x000000008e100000, 0x000000008e200000, 0x000000008e200000|100%| E|CS|TAMS 0x000000008e100000, 0x000000008e100000| Complete 
| 226|0x000000008e200000, 0x000000008e300000, 0x000000008e300000|100%| E|CS|TAMS 0x000000008e200000, 0x000000008e200000| Complete 
| 227|0x000000008e300000, 0x000000008e400000, 0x000000008e400000|100%| E|CS|TAMS 0x000000008e300000, 0x000000008e300000| Complete 
| 228|0x000000008e400000, 0x000000008e500000, 0x000000008e500000|100%| E|CS|TAMS 0x000000008e400000, 0x000000008e400000| Complete 
| 229|0x000000008e500000, 0x000000008e600000, 0x000000008e600000|100%| E|CS|TAMS 0x000000008e500000, 0x000000008e500000| Complete 
| 230|0x000000008e600000, 0x000000008e700000, 0x000000008e700000|100%| E|CS|TAMS 0x000000008e600000, 0x000000008e600000| Complete 
| 231|0x000000008e700000, 0x000000008e800000, 0x000000008e800000|100%| E|CS|TAMS 0x000000008e700000, 0x000000008e700000| Complete 
| 232|0x000000008e800000, 0x000000008e900000, 0x000000008e900000|100%| E|CS|TAMS 0x000000008e800000, 0x000000008e800000| Complete 
| 233|0x000000008e900000, 0x000000008ea00000, 0x000000008ea00000|100%| E|CS|TAMS 0x000000008e900000, 0x000000008e900000| Complete 
| 234|0x000000008ea00000, 0x000000008eb00000, 0x000000008eb00000|100%| E|CS|TAMS 0x000000008ea00000, 0x000000008ea00000| Complete 
| 235|0x000000008eb00000, 0x000000008ec00000, 0x000000008ec00000|100%| E|CS|TAMS 0x000000008eb00000, 0x000000008eb00000| Complete 
| 236|0x000000008ec00000, 0x000000008ed00000, 0x000000008ed00000|100%| E|CS|TAMS 0x000000008ec00000, 0x000000008ec00000| Complete 
| 237|0x000000008ed00000, 0x000000008ee00000, 0x000000008ee00000|100%| E|CS|TAMS 0x000000008ed00000, 0x000000008ed00000| Complete 
| 238|0x000000008ee00000, 0x000000008ef00000, 0x000000008ef00000|100%| E|CS|TAMS 0x000000008ee00000, 0x000000008ee00000| Complete 
| 239|0x000000008ef00000, 0x000000008f000000, 0x000000008f000000|100%| E|CS|TAMS 0x000000008ef00000, 0x000000008ef00000| Complete 
| 240|0x000000008f000000, 0x000000008f100000, 0x000000008f100000|100%| E|CS|TAMS 0x000000008f000000, 0x000000008f000000| Complete 
| 241|0x000000008f100000, 0x000000008f200000, 0x000000008f200000|100%| E|CS|TAMS 0x000000008f100000, 0x000000008f100000| Complete 
| 242|0x000000008f200000, 0x000000008f300000, 0x000000008f300000|100%| E|CS|TAMS 0x000000008f200000, 0x000000008f200000| Complete 
| 243|0x000000008f300000, 0x000000008f400000, 0x000000008f400000|100%| E|CS|TAMS 0x000000008f300000, 0x000000008f300000| Complete 
| 244|0x000000008f400000, 0x000000008f500000, 0x000000008f500000|100%| E|CS|TAMS 0x000000008f400000, 0x000000008f400000| Complete 
| 245|0x000000008f500000, 0x000000008f600000, 0x000000008f600000|100%| E|CS|TAMS 0x000000008f500000, 0x000000008f500000| Complete 
| 246|0x000000008f600000, 0x000000008f700000, 0x000000008f700000|100%| E|CS|TAMS 0x000000008f600000, 0x000000008f600000| Complete 
| 247|0x000000008f700000, 0x000000008f800000, 0x000000008f800000|100%| E|CS|TAMS 0x000000008f700000, 0x000000008f700000| Complete 

Card table byte_map: [0x0000022296bd0000,0x0000022296fd0000] _byte_map_base: 0x00000222967d0000

Marking Bits (Prev, Next): (CMBitMap*) 0x00000222832adfd8, (CMBitMap*) 0x00000222832ae010
 Prev Bits: [0x00000222973d0000, 0x00000222993d0000)
 Next Bits: [0x00000222993d0000, 0x000002229b3d0000)

Polling page: 0x0000022281930000

Metaspace:

Usage:
  Non-class:     76.48 MB capacity,    75.02 MB ( 98%) used,     1.24 MB (  2%) free+waste,   225.06 KB ( <1%) overhead. 
      Class:     11.79 MB capacity,    11.05 MB ( 94%) used,   663.40 KB (  5%) free+waste,   103.81 KB ( <1%) overhead. 
       Both:     88.27 MB capacity,    86.07 MB ( 98%) used,     1.88 MB (  2%) free+waste,   328.88 KB ( <1%) overhead. 

Virtual space:
  Non-class space:       78.00 MB reserved,      76.50 MB ( 98%) committed 
      Class space:        1.00 GB reserved,      11.88 MB (  1%) committed 
             Both:        1.08 GB reserved,      88.38 MB (  8%) committed 

Chunk freelists:
   Non-Class:  23.00 KB
       Class:  18.00 KB
        Both:  41.00 KB

MaxMetaspaceSize: 17179869184.00 GB
CompressedClassSpaceSize: 1.00 GB

CodeHeap 'non-profiled nmethods': size=120000Kb used=5843Kb max_used=5843Kb free=114156Kb
 bounds [0x000002228e830000, 0x000002228edf0000, 0x0000022295d60000]
CodeHeap 'profiled nmethods': size=120000Kb used=19041Kb max_used=19041Kb free=100958Kb
 bounds [0x0000022287300000, 0x00000222885a0000, 0x000002228e830000]
CodeHeap 'non-nmethods': size=5760Kb used=2307Kb max_used=2357Kb free=3452Kb
 bounds [0x0000022286d60000, 0x0000022286fd0000, 0x0000022287300000]
 total_blobs=9429 nmethods=8536 adapters=802
 compilation: enabled
              stopped_count=0, restarted_count=0
 full_count=0

Compilation events (20 events):
Event: 73.090 Thread 0x000002229e783000 8524       3       org.gradle.internal.typeconversion.TypedNotationConverter::<init> (30 bytes)
Event: 73.090 Thread 0x000002229e783000 nmethod 8524 0x000002228857b390 code [0x000002228857b540, 0x000002228857b6f8]
Event: 73.094 Thread 0x000002229e783000 8525       3       org.gradle.api.internal.collections.AbstractIterationOrderRetainingElementSource::isEmpty (10 bytes)
Event: 73.094 Thread 0x000002229e783000 nmethod 8525 0x000002228857b790 code [0x000002228857b940, 0x000002228857bb08]
Event: 73.097 Thread 0x000002229e783000 8526       3       org.gradle.api.internal.DefaultDomainObjectSet_Decorated::isEmpty (45 bytes)
Event: 73.098 Thread 0x000002229e783000 nmethod 8526 0x000002228857bc10 code [0x000002228857bea0, 0x000002228857c928]
Event: 73.098 Thread 0x000002229e783000 8529       3       org.gradle.internal.typeconversion.NotationParserBuilder::<init> (31 bytes)
Event: 73.099 Thread 0x000002229e783000 nmethod 8529 0x000002228857cc90 code [0x000002228857ce80, 0x000002228857d338]
Event: 73.099 Thread 0x000002229e783000 8528       3       org.gradle.api.internal.artifacts.configurations.DefaultConfiguration_Decorated::getOutgoing (40 bytes)
Event: 73.099 Thread 0x000002229e783000 nmethod 8528 0x000002228857d510 code [0x000002228857d740, 0x000002228857de88]
Event: 73.099 Thread 0x000002229e783000 8530       3       org.gradle.internal.typeconversion.NotationParserBuilder::toComposite (9 bytes)
Event: 73.099 Thread 0x000002229e783000 nmethod 8530 0x000002228857e090 code [0x000002228857e260, 0x000002228857e3d8]
Event: 73.099 Thread 0x000002229e783000 8531       3       org.gradle.internal.typeconversion.NotationParserBuilder::toType (18 bytes)
Event: 73.100 Thread 0x000002229e783000 nmethod 8531 0x000002228857e490 code [0x000002228857e6a0, 0x000002228857edf8]
Event: 73.100 Thread 0x000002229e783000 8527       3       org.gradle.api.internal.artifacts.configurations.DefaultConfiguration_Decorated::isCanBeResolved (45 bytes)
Event: 73.101 Thread 0x000002229e783000 nmethod 8527 0x000002228857f090 code [0x000002228857f2c0, 0x000002228857fac8]
Event: 73.101 Thread 0x000002229e783000 8532       1       org.gradle.internal.component.local.model.DefaultLocalComponentMetadata::getId (5 bytes)
Event: 73.102 Thread 0x000002229e783000 nmethod 8532 0x000002228edd6b10 code [0x000002228edd6cc0, 0x000002228edd6d78]
Event: 73.102 Thread 0x000002229e783000 8533       3       com.google.common.base.Joiner::toString (24 bytes)
Event: 73.102 Thread 0x000002229e783000 nmethod 8533 0x000002228857fd90 code [0x000002228857ff80, 0x00000222885804f8]

GC Heap History (20 events):
Event: 1.314 GC heap before
{Heap before GC invocations=0 (full 0):
 garbage-first heap   total 253952K, used 29696K [0x0000000080000000, 0x0000000100000000)
  region size 1024K, 24 young (24576K), 0 survivors (0K)
 Metaspace       used 10220K, capacity 10493K, committed 10624K, reserved 1058816K
  class space    used 1064K, capacity 1139K, committed 1152K, reserved 1048576K
}
Event: 1.320 GC heap after
{Heap after GC invocations=1 (full 0):
 garbage-first heap   total 253952K, used 9240K [0x0000000080000000, 0x0000000100000000)
  region size 1024K, 3 young (3072K), 3 survivors (3072K)
 Metaspace       used 10220K, capacity 10493K, committed 10624K, reserved 1058816K
  class space    used 1064K, capacity 1139K, committed 1152K, reserved 1048576K
}
Event: 7.932 GC heap before
{Heap before GC invocations=1 (full 0):
 garbage-first heap   total 253952K, used 105496K [0x0000000080000000, 0x0000000100000000)
  region size 1024K, 98 young (100352K), 3 survivors (3072K)
 Metaspace       used 20521K, capacity 21089K, committed 21248K, reserved 1067008K
  class space    used 2504K, capacity 2695K, committed 2816K, reserved 1048576K
}
Event: 7.954 GC heap after
{Heap after GC invocations=2 (full 0):
 garbage-first heap   total 253952K, used 16451K [0x0000000080000000, 0x0000000100000000)
  region size 1024K, 11 young (11264K), 11 survivors (11264K)
 Metaspace       used 20521K, capacity 21089K, committed 21248K, reserved 1067008K
  class space    used 2504K, capacity 2695K, committed 2816K, reserved 1048576K
}
Event: 9.753 GC heap before
{Heap before GC invocations=3 (full 0):
 garbage-first heap   total 253952K, used 89155K [0x0000000080000000, 0x0000000100000000)
  region size 1024K, 72 young (73728K), 11 survivors (11264K)
 Metaspace       used 26701K, capacity 27461K, committed 27648K, reserved 1073152K
  class space    used 3514K, capacity 3805K, committed 3840K, reserved 1048576K
}
Event: 9.765 GC heap after
{Heap after GC invocations=4 (full 0):
 garbage-first heap   total 253952K, used 31392K [0x0000000080000000, 0x0000000100000000)
  region size 1024K, 5 young (5120K), 5 survivors (5120K)
 Metaspace       used 26701K, capacity 27461K, committed 27648K, reserved 1073152K
  class space    used 3514K, capacity 3805K, committed 3840K, reserved 1048576K
}
Event: 11.664 GC heap before
{Heap before GC invocations=4 (full 0):
 garbage-first heap   total 253952K, used 87712K [0x0000000080000000, 0x0000000100000000)
  region size 1024K, 61 young (62464K), 5 survivors (5120K)
 Metaspace       used 34854K, capacity 35714K, committed 35840K, reserved 1081344K
  class space    used 4550K, capacity 4897K, committed 4992K, reserved 1048576K
}
Event: 11.684 GC heap after
{Heap after GC invocations=5 (full 0):
 garbage-first heap   total 253952K, used 34137K [0x0000000080000000, 0x0000000100000000)
  region size 1024K, 8 young (8192K), 8 survivors (8192K)
 Metaspace       used 34854K, capacity 35714K, committed 35840K, reserved 1081344K
  class space    used 4550K, capacity 4897K, committed 4992K, reserved 1048576K
}
Event: 15.854 GC heap before
{Heap before GC invocations=6 (full 0):
 garbage-first heap   total 253952K, used 154969K [0x0000000080000000, 0x0000000100000000)
  region size 1024K, 115 young (117760K), 8 survivors (8192K)
 Metaspace       used 44511K, capacity 45718K, committed 45824K, reserved 1089536K
  class space    used 5597K, capacity 6047K, committed 6144K, reserved 1048576K
}
Event: 15.871 GC heap after
{Heap after GC invocations=7 (full 0):
 garbage-first heap   total 253952K, used 51027K [0x0000000080000000, 0x0000000100000000)
  region size 1024K, 15 young (15360K), 15 survivors (15360K)
 Metaspace       used 44511K, capacity 45718K, committed 45824K, reserved 1089536K
  class space    used 5597K, capacity 6047K, committed 6144K, reserved 1048576K
}
Event: 57.217 GC heap before
{Heap before GC invocations=7 (full 0):
 garbage-first heap   total 253952K, used 175955K [0x0000000080000000, 0x0000000100000000)
  region size 1024K, 130 young (133120K), 15 survivors (15360K)
 Metaspace       used 50284K, capacity 51829K, committed 52096K, reserved 1093632K
  class space    used 6425K, capacity 6914K, committed 7040K, reserved 1048576K
}
Event: 57.237 GC heap after
{Heap after GC invocations=8 (full 0):
 garbage-first heap   total 253952K, used 70896K [0x0000000080000000, 0x0000000100000000)
  region size 1024K, 17 young (17408K), 17 survivors (17408K)
 Metaspace       used 50284K, capacity 51829K, committed 52096K, reserved 1093632K
  class space    used 6425K, capacity 6914K, committed 7040K, reserved 1048576K
}
Event: 59.113 GC heap before
{Heap before GC invocations=8 (full 0):
 garbage-first heap   total 253952K, used 130288K [0x0000000080000000, 0x0000000100000000)
  region size 1024K, 76 young (77824K), 17 survivors (17408K)
 Metaspace       used 58462K, capacity 60046K, committed 60160K, reserved 1101824K
  class space    used 7438K, capacity 7986K, committed 8064K, reserved 1048576K
}
Event: 59.149 GC heap after
{Heap after GC invocations=9 (full 0):
 garbage-first heap   total 253952K, used 74617K [0x0000000080000000, 0x0000000100000000)
  region size 1024K, 3 young (3072K), 3 survivors (3072K)
 Metaspace       used 58462K, capacity 60046K, committed 60160K, reserved 1101824K
  class space    used 7438K, capacity 7986K, committed 8064K, reserved 1048576K
}
Event: 63.628 GC heap before
{Heap before GC invocations=10 (full 0):
 garbage-first heap   total 253952K, used 168825K [0x0000000080000000, 0x0000000100000000)
  region size 1024K, 95 young (97280K), 3 survivors (3072K)
 Metaspace       used 67406K, capacity 69149K, committed 69376K, reserved 1110016K
  class space    used 8559K, capacity 9172K, committed 9216K, reserved 1048576K
}
Event: 63.651 GC heap after
{Heap after GC invocations=11 (full 0):
 garbage-first heap   total 253952K, used 80988K [0x0000000080000000, 0x0000000100000000)
  region size 1024K, 10 young (10240K), 10 survivors (10240K)
 Metaspace       used 67406K, capacity 69149K, committed 69376K, reserved 1110016K
  class space    used 8559K, capacity 9172K, committed 9216K, reserved 1048576K
}
Event: 67.586 GC heap before
{Heap before GC invocations=12 (full 0):
 garbage-first heap   total 253952K, used 176220K [0x0000000080000000, 0x0000000100000000)
  region size 1024K, 103 young (105472K), 10 survivors (10240K)
 Metaspace       used 75723K, capacity 77656K, committed 77824K, reserved 1116160K
  class space    used 9810K, capacity 10466K, committed 10496K, reserved 1048576K
}
Event: 67.602 GC heap after
{Heap after GC invocations=13 (full 0):
 garbage-first heap   total 253952K, used 87184K [0x0000000080000000, 0x0000000100000000)
  region size 1024K, 7 young (7168K), 7 survivors (7168K)
 Metaspace       used 75723K, capacity 77656K, committed 77824K, reserved 1116160K
  class space    used 9810K, capacity 10466K, committed 10496K, reserved 1048576K
}
Event: 71.023 GC heap before
{Heap before GC invocations=13 (full 0):
 garbage-first heap   total 253952K, used 183440K [0x0000000080000000, 0x0000000100000000)
  region size 1024K, 101 young (103424K), 7 survivors (7168K)
 Metaspace       used 83291K, capacity 85376K, committed 85504K, reserved 1124352K
  class space    used 10741K, capacity 11484K, committed 11520K, reserved 1048576K
}
Event: 71.034 GC heap after
{Heap after GC invocations=14 (full 0):
 garbage-first heap   total 253952K, used 92688K [0x0000000080000000, 0x0000000100000000)
  region size 1024K, 12 young (12288K), 12 survivors (12288K)
 Metaspace       used 83291K, capacity 85376K, committed 85504K, reserved 1124352K
  class space    used 10741K, capacity 11484K, committed 11520K, reserved 1048576K
}

Deoptimization events (20 events):
Event: 71.504 Thread 0x00000222a02b4800 Uncommon trap: trap_request=0xffffff4d fr.pc=0x000002228ebd74cc relative=0x000000000000026c
Event: 71.504 Thread 0x00000222a02b4800 Uncommon trap: reason=unstable_if action=reinterpret pc=0x000002228ebd74cc method=java.lang.CharacterDataLatin1.digit(II)I @ 12 c2
Event: 71.504 Thread 0x00000222a02b4800 DEOPT PACKING pc=0x000002228ebd74cc sp=0x00000060008f8ad0
Event: 71.504 Thread 0x00000222a02b4800 DEOPT UNPACKING pc=0x0000022286d878af sp=0x00000060008f88f0 mode 2
Event: 72.514 Thread 0x00000222a02b4800 DEOPT PACKING pc=0x0000022288449b3b sp=0x00000060008f4870
Event: 72.514 Thread 0x00000222a02b4800 DEOPT UNPACKING pc=0x0000022286d876ce sp=0x00000060008f3db0 mode 0
Event: 72.568 Thread 0x00000222a02b4800 DEOPT PACKING pc=0x0000022287b9dc44 sp=0x00000060008f4560
Event: 72.568 Thread 0x00000222a02b4800 DEOPT UNPACKING pc=0x0000022286d876ce sp=0x00000060008f3998 mode 0
Event: 72.568 Thread 0x00000222a02b4800 DEOPT PACKING pc=0x0000022287b9dd4c sp=0x00000060008f45d0
Event: 72.568 Thread 0x00000222a02b4800 DEOPT UNPACKING pc=0x0000022286d876ce sp=0x00000060008f3a70 mode 0
Event: 72.568 Thread 0x00000222a02b4800 DEOPT PACKING pc=0x0000022287e82f7c sp=0x00000060008f4640
Event: 72.568 Thread 0x00000222a02b4800 DEOPT UNPACKING pc=0x0000022286d876ce sp=0x00000060008f3a40 mode 0
Event: 72.568 Thread 0x00000222a02b4800 Uncommon trap: trap_request=0xfffffff4 fr.pc=0x000002228edb6bfc relative=0x000000000000219c
Event: 72.568 Thread 0x00000222a02b4800 Uncommon trap: reason=null_check action=make_not_entrant pc=0x000002228edb6bfc method=sun.reflect.generics.visitor.Reifier.reifyTypeArguments([Lsun/reflect/generics/tree/TypeArgument;)[Ljava/lang/reflect/Type; @ 29 c2
Event: 72.568 Thread 0x00000222a02b4800 DEOPT PACKING pc=0x000002228edb6bfc sp=0x00000060008f46c0
Event: 72.568 Thread 0x00000222a02b4800 DEOPT UNPACKING pc=0x0000022286d878af sp=0x00000060008f4608 mode 2
Event: 72.667 Thread 0x00000222a02b4800 DEOPT PACKING pc=0x000002228806b827 sp=0x00000060008f44f0
Event: 72.667 Thread 0x00000222a02b4800 DEOPT UNPACKING pc=0x0000022286d876ce sp=0x00000060008f39a0 mode 0
Event: 72.934 Thread 0x00000222a02b4800 DEOPT PACKING pc=0x000002228812293a sp=0x00000060008f44e0
Event: 72.934 Thread 0x00000222a02b4800 DEOPT UNPACKING pc=0x0000022286d876ce sp=0x00000060008f3a28 mode 0

Classes redefined (0 events):
No events

Internal exceptions (20 events):
Event: 69.156 Thread 0x00000222a02b4800 Exception <a 'java/lang/ClassNotFoundException'{0x000000008c787b90}: org/gradle/api/tasks/testing/TestBeanInfo> (0x000000008c787b90) thrown at [./src/hotspot/share/classfile/systemDictionary.cpp, line 231]
Event: 69.160 Thread 0x00000222a02b4800 Exception <a 'java/lang/ClassNotFoundException'{0x000000008c7a9d48}: org/gradle/api/tasks/testing/AbstractTestTaskBeanInfo> (0x000000008c7a9d48) thrown at [./src/hotspot/share/classfile/systemDictionary.cpp, line 231]
Event: 69.168 Thread 0x00000222a02b4800 Exception <a 'java/lang/ClassNotFoundException'{0x000000008c7cc300}: org/gradle/api/tasks/testing/AbstractTestTaskCustomizer> (0x000000008c7cc300) thrown at [./src/hotspot/share/classfile/systemDictionary.cpp, line 231]
Event: 69.173 Thread 0x00000222a02b4800 Exception <a 'java/lang/ClassNotFoundException'{0x000000008c60a3d8}: org/gradle/api/tasks/testing/TestCustomizer> (0x000000008c60a3d8) thrown at [./src/hotspot/share/classfile/systemDictionary.cpp, line 231]
Event: 69.205 Thread 0x00000222a02b4800 Exception <a 'java/lang/ClassNotFoundException'{0x000000008c6c8f58}: com/android/build/gradle/tasks/factory/AndroidUnitTestCustomizer> (0x000000008c6c8f58) thrown at [./src/hotspot/share/classfile/systemDictionary.cpp, line 231]
Event: 69.207 Thread 0x00000222a02b4800 Exception <a 'java/lang/ClassNotFoundException'{0x000000008c6ffd00}: com/android/build/gradle/tasks/factory/AndroidUnitTest_DecoratedCustomizer> (0x000000008c6ffd00) thrown at [./src/hotspot/share/classfile/systemDictionary.cpp, line 231]
Event: 69.540 Thread 0x00000222a02b4800 Exception <a 'java/lang/ClassNotFoundException'{0x000000008ba07598}: org/gradle/api/internal/tasks/DefaultSourceSetContainer_DecoratedBeanInfo> (0x000000008ba07598) thrown at [./src/hotspot/share/classfile/systemDictionary.cpp, line 231]
Event: 69.542 Thread 0x00000222a02b4800 Exception <a 'java/lang/ClassNotFoundException'{0x000000008ba2a5d8}: org/gradle/api/internal/tasks/DefaultSourceSetContainerBeanInfo> (0x000000008ba2a5d8) thrown at [./src/hotspot/share/classfile/systemDictionary.cpp, line 231]
Event: 69.542 Thread 0x00000222a02b4800 Exception <a 'java/lang/ClassNotFoundException'{0x000000008ba4d670}: org/gradle/api/internal/tasks/DefaultSourceSetContainerCustomizer> (0x000000008ba4d670) thrown at [./src/hotspot/share/classfile/systemDictionary.cpp, line 231]
Event: 69.545 Thread 0x00000222a02b4800 Exception <a 'java/lang/ClassNotFoundException'{0x000000008ba7f428}: org/gradle/api/internal/tasks/DefaultSourceSetContainer_DecoratedCustomizer> (0x000000008ba7f428) thrown at [./src/hotspot/share/classfile/systemDictionary.cpp, line 231]
Event: 69.963 Thread 0x00000222a02b4800 Exception <a 'sun/nio/fs/WindowsException'{0x000000008afbfd68}> (0x000000008afbfd68) thrown at [./src/hotspot/share/prims/jni.cpp, line 615]
Event: 69.964 Thread 0x00000222a02b4800 Exception <a 'sun/nio/fs/WindowsException'{0x000000008afc0360}> (0x000000008afc0360) thrown at [./src/hotspot/share/prims/jni.cpp, line 615]
Event: 70.502 Thread 0x00000222a02b4800 Exception <a 'java/lang/NullPointerException'{0x000000008a6d2a38}> (0x000000008a6d2a38) thrown at [./src/hotspot/share/interpreter/linkResolver.cpp, line 1440]
Event: 71.267 Thread 0x00000222a02b4800 Exception <a 'java/lang/NoSuchMethodError'{0x000000008f40aee8}: 'int java.lang.invoke.DirectMethodHandle$Holder.invokeStatic(java.lang.Object, java.lang.Object, int, java.lang.Object)'> (0x000000008f40aee8) thrown at [./src/hotspot/share/interpreter/linkResolver.cpp, line 773]
Event: 71.523 Thread 0x00000222a02b4800 Exception <a 'sun/nio/fs/WindowsException'{0x000000008f340b38}> (0x000000008f340b38) thrown at [./src/hotspot/share/prims/jni.cpp, line 615]
Event: 71.523 Thread 0x00000222a02b4800 Exception <a 'sun/nio/fs/WindowsException'{0x000000008f341ec0}> (0x000000008f341ec0) thrown at [./src/hotspot/share/prims/jni.cpp, line 615]
Event: 71.524 Thread 0x00000222a02b4800 Exception <a 'sun/nio/fs/WindowsException'{0x000000008f343298}> (0x000000008f343298) thrown at [./src/hotspot/share/prims/jni.cpp, line 615]
Event: 71.528 Thread 0x00000222a02b4800 Exception <a 'sun/nio/fs/WindowsException'{0x000000008f344670}> (0x000000008f344670) thrown at [./src/hotspot/share/prims/jni.cpp, line 615]
Event: 72.348 Thread 0x00000222a02b4800 Exception <a 'java/lang/reflect/InvocationTargetException'{0x000000008e37b890}> (0x000000008e37b890) thrown at [./src/hotspot/share/runtime/reflection.cpp, line 1247]
Event: 72.568 Thread 0x00000222a02b4800 Implicit null exception at 0x000002228edb55b9 to 0x000002228edb6bd8

Events (20 events):
Event: 72.971 loading class com/android/ide/common/rendering/api/ResourceNamespace$AaptNamespace
Event: 72.971 loading class com/android/ide/common/rendering/api/ResourceNamespace$AaptNamespace done
Event: 72.973 loading class com/google/common/collect/LinkedListMultimap
Event: 72.973 loading class com/google/common/collect/LinkedListMultimap done
Event: 72.979 loading class com/android/ide/common/resources/PatternBasedFileFilter
Event: 72.979 loading class com/android/ide/common/resources/PatternBasedFileFilter done
Event: 72.980 loading class com/android/ide/common/resources/AndroidAaptIgnore
Event: 72.980 loading class com/android/ide/common/resources/AndroidAaptIgnore done
Event: 72.987 loading class com/android/ide/common/resources/NoOpResourcePreprocessor
Event: 72.987 loading class com/android/ide/common/resources/NoOpResourcePreprocessor done
Event: 72.997 loading class com/android/build/gradle/tasks/ExtractDeepLinksTask$CreationAction$configure$1
Event: 72.997 loading class com/android/build/gradle/tasks/ExtractDeepLinksTask$CreationAction$configure$1 done
Event: 73.002 loading class com/android/build/gradle/tasks/ExtractDeepLinksTask$CreationAction$configure$1$1
Event: 73.002 loading class com/android/build/gradle/tasks/ExtractDeepLinksTask$CreationAction$configure$1$1 done
Event: 73.060 loading class com/android/build/gradle/internal/tasks/featuresplit/PackagedDependenciesWriterTask$CreationAction$configure$1
Event: 73.060 loading class com/android/build/gradle/internal/tasks/featuresplit/PackagedDependenciesWriterTask$CreationAction$configure$1 done
Event: 73.061 loading class com/android/build/gradle/internal/tasks/featuresplit/PackagedDependenciesWriterTaskKt
Event: 73.061 loading class com/android/build/gradle/internal/tasks/featuresplit/PackagedDependenciesWriterTaskKt done
Event: 73.065 loading class com/android/build/gradle/internal/tasks/featuresplit/PackagedDependenciesWriterTaskKt$aarOrJarType$1
Event: 73.065 loading class com/android/build/gradle/internal/tasks/featuresplit/PackagedDependenciesWriterTaskKt$aarOrJarType$1 done


Dynamic libraries:
0x00007ff60c700000 - 0x00007ff60c70a000 	C:\Program Files\Android\Android Studio\jre\bin\java.exe
0x00007ffd4f4f0000 - 0x00007ffd4f6e5000 	C:\WINDOWS\SYSTEM32\ntdll.dll
0x00007ffd4d530000 - 0x00007ffd4d5ed000 	C:\WINDOWS\System32\KERNEL32.DLL
0x00007ffd4cd90000 - 0x00007ffd4d058000 	C:\WINDOWS\System32\KERNELBASE.dll
0x00007ffd4d060000 - 0x00007ffd4d160000 	C:\WINDOWS\System32\ucrtbase.dll
0x00007ffd33970000 - 0x00007ffd33989000 	C:\Program Files\Android\Android Studio\jre\bin\jli.dll
0x00007ffd36a80000 - 0x00007ffd36a97000 	C:\Program Files\Android\Android Studio\jre\bin\VCRUNTIME140.dll
0x00007ffd4e7b0000 - 0x00007ffd4e950000 	C:\WINDOWS\System32\USER32.dll
0x00007ffd4d350000 - 0x00007ffd4d372000 	C:\WINDOWS\System32\win32u.dll
0x00007ffd4e630000 - 0x00007ffd4e65a000 	C:\WINDOWS\System32\GDI32.dll
0x00007ffd34f40000 - 0x00007ffd351da000 	C:\WINDOWS\WinSxS\amd64_microsoft.windows.common-controls_6595b64144ccf1df_6.0.19041.1052_none_60b8f8fd71f5e8cb\COMCTL32.dll
0x00007ffd4d380000 - 0x00007ffd4d48b000 	C:\WINDOWS\System32\gdi32full.dll
0x00007ffd4eca0000 - 0x00007ffd4ed3e000 	C:\WINDOWS\System32\msvcrt.dll
0x00007ffd4d490000 - 0x00007ffd4d52d000 	C:\WINDOWS\System32\msvcp_win.dll
0x00007ffd4e780000 - 0x00007ffd4e7b0000 	C:\WINDOWS\System32\IMM32.DLL
0x00007ffd2f4b0000 - 0x00007ffd2f54d000 	C:\Program Files\Android\Android Studio\jre\bin\msvcp140.dll
0x00007ffcf2dd0000 - 0x00007ffcf389f000 	C:\Program Files\Android\Android Studio\jre\bin\server\jvm.dll
0x00007ffd4e6d0000 - 0x00007ffd4e77c000 	C:\WINDOWS\System32\ADVAPI32.dll
0x00007ffd4f3d0000 - 0x00007ffd4f46b000 	C:\WINDOWS\System32\sechost.dll
0x00007ffd4e9c0000 - 0x00007ffd4eaeb000 	C:\WINDOWS\System32\RPCRT4.dll
0x00007ffd4f3c0000 - 0x00007ffd4f3c8000 	C:\WINDOWS\System32\PSAPI.DLL
0x00007ffd43af0000 - 0x00007ffd43afa000 	C:\WINDOWS\SYSTEM32\VERSION.dll
0x00007ffd32910000 - 0x00007ffd32937000 	C:\WINDOWS\SYSTEM32\WINMM.dll
0x00007ffd465f0000 - 0x00007ffd465f9000 	C:\WINDOWS\SYSTEM32\WSOCK32.dll
0x00007ffd4e660000 - 0x00007ffd4e6cb000 	C:\WINDOWS\System32\WS2_32.dll
0x00007ffd4abc0000 - 0x00007ffd4abd2000 	C:\WINDOWS\SYSTEM32\kernel.appcore.dll
0x00007ffd33cf0000 - 0x00007ffd33d01000 	C:\Program Files\Android\Android Studio\jre\bin\verify.dll
0x00007ffd4a8e0000 - 0x00007ffd4aac4000 	C:\WINDOWS\SYSTEM32\DBGHELP.DLL
0x00007ffd31c60000 - 0x00007ffd31c8c000 	C:\WINDOWS\SYSTEM32\dbgcore.DLL
0x00007ffd4d210000 - 0x00007ffd4d293000 	C:\WINDOWS\System32\bcryptPrimitives.dll
0x00007ffd33670000 - 0x00007ffd33699000 	C:\Program Files\Android\Android Studio\jre\bin\java.dll
0x00007ffd48540000 - 0x00007ffd4854b000 	C:\Program Files\Android\Android Studio\jre\bin\jimage.dll
0x00007ffd33870000 - 0x00007ffd33888000 	C:\Program Files\Android\Android Studio\jre\bin\zip.dll
0x00007ffd4db40000 - 0x00007ffd4e27f000 	C:\WINDOWS\System32\SHELL32.dll
0x00007ffd4ad50000 - 0x00007ffd4b4e0000 	C:\WINDOWS\SYSTEM32\windows.storage.dll
0x00007ffd4ed40000 - 0x00007ffd4f095000 	C:\WINDOWS\System32\combase.dll
0x00007ffd4c670000 - 0x00007ffd4c69c000 	C:\WINDOWS\SYSTEM32\Wldp.dll
0x00007ffd4e2e0000 - 0x00007ffd4e38e000 	C:\WINDOWS\System32\SHCORE.dll
0x00007ffd4e280000 - 0x00007ffd4e2d5000 	C:\WINDOWS\System32\shlwapi.dll
0x00007ffd4cb40000 - 0x00007ffd4cb5f000 	C:\WINDOWS\SYSTEM32\profapi.dll
0x00007ffd33530000 - 0x00007ffd3354a000 	C:\Program Files\Android\Android Studio\jre\bin\net.dll
0x00007ffd442a0000 - 0x00007ffd443ab000 	C:\WINDOWS\SYSTEM32\WINHTTP.dll
0x00007ffd4c3e0000 - 0x00007ffd4c44a000 	C:\WINDOWS\system32\mswsock.dll
0x00007ffd33080000 - 0x00007ffd33094000 	C:\Program Files\Android\Android Studio\jre\bin\nio.dll
0x00007ffd1cb90000 - 0x00007ffd1cbb7000 	C:\Users\akrikunov\.gradle\native\8bec1ad78214c89d9ad589b4d07fe93259594b29d510b10fafb7a158f7737e5d\windows-amd64\native-platform.dll
0x00007ffd15660000 - 0x00007ffd1579d000 	C:\Users\akrikunov\.gradle\native\53dbd7edfb1c66fb8903c78663c9afc45aea4f116125fa6feffd364cf09443e8\windows-amd64\native-platform-file-events.dll
0x00007ffd48440000 - 0x00007ffd4844a000 	C:\Program Files\Android\Android Studio\jre\bin\management.dll
0x00007ffd46140000 - 0x00007ffd4614c000 	C:\Program Files\Android\Android Studio\jre\bin\management_ext.dll
0x00007ffd4c5b0000 - 0x00007ffd4c5c8000 	C:\WINDOWS\SYSTEM32\CRYPTSP.dll
0x00007ffd4bd10000 - 0x00007ffd4bd44000 	C:\WINDOWS\system32\rsaenh.dll
0x00007ffd4cd60000 - 0x00007ffd4cd87000 	C:\WINDOWS\System32\bcrypt.dll
0x00007ffd4cb00000 - 0x00007ffd4cb2e000 	C:\WINDOWS\SYSTEM32\USERENV.dll
0x00007ffd4c5d0000 - 0x00007ffd4c5dc000 	C:\WINDOWS\SYSTEM32\CRYPTBASE.dll
0x00007ffd4c080000 - 0x00007ffd4c0bb000 	C:\WINDOWS\SYSTEM32\IPHLPAPI.DLL
0x00007ffd4f470000 - 0x00007ffd4f478000 	C:\WINDOWS\System32\NSI.dll
0x00007ffd45d90000 - 0x00007ffd45da7000 	C:\WINDOWS\SYSTEM32\dhcpcsvc6.DLL
0x00007ffd45bb0000 - 0x00007ffd45bcd000 	C:\WINDOWS\SYSTEM32\dhcpcsvc.DLL
0x00007ffd4c0d0000 - 0x00007ffd4c19c000 	C:\WINDOWS\SYSTEM32\DNSAPI.dll

dbghelp: loaded successfully - version: 4.0.5 - missing functions: none
symbol engine: initialized successfully - sym options: 0x614 - pdb path: .;C:\Program Files\Android\Android Studio\jre\bin;C:\WINDOWS\SYSTEM32;C:\WINDOWS\WinSxS\amd64_microsoft.windows.common-controls_6595b64144ccf1df_6.0.19041.1052_none_60b8f8fd71f5e8cb;C:\Program Files\Android\Android Studio\jre\bin\server;C:\Users\akrikunov\.gradle\native\8bec1ad78214c89d9ad589b4d07fe93259594b29d510b10fafb7a158f7737e5d\windows-amd64;C:\Users\akrikunov\.gradle\native\53dbd7edfb1c66fb8903c78663c9afc45aea4f116125fa6feffd364cf09443e8\windows-amd64

VM Arguments:
jvm_args: --add-opens=java.base/java.util=ALL-UNNAMED --add-opens=java.base/java.lang=ALL-UNNAMED --add-opens=java.base/java.lang.invoke=ALL-UNNAMED --add-opens=java.base/java.util=ALL-UNNAMED --add-opens=java.prefs/java.util.prefs=ALL-UNNAMED --add-opens=java.prefs/java.util.prefs=ALL-UNNAMED --add-opens=java.base/java.nio.charset=ALL-UNNAMED --add-opens=java.base/java.net=ALL-UNNAMED --add-opens=java.base/java.util.concurrent.atomic=ALL-UNNAMED -Xmx2048m -Dfile.encoding=UTF-8 -Duser.country=RU -Duser.language=ru -Duser.variant 
java_command: org.gradle.launcher.daemon.bootstrap.GradleDaemon 7.0.2
java_class_path (initial): C:\Users\akrikunov\.gradle\wrapper\dists\gradle-7.0.2-bin\857tjihv64xamwrf0h14cai3r\gradle-7.0.2\lib\gradle-launcher-7.0.2.jar
Launcher Type: SUN_STANDARD

[Global flags]
     intx CICompilerCount                          = 4                                         {product} {ergonomic}
     uint ConcGCThreads                            = 2                                         {product} {ergonomic}
     uint G1ConcRefinementThreads                  = 8                                         {product} {ergonomic}
   size_t G1HeapRegionSize                         = 1048576                                   {product} {ergonomic}
    uintx GCDrainStackTargetSize                   = 64                                        {product} {ergonomic}
   size_t InitialHeapSize                          = 260046848                                 {product} {ergonomic}
   size_t MarkStackSize                            = 4194304                                   {product} {ergonomic}
   size_t MaxHeapSize                              = 2147483648                                {product} {command line}
   size_t MaxNewSize                               = 1287651328                                {product} {ergonomic}
   size_t MinHeapDeltaBytes                        = 1048576                                   {product} {ergonomic}
    uintx NonNMethodCodeHeapSize                   = 5836300                                {pd product} {ergonomic}
    uintx NonProfiledCodeHeapSize                  = 122910970                              {pd product} {ergonomic}
    uintx ProfiledCodeHeapSize                     = 122910970                              {pd product} {ergonomic}
    uintx ReservedCodeCacheSize                    = 251658240                              {pd product} {ergonomic}
     bool SegmentedCodeCache                       = true                                      {product} {ergonomic}
     bool UseCompressedClassPointers               = true                                 {lp64_product} {ergonomic}
     bool UseCompressedOops                        = true                                 {lp64_product} {ergonomic}
     bool UseG1GC                                  = true                                      {product} {ergonomic}
     bool UseLargePagesIndividualAllocation        = false                                  {pd product} {ergonomic}

Logging:
Log output configuration:
 #0: stdout all=warning uptime,level,tags
 #1: stderr all=off uptime,level,tags

Environment Variables:
PATH=C:\Program Files (x86)\Common Files\Oracle\Java\javapath;C:\Program Files\Java\jdk-11.0.4\bin;C:\DevSuiteHome_1\jdk\jre\bin\classic;C:\DevSuiteHome_1\jdk\jre\bin;C:\DevSuiteHome_1\jdk\jre\bin\client;C:\DevSuiteHome_1\jlib;C:\DevSuiteHome_1\bin;C:\DevSuiteHome_1\jre\1.4.2\bin\client;C:\DevSuiteHome_1\jre\1.4.2\bin;C:\jdeveloper_12_1_5\jdevbin\jdk\bin;C:\jdeveloper_12_2_6\jdevbin\jdk\bin;C:\WINDOWS\system32;C:\WINDOWS;C:\WINDOWS\System32\Wbem;C:\WINDOWS\System32\WindowsPowerShell\v1.0\;C:\WINDOWS\System32\OpenSSH\;C:\Program Files\Git\cmd;C:\Program Files\PuTTY\;C:\Program Files\TortoiseSVN\bin;C:\Program Files\TortoiseGit\bin;C:\Users\akrikunov\AppData\Local\Microsoft\WindowsApps;C:\Users\akrikunov\AppData\Local\Programs\MiKTeX\miktex\bin\x64\
USERNAME=akrikunov
OS=Windows_NT
PROCESSOR_IDENTIFIER=Intel64 Family 6 Model 142 Stepping 11, GenuineIntel



---------------  S Y S T E M  ---------------

OS: Windows 10 , 64 bit Build 19041 (10.0.19041.1023)
OS uptime: 20 days 18:26 hours

CPU:total 8 (initial active 8) (4 cores per cpu, 2 threads per core) family 6 model 142 stepping 11 microcode 0xae, cmov, cx8, fxsr, mmx, sse, sse2, sse3, ssse3, sse4.1, sse4.2, popcnt, avx, avx2, aes, clmul, erms, 3dnowpref, lzcnt, ht, tsc, tscinvbit, bmi1, bmi2, adx, fma

Memory: 4k page, system-wide physical 15776M (1636M free)
TotalPageFile size 21152M (AvailPageFile size 12M)
current process WorkingSet (physical memory assigned to process): 480M, peak: 488M
current process commit charge ("private bytes"): 543M, peak: 551M

vm_info: OpenJDK 64-Bit Server VM (11.0.10+0-b96-7249189) for windows-amd64 JRE (11.0.10+0-b96-7249189), built on Mar 31 2021 21:44:00 by "builder" with MS VC++ 14.0 (VS2015)

END.
