#
# There is insufficient memory for the Java Runtime Environment to continue.
# Native memory allocation (malloc) failed to allocate 983296 bytes for Chunk::new
# Possible reasons:
#   The system is out of physical RAM or swap space
#   The process is running with CompressedOops enabled, and the Java Heap may be blocking the growth of the native heap
# Possible solutions:
#   Reduce memory load on the system
#   Increase physical memory or swap space
#   Check if swap backing store is full
#   Decrease Java heap size (-Xmx/-Xms)
#   Decrease number of Java threads
#   Decrease Java thread stack sizes (-Xss)
#   Set larger code cache with -XX:ReservedCodeCacheSize=
#   JVM is running with Unscaled Compressed Oops mode in which the Java heap is
#     placed in the first 4GB address space. The Java Heap base address is the
#     maximum limit for the native heap growth. Please use -XX:HeapBaseMinAddress
#     to set the Java Heap base and to place the Java Heap above 4GB virtual address.
# This output file may be truncated or incomplete.
#
#  Out of Memory Error (./src/hotspot/share/memory/arena.cpp:197), pid=7388, tid=23068
#
# JRE version: OpenJDK Runtime Environment (11.0.10) (build 11.0.10+0-b96-7249189)
# Java VM: OpenJDK 64-Bit Server VM (11.0.10+0-b96-7249189, mixed mode, tiered, compressed oops, g1 gc, windows-amd64)
# No core dump will be written. Minidumps are not enabled by default on client versions of Windows
#

---------------  S U M M A R Y ------------

Command Line: --add-opens=java.base/java.util=ALL-UNNAMED --add-opens=java.base/java.lang=ALL-UNNAMED --add-opens=java.base/java.lang.invoke=ALL-UNNAMED --add-opens=java.base/java.util=ALL-UNNAMED --add-opens=java.prefs/java.util.prefs=ALL-UNNAMED --add-opens=java.prefs/java.util.prefs=ALL-UNNAMED --add-opens=java.base/java.nio.charset=ALL-UNNAMED --add-opens=java.base/java.net=ALL-UNNAMED --add-opens=java.base/java.util.concurrent.atomic=ALL-UNNAMED -Xmx2048m -Dfile.encoding=UTF-8 -Duser.country=RU -Duser.language=ru -Duser.variant org.gradle.launcher.daemon.bootstrap.GradleDaemon 7.0.2

Host: Intel(R) Core(TM) i5-8265U CPU @ 1.60GHz, 8 cores, 15G,  Windows 10 , 64 bit Build 19041 (10.0.19041.1023)
Time: Wed Sep 22 15:22:15 2021 RTZ 2 (зима) elapsed time: 324.524371 seconds (0d 0h 5m 24s)

---------------  T H R E A D  ---------------

Current thread (0x000001bfddd22000):  JavaThread "C2 CompilerThread0" daemon [_thread_in_native, id=23068, stack(0x000000ba1c500000,0x000000ba1c600000)]


Current CompileTask:
C2: 324524 17622       4       java.lang.reflect.AccessibleObject::checkAccess (40 bytes)

Stack: [0x000000ba1c500000,0x000000ba1c600000]
Native frames: (J=compiled Java code, j=interpreted, Vv=VM code, C=native code)
V  [jvm.dll+0x5ecfaa]
V  [jvm.dll+0x722bd5]
V  [jvm.dll+0x72412d]
V  [jvm.dll+0x7247e3]
V  [jvm.dll+0x242928]
V  [jvm.dll+0xbc4fc]
V  [jvm.dll+0xbca0c]
V  [jvm.dll+0x2b4fd4]
V  [jvm.dll+0x506028]
V  [jvm.dll+0x203253]
V  [jvm.dll+0x1fd07c]
V  [jvm.dll+0x1fa77f]
V  [jvm.dll+0x18354c]
V  [jvm.dll+0x208ee7]
V  [jvm.dll+0x207731]
V  [jvm.dll+0x6eb1cf]
V  [jvm.dll+0x6e3d45]
V  [jvm.dll+0x5ebe96]
C  [ucrtbase.dll+0x21bb2]
C  [KERNEL32.DLL+0x17034]
C  [ntdll.dll+0x52651]


---------------  P R O C E S S  ---------------

Threads class SMR info:
_java_thread_list=0x000001bfe30741a0, length=50, elements={
0x000001bfc28ca000, 0x000001bfddcfa000, 0x000001bfddcfe000, 0x000001bfddd1c000,
0x000001bfddd1d000, 0x000001bfddd1e800, 0x000001bfddd22000, 0x000001bfddd6b000,
0x000001bfddd70800, 0x000001bfdded1800, 0x000001bfdf384000, 0x000001bfdf559000,
0x000001bfdf55b800, 0x000001bfdf55a000, 0x000001bfdf55a800, 0x000001bfe05dc000,
0x000001bfe05de800, 0x000001bfe05e2000, 0x000001bfe05e0000, 0x000001bfe05e1000,
0x000001bfe05dd800, 0x000001bfe05e2800, 0x000001bfe05e9000, 0x000001bfe05e4800,
0x000001bfe05e6000, 0x000001bfe05e3800, 0x000001bfe05ea000, 0x000001bfe05e6800,
0x000001bfe05eb000, 0x000001bfe05e5000, 0x000001bfe05e7800, 0x000001bfe180d000,
0x000001bfe180e800, 0x000001bfe1810000, 0x000001bfe1811000, 0x000001bfe1812000,
0x000001bfe180c000, 0x000001bfe180f800, 0x000001bfe181a000, 0x000001bfe1817800,
0x000001bfe180e000, 0x000001bfe1816000, 0x000001bfe4788000, 0x000001bfe4789800,
0x000001bfe4789000, 0x000001bfe478a800, 0x000001bfe478b800, 0x000001bfe478c000,
0x000001bfe4792000, 0x000001bfe4793800
}

Java Threads: ( => current thread )
  0x000001bfc28ca000 JavaThread "main" [_thread_blocked, id=25692, stack(0x000000ba1b900000,0x000000ba1ba00000)]
  0x000001bfddcfa000 JavaThread "Reference Handler" daemon [_thread_blocked, id=26328, stack(0x000000ba1c000000,0x000000ba1c100000)]
  0x000001bfddcfe000 JavaThread "Finalizer" daemon [_thread_blocked, id=22728, stack(0x000000ba1c100000,0x000000ba1c200000)]
  0x000001bfddd1c000 JavaThread "Signal Dispatcher" daemon [_thread_blocked, id=27152, stack(0x000000ba1c200000,0x000000ba1c300000)]
  0x000001bfddd1d000 JavaThread "Attach Listener" daemon [_thread_blocked, id=2344, stack(0x000000ba1c300000,0x000000ba1c400000)]
  0x000001bfddd1e800 JavaThread "Service Thread" daemon [_thread_blocked, id=14532, stack(0x000000ba1c400000,0x000000ba1c500000)]
=>0x000001bfddd22000 JavaThread "C2 CompilerThread0" daemon [_thread_in_native, id=23068, stack(0x000000ba1c500000,0x000000ba1c600000)]
  0x000001bfddd6b000 JavaThread "C1 CompilerThread0" daemon [_thread_blocked, id=25272, stack(0x000000ba1c600000,0x000000ba1c700000)]
  0x000001bfddd70800 JavaThread "Sweeper thread" daemon [_thread_blocked, id=16780, stack(0x000000ba1c700000,0x000000ba1c800000)]
  0x000001bfdded1800 JavaThread "Common-Cleaner" daemon [_thread_blocked, id=17284, stack(0x000000ba1c800000,0x000000ba1c900000)]
  0x000001bfdf384000 JavaThread "Daemon health stats" [_thread_blocked, id=7988, stack(0x000000ba1d000000,0x000000ba1d100000)]
  0x000001bfdf559000 JavaThread "Incoming local TCP Connector on port 51349" [_thread_in_native, id=23172, stack(0x000000ba1ce00000,0x000000ba1cf00000)]
  0x000001bfdf55b800 JavaThread "Daemon periodic checks" [_thread_blocked, id=10268, stack(0x000000ba1cf00000,0x000000ba1d000000)]
  0x000001bfdf55a000 JavaThread "Daemon" [_thread_blocked, id=14480, stack(0x000000ba1d100000,0x000000ba1d200000)]
  0x000001bfdf55a800 JavaThread "Handler for socket connection from /127.0.0.1:51349 to /127.0.0.1:51350" [_thread_in_native, id=19196, stack(0x000000ba1d200000,0x000000ba1d300000)]
  0x000001bfe05dc000 JavaThread "Cancel handler" [_thread_blocked, id=19792, stack(0x000000ba1d300000,0x000000ba1d400000)]
  0x000001bfe05de800 JavaThread "Daemon worker" [_thread_in_Java, id=22536, stack(0x000000ba1d400000,0x000000ba1d500000)]
  0x000001bfe05e2000 JavaThread "Asynchronous log dispatcher for DefaultDaemonConnection: socket connection from /127.0.0.1:51349 to /127.0.0.1:51350" [_thread_blocked, id=24824, stack(0x000000ba1d500000,0x000000ba1d600000)]
  0x000001bfe05e0000 JavaThread "Daemon client event forwarder" [_thread_blocked, id=27556, stack(0x000000ba1d700000,0x000000ba1d800000)]
  0x000001bfe05e1000 JavaThread "Cache worker for file hash cache (C:\Users\akrikunov\.gradle\caches\7.0.2\fileHashes)" [_thread_blocked, id=13636, stack(0x000000ba1d800000,0x000000ba1d900000)]
  0x000001bfe05dd800 JavaThread "File lock request listener" [_thread_in_native, id=25280, stack(0x000000ba1d900000,0x000000ba1da00000)]
  0x000001bfe05e2800 JavaThread "Cache worker for journal cache (C:\Users\akrikunov\.gradle\caches\journal-1)" [_thread_blocked, id=27456, stack(0x000000ba1de00000,0x000000ba1df00000)]
  0x000001bfe05e9000 JavaThread "Cache worker for file hash cache (C:\Users\akrikunov\Documents\AlarmReminder\.gradle\7.0.2\fileHashes)" [_thread_blocked, id=11368, stack(0x000000ba1e100000,0x000000ba1e200000)]
  0x000001bfe05e4800 JavaThread "File watcher server" daemon [_thread_in_native, id=25724, stack(0x000000ba1e200000,0x000000ba1e300000)]
  0x000001bfe05e6000 JavaThread "File watcher consumer" daemon [_thread_blocked, id=7280, stack(0x000000ba1e300000,0x000000ba1e400000)]
  0x000001bfe05e3800 JavaThread "jar transforms" [_thread_blocked, id=21232, stack(0x000000ba1e400000,0x000000ba1e500000)]
  0x000001bfe05ea000 JavaThread "jar transforms Thread 2" [_thread_blocked, id=14080, stack(0x000000ba1e500000,0x000000ba1e600000)]
  0x000001bfe05e6800 JavaThread "jar transforms Thread 3" [_thread_blocked, id=16796, stack(0x000000ba1e600000,0x000000ba1e700000)]
  0x000001bfe05eb000 JavaThread "jar transforms Thread 4" [_thread_blocked, id=15000, stack(0x000000ba1e700000,0x000000ba1e800000)]
  0x000001bfe05e5000 JavaThread "jar transforms Thread 5" [_thread_blocked, id=9008, stack(0x000000ba1e800000,0x000000ba1e900000)]
  0x000001bfe05e7800 JavaThread "jar transforms Thread 6" [_thread_blocked, id=22936, stack(0x000000ba1e900000,0x000000ba1ea00000)]
  0x000001bfe180d000 JavaThread "jar transforms Thread 7" [_thread_blocked, id=22140, stack(0x000000ba1ea00000,0x000000ba1eb00000)]
  0x000001bfe180e800 JavaThread "jar transforms Thread 8" [_thread_blocked, id=24880, stack(0x000000ba1eb00000,0x000000ba1ec00000)]
  0x000001bfe1810000 JavaThread "Cache worker for checksums cache (C:\Users\akrikunov\Documents\AlarmReminder\.gradle\checksums)" [_thread_blocked, id=7272, stack(0x000000ba1ec00000,0x000000ba1ed00000)]
  0x000001bfe1811000 JavaThread "Cache worker for cache directory md-supplier (C:\Users\akrikunov\.gradle\caches\7.0.2\md-supplier)" [_thread_blocked, id=11456, stack(0x000000ba1ed00000,0x000000ba1ee00000)]
  0x000001bfe1812000 JavaThread "Cache worker for cache directory md-rule (C:\Users\akrikunov\.gradle\caches\7.0.2\md-rule)" [_thread_blocked, id=17644, stack(0x000000ba1ee00000,0x000000ba1ef00000)]
  0x000001bfe180c000 JavaThread "Cache worker for execution history cache (C:\Users\akrikunov\.gradle\caches\7.0.2\executionHistory)" [_thread_blocked, id=21672, stack(0x000000ba1ef00000,0x000000ba1f000000)]
  0x000001bfe180f800 JavaThread "Cache worker for file content cache (C:\Users\akrikunov\.gradle\caches\7.0.2\fileContent)" [_thread_blocked, id=22544, stack(0x000000ba1f000000,0x000000ba1f100000)]
  0x000001bfe181a000 JavaThread "Cache worker for dependencies-accessors (C:\Users\akrikunov\Documents\AlarmReminder\.gradle\7.0.2\dependencies-accessors)" [_thread_blocked, id=8528, stack(0x000000ba1b600000,0x000000ba1b700000)]
  0x000001bfe1817800 JavaThread "Cache worker for Build Output Cleanup Cache (C:\Users\akrikunov\Documents\AlarmReminder\.gradle\buildOutputCleanup)" [_thread_blocked, id=16740, stack(0x000000ba1b800000,0x000000ba1b900000)]
  0x000001bfe180e000 JavaThread "Build operations" [_thread_blocked, id=19188, stack(0x000000ba1f200000,0x000000ba1f300000)]
  0x000001bfe1816000 JavaThread "Build operations Thread 2" [_thread_blocked, id=20948, stack(0x000000ba1f300000,0x000000ba1f400000)]
  0x000001bfe4788000 JavaThread "Build operations Thread 3" [_thread_blocked, id=27848, stack(0x000000ba1f400000,0x000000ba1f500000)]
  0x000001bfe4789800 JavaThread "Build operations Thread 4" [_thread_blocked, id=21204, stack(0x000000ba1f500000,0x000000ba1f600000)]
  0x000001bfe4789000 JavaThread "Build operations Thread 5" [_thread_blocked, id=21444, stack(0x000000ba1f600000,0x000000ba1f700000)]
  0x000001bfe478a800 JavaThread "Build operations Thread 6" [_thread_blocked, id=26672, stack(0x000000ba1f700000,0x000000ba1f800000)]
  0x000001bfe478b800 JavaThread "Build operations Thread 7" [_thread_blocked, id=1044, stack(0x000000ba1f800000,0x000000ba1f900000)]
  0x000001bfe478c000 JavaThread "Build operations Thread 8" [_thread_blocked, id=22040, stack(0x000000ba1f900000,0x000000ba1fa00000)]
  0x000001bfe4792000 JavaThread "Memory manager" [_thread_blocked, id=4392, stack(0x000000ba1fa00000,0x000000ba1fb00000)]
  0x000001bfe4793800 JavaThread "C2 CompilerThread1" daemon [_thread_in_native, id=6656, stack(0x000000ba1b700000,0x000000ba1b800000)]

Other Threads:
  0x000001bfddcf8000 VMThread "VM Thread" [stack: 0x000000ba1bf00000,0x000000ba1c000000] [id=10228]
  0x000001bfddee3800 WatcherThread [stack: 0x000000ba1c900000,0x000000ba1ca00000] [id=21680]
  0x000001bfc28e4800 GCTaskThread "GC Thread#0" [stack: 0x000000ba1ba00000,0x000000ba1bb00000] [id=24052]
  0x000001bfde39b000 GCTaskThread "GC Thread#1" [stack: 0x000000ba1ca00000,0x000000ba1cb00000] [id=9708]
  0x000001bfdebdf800 GCTaskThread "GC Thread#2" [stack: 0x000000ba1cb00000,0x000000ba1cc00000] [id=5944]
  0x000001bfde5aa000 GCTaskThread "GC Thread#3" [stack: 0x000000ba1cc00000,0x000000ba1cd00000] [id=20772]
  0x000001bfdddf2800 GCTaskThread "GC Thread#4" [stack: 0x000000ba1cd00000,0x000000ba1ce00000] [id=14740]
  0x000001bfe06b2000 GCTaskThread "GC Thread#5" [stack: 0x000000ba1da00000,0x000000ba1db00000] [id=7960]
  0x000001bfdee1c800 GCTaskThread "GC Thread#6" [stack: 0x000000ba1db00000,0x000000ba1dc00000] [id=15416]
  0x000001bfdf937800 GCTaskThread "GC Thread#7" [stack: 0x000000ba1dc00000,0x000000ba1dd00000] [id=15684]
  0x000001bfc2915000 ConcurrentGCThread "G1 Main Marker" [stack: 0x000000ba1bb00000,0x000000ba1bc00000] [id=24800]
  0x000001bfc2917000 ConcurrentGCThread "G1 Conc#0" [stack: 0x000000ba1bc00000,0x000000ba1bd00000] [id=24740]
  0x000001bfdf6f8000 ConcurrentGCThread "G1 Conc#1" [stack: 0x000000ba1dd00000,0x000000ba1de00000] [id=21708]
  0x000001bfdd344800 ConcurrentGCThread "G1 Refine#0" [stack: 0x000000ba1bd00000,0x000000ba1be00000] [id=17436]
  0x000001bfdd347000 ConcurrentGCThread "G1 Young RemSet Sampling" [stack: 0x000000ba1be00000,0x000000ba1bf00000] [id=5172]

Threads with active compile tasks:
C2 CompilerThread0 324598 17622       4       java.lang.reflect.AccessibleObject::checkAccess (40 bytes)
C1 CompilerThread0 324598 17711       3       kotlin.reflect.jvm.internal.impl.metadata.jvm.JvmProtoBuf$JvmPropertySignature::getSerializedSize (117 bytes)
C2 CompilerThread1 324598 17705       4       kotlin.reflect.jvm.internal.impl.protobuf.ByteString::newOutput (11 bytes)

VM state:not at safepoint (normal execution)

VM Mutex/Monitor currently owned by a thread: None

Heap address: 0x0000000080000000, size: 2048 MB, Compressed Oops mode: 32-bit
Narrow klass base: 0x0000000000000000, Narrow klass shift: 3
Compressed class space size: 1073741824 Address: 0x0000000100000000

Heap:
 garbage-first heap   total 253952K, used 189224K [0x0000000080000000, 0x0000000100000000)
  region size 1024K, 66 young (67584K), 2 survivors (2048K)
 Metaspace       used 114958K, capacity 117643K, committed 117708K, reserved 1153024K
  class space    used 14374K, capacity 15327K, committed 15360K, reserved 1048576K
Heap Regions: E=young(eden), S=young(survivor), O=old, HS=humongous(starts), HC=humongous(continues), CS=collection set, F=free, A=archive, TAMS=top-at-mark-start (previous, next)
|   0|0x0000000080000000, 0x0000000080100000, 0x0000000080100000|100%| O|  |TAMS 0x0000000080100000, 0x0000000080000000| Untracked 
|   1|0x0000000080100000, 0x0000000080200000, 0x0000000080200000|100%| O|  |TAMS 0x0000000080200000, 0x0000000080100000| Untracked 
|   2|0x0000000080200000, 0x0000000080300000, 0x0000000080300000|100%| O|  |TAMS 0x0000000080300000, 0x0000000080200000| Untracked 
|   3|0x0000000080300000, 0x0000000080400000, 0x0000000080400000|100%|HS|  |TAMS 0x0000000080400000, 0x0000000080300000| Complete 
|   4|0x0000000080400000, 0x0000000080500000, 0x0000000080500000|100%|HC|  |TAMS 0x0000000080500000, 0x0000000080400000| Complete 
|   5|0x0000000080500000, 0x0000000080600000, 0x0000000080600000|100%|HC|  |TAMS 0x0000000080600000, 0x0000000080500000| Complete 
|   6|0x0000000080600000, 0x0000000080700000, 0x0000000080700000|100%| O|  |TAMS 0x0000000080700000, 0x0000000080600000| Untracked 
|   7|0x0000000080700000, 0x0000000080800000, 0x0000000080800000|100%| O|  |TAMS 0x0000000080800000, 0x0000000080700000| Untracked 
|   8|0x0000000080800000, 0x0000000080900000, 0x0000000080900000|100%| O|  |TAMS 0x0000000080900000, 0x0000000080800000| Untracked 
|   9|0x0000000080900000, 0x0000000080a00000, 0x0000000080a00000|100%| O|  |TAMS 0x0000000080a00000, 0x0000000080900000| Untracked 
|  10|0x0000000080a00000, 0x0000000080b00000, 0x0000000080b00000|100%| O|  |TAMS 0x0000000080b00000, 0x0000000080a00000| Untracked 
|  11|0x0000000080b00000, 0x0000000080c00000, 0x0000000080c00000|100%| O|  |TAMS 0x0000000080c00000, 0x0000000080b00000| Complete 
|  12|0x0000000080c00000, 0x0000000080d00000, 0x0000000080d00000|100%| O|  |TAMS 0x0000000080d00000, 0x0000000080c00000| Untracked 
|  13|0x0000000080d00000, 0x0000000080e00000, 0x0000000080e00000|100%| O|  |TAMS 0x0000000080e00000, 0x0000000080d00000| Untracked 
|  14|0x0000000080e00000, 0x0000000080f00000, 0x0000000080f00000|100%| O|  |TAMS 0x0000000080f00000, 0x0000000080e00000| Untracked 
|  15|0x0000000080f00000, 0x0000000081000000, 0x0000000081000000|100%| O|  |TAMS 0x0000000081000000, 0x0000000080f00000| Untracked 
|  16|0x0000000081000000, 0x0000000081100000, 0x0000000081100000|100%|HS|  |TAMS 0x0000000081100000, 0x0000000081000000| Complete 
|  17|0x0000000081100000, 0x0000000081200000, 0x0000000081200000|100%|HC|  |TAMS 0x0000000081200000, 0x0000000081100000| Complete 
|  18|0x0000000081200000, 0x0000000081300000, 0x0000000081300000|100%|HS|  |TAMS 0x0000000081300000, 0x0000000081200000| Complete 
|  19|0x0000000081300000, 0x0000000081400000, 0x0000000081400000|100%|HC|  |TAMS 0x0000000081400000, 0x0000000081300000| Complete 
|  20|0x0000000081400000, 0x0000000081500000, 0x0000000081500000|100%|HC|  |TAMS 0x0000000081500000, 0x0000000081400000| Complete 
|  21|0x0000000081500000, 0x0000000081600000, 0x0000000081600000|100%|HS|  |TAMS 0x0000000081600000, 0x0000000081500000| Complete 
|  22|0x0000000081600000, 0x0000000081700000, 0x0000000081700000|100%|HC|  |TAMS 0x0000000081700000, 0x0000000081600000| Complete 
|  23|0x0000000081700000, 0x0000000081800000, 0x0000000081800000|100%|HC|  |TAMS 0x0000000081800000, 0x0000000081700000| Complete 
|  24|0x0000000081800000, 0x0000000081900000, 0x0000000081900000|100%|HC|  |TAMS 0x0000000081900000, 0x0000000081800000| Complete 
|  25|0x0000000081900000, 0x0000000081a00000, 0x0000000081a00000|100%|HC|  |TAMS 0x0000000081a00000, 0x0000000081900000| Complete 
|  26|0x0000000081a00000, 0x0000000081b00000, 0x0000000081b00000|100%|HS|  |TAMS 0x0000000081b00000, 0x0000000081a00000| Complete 
|  27|0x0000000081b00000, 0x0000000081c00000, 0x0000000081c00000|100%|HC|  |TAMS 0x0000000081c00000, 0x0000000081b00000| Complete 
|  28|0x0000000081c00000, 0x0000000081d00000, 0x0000000081d00000|100%|HC|  |TAMS 0x0000000081d00000, 0x0000000081c00000| Complete 
|  29|0x0000000081d00000, 0x0000000081e00000, 0x0000000081e00000|100%|HS|  |TAMS 0x0000000081e00000, 0x0000000081d00000| Complete 
|  30|0x0000000081e00000, 0x0000000081f00000, 0x0000000081f00000|100%|HC|  |TAMS 0x0000000081f00000, 0x0000000081e00000| Complete 
|  31|0x0000000081f00000, 0x0000000082000000, 0x0000000082000000|100%|HC|  |TAMS 0x0000000082000000, 0x0000000081f00000| Complete 
|  32|0x0000000082000000, 0x0000000082100000, 0x0000000082100000|100%|HC|  |TAMS 0x0000000082100000, 0x0000000082000000| Complete 
|  33|0x0000000082100000, 0x0000000082200000, 0x0000000082200000|100%|HC|  |TAMS 0x0000000082200000, 0x0000000082100000| Complete 
|  34|0x0000000082200000, 0x0000000082300000, 0x0000000082300000|100%| O|  |TAMS 0x0000000082300000, 0x0000000082200000| Untracked 
|  35|0x0000000082300000, 0x0000000082400000, 0x0000000082400000|100%| O|  |TAMS 0x0000000082400000, 0x0000000082300000| Untracked 
|  36|0x0000000082400000, 0x0000000082500000, 0x0000000082500000|100%| O|  |TAMS 0x0000000082500000, 0x0000000082400000| Untracked 
|  37|0x0000000082500000, 0x0000000082600000, 0x0000000082600000|100%| O|  |TAMS 0x0000000082600000, 0x0000000082500000| Untracked 
|  38|0x0000000082600000, 0x0000000082700000, 0x0000000082700000|100%| O|  |TAMS 0x0000000082700000, 0x0000000082600000| Untracked 
|  39|0x0000000082700000, 0x0000000082800000, 0x0000000082800000|100%| O|  |TAMS 0x0000000082800000, 0x0000000082700000| Untracked 
|  40|0x0000000082800000, 0x0000000082900000, 0x0000000082900000|100%| O|  |TAMS 0x0000000082900000, 0x0000000082800000| Untracked 
|  41|0x0000000082900000, 0x0000000082a00000, 0x0000000082a00000|100%| O|  |TAMS 0x0000000082a00000, 0x0000000082900000| Untracked 
|  42|0x0000000082a00000, 0x0000000082b00000, 0x0000000082b00000|100%| O|  |TAMS 0x0000000082b00000, 0x0000000082a00000| Untracked 
|  43|0x0000000082b00000, 0x0000000082c00000, 0x0000000082c00000|100%| O|  |TAMS 0x0000000082c00000, 0x0000000082b00000| Untracked 
|  44|0x0000000082c00000, 0x0000000082d00000, 0x0000000082d00000|100%| O|  |TAMS 0x0000000082d00000, 0x0000000082c00000| Untracked 
|  45|0x0000000082d00000, 0x0000000082e00000, 0x0000000082e00000|100%| O|  |TAMS 0x0000000082e00000, 0x0000000082d00000| Untracked 
|  46|0x0000000082e00000, 0x0000000082f00000, 0x0000000082f00000|100%| O|  |TAMS 0x0000000082f00000, 0x0000000082e00000| Untracked 
|  47|0x0000000082f00000, 0x0000000083000000, 0x0000000083000000|100%| O|  |TAMS 0x0000000083000000, 0x0000000082f00000| Untracked 
|  48|0x0000000083000000, 0x0000000083100000, 0x0000000083100000|100%| O|  |TAMS 0x0000000083100000, 0x0000000083000000| Complete 
|  49|0x0000000083100000, 0x0000000083200000, 0x0000000083200000|100%| O|  |TAMS 0x0000000083200000, 0x0000000083100000| Complete 
|  50|0x0000000083200000, 0x0000000083300000, 0x0000000083300000|100%| O|  |TAMS 0x0000000083300000, 0x0000000083200000| Untracked 
|  51|0x0000000083300000, 0x0000000083400000, 0x0000000083400000|100%| O|  |TAMS 0x0000000083400000, 0x0000000083300000| Untracked 
|  52|0x0000000083400000, 0x0000000083500000, 0x0000000083500000|100%| O|  |TAMS 0x0000000083500000, 0x0000000083400000| Untracked 
|  53|0x0000000083500000, 0x0000000083600000, 0x0000000083600000|100%| O|  |TAMS 0x0000000083600000, 0x0000000083500000| Complete 
|  54|0x0000000083600000, 0x0000000083700000, 0x0000000083700000|100%| O|  |TAMS 0x0000000083700000, 0x0000000083600000| Untracked 
|  55|0x0000000083700000, 0x0000000083800000, 0x0000000083800000|100%| O|  |TAMS 0x0000000083800000, 0x0000000083700000| Untracked 
|  56|0x0000000083800000, 0x0000000083900000, 0x0000000083900000|100%| O|  |TAMS 0x0000000083900000, 0x0000000083800000| Untracked 
|  57|0x0000000083900000, 0x0000000083a00000, 0x0000000083a00000|100%| O|  |TAMS 0x0000000083a00000, 0x0000000083900000| Untracked 
|  58|0x0000000083a00000, 0x0000000083b00000, 0x0000000083b00000|100%| O|  |TAMS 0x0000000083b00000, 0x0000000083a00000| Untracked 
|  59|0x0000000083b00000, 0x0000000083c00000, 0x0000000083c00000|100%| O|  |TAMS 0x0000000083c00000, 0x0000000083b00000| Untracked 
|  60|0x0000000083c00000, 0x0000000083d00000, 0x0000000083d00000|100%| O|  |TAMS 0x0000000083d00000, 0x0000000083c00000| Untracked 
|  61|0x0000000083d00000, 0x0000000083e00000, 0x0000000083e00000|100%| O|  |TAMS 0x0000000083e00000, 0x0000000083d00000| Complete 
|  62|0x0000000083e00000, 0x0000000083f00000, 0x0000000083f00000|100%| O|  |TAMS 0x0000000083f00000, 0x0000000083e00000| Untracked 
|  63|0x0000000083f00000, 0x0000000084000000, 0x0000000084000000|100%| O|  |TAMS 0x0000000084000000, 0x0000000083f00000| Complete 
|  64|0x0000000084000000, 0x0000000084100000, 0x0000000084100000|100%| O|  |TAMS 0x0000000084100000, 0x0000000084000000| Complete 
|  65|0x0000000084100000, 0x0000000084200000, 0x0000000084200000|100%|HS|  |TAMS 0x0000000084200000, 0x0000000084100000| Complete 
|  66|0x0000000084200000, 0x0000000084300000, 0x0000000084300000|100%| O|  |TAMS 0x0000000084300000, 0x0000000084200000| Complete 
|  67|0x0000000084300000, 0x0000000084400000, 0x0000000084400000|100%|HS|  |TAMS 0x0000000084400000, 0x0000000084300000| Complete 
|  68|0x0000000084400000, 0x0000000084500000, 0x0000000084500000|100%|HS|  |TAMS 0x0000000084500000, 0x0000000084400000| Complete 
|  69|0x0000000084500000, 0x0000000084600000, 0x0000000084600000|100%|HS|  |TAMS 0x0000000084600000, 0x0000000084500000| Complete 
|  70|0x0000000084600000, 0x0000000084700000, 0x0000000084700000|100%|HC|  |TAMS 0x0000000084700000, 0x0000000084600000| Complete 
|  71|0x0000000084700000, 0x0000000084800000, 0x0000000084800000|100%|HC|  |TAMS 0x0000000084800000, 0x0000000084700000| Complete 
|  72|0x0000000084800000, 0x0000000084900000, 0x0000000084900000|100%|HS|  |TAMS 0x0000000084900000, 0x0000000084800000| Complete 
|  73|0x0000000084900000, 0x0000000084a00000, 0x0000000084a00000|100%|HC|  |TAMS 0x0000000084a00000, 0x0000000084900000| Complete 
|  74|0x0000000084a00000, 0x0000000084b00000, 0x0000000084b00000|100%| O|  |TAMS 0x0000000084b00000, 0x0000000084a00000| Untracked 
|  75|0x0000000084b00000, 0x0000000084c00000, 0x0000000084c00000|100%| O|  |TAMS 0x0000000084c00000, 0x0000000084b00000| Untracked 
|  76|0x0000000084c00000, 0x0000000084d00000, 0x0000000084d00000|100%| O|  |TAMS 0x0000000084d00000, 0x0000000084c00000| Untracked 
|  77|0x0000000084d00000, 0x0000000084e00000, 0x0000000084e00000|100%| O|  |TAMS 0x0000000084e00000, 0x0000000084d00000| Untracked 
|  78|0x0000000084e00000, 0x0000000084f00000, 0x0000000084f00000|100%| O|  |TAMS 0x0000000084f00000, 0x0000000084e00000| Untracked 
|  79|0x0000000084f00000, 0x0000000085000000, 0x0000000085000000|100%| O|  |TAMS 0x0000000085000000, 0x0000000084f00000| Untracked 
|  80|0x0000000085000000, 0x0000000085100000, 0x0000000085100000|100%| O|  |TAMS 0x0000000085100000, 0x0000000085000000| Untracked 
|  81|0x0000000085100000, 0x0000000085200000, 0x0000000085200000|100%| O|  |TAMS 0x0000000085200000, 0x0000000085100000| Untracked 
|  82|0x0000000085200000, 0x0000000085300000, 0x0000000085300000|100%| O|  |TAMS 0x0000000085300000, 0x0000000085200000| Untracked 
|  83|0x0000000085300000, 0x0000000085400000, 0x0000000085400000|100%| O|  |TAMS 0x0000000085400000, 0x0000000085300000| Untracked 
|  84|0x0000000085400000, 0x0000000085500000, 0x0000000085500000|100%| O|  |TAMS 0x0000000085500000, 0x0000000085400000| Untracked 
|  85|0x0000000085500000, 0x0000000085600000, 0x0000000085600000|100%| O|  |TAMS 0x0000000085600000, 0x0000000085500000| Untracked 
|  86|0x0000000085600000, 0x0000000085700000, 0x0000000085700000|100%| O|  |TAMS 0x0000000085700000, 0x0000000085600000| Untracked 
|  87|0x0000000085700000, 0x0000000085800000, 0x0000000085800000|100%| O|  |TAMS 0x0000000085800000, 0x0000000085700000| Untracked 
|  88|0x0000000085800000, 0x0000000085900000, 0x0000000085900000|100%| O|  |TAMS 0x0000000085900000, 0x0000000085800000| Untracked 
|  89|0x0000000085900000, 0x0000000085a00000, 0x0000000085a00000|100%| O|  |TAMS 0x0000000085a00000, 0x0000000085900000| Untracked 
|  90|0x0000000085a00000, 0x0000000085b00000, 0x0000000085b00000|100%| O|  |TAMS 0x0000000085b00000, 0x0000000085a00000| Untracked 
|  91|0x0000000085b00000, 0x0000000085c00000, 0x0000000085c00000|100%| O|  |TAMS 0x0000000085c00000, 0x0000000085b00000| Untracked 
|  92|0x0000000085c00000, 0x0000000085d00000, 0x0000000085d00000|100%| O|  |TAMS 0x0000000085d00000, 0x0000000085c00000| Untracked 
|  93|0x0000000085d00000, 0x0000000085e00000, 0x0000000085e00000|100%| O|  |TAMS 0x0000000085e00000, 0x0000000085d00000| Untracked 
|  94|0x0000000085e00000, 0x0000000085f00000, 0x0000000085f00000|100%| O|  |TAMS 0x0000000085f00000, 0x0000000085e00000| Untracked 
|  95|0x0000000085f00000, 0x0000000086000000, 0x0000000086000000|100%| O|  |TAMS 0x0000000086000000, 0x0000000085f00000| Untracked 
|  96|0x0000000086000000, 0x0000000086100000, 0x0000000086100000|100%| O|  |TAMS 0x0000000086100000, 0x0000000086000000| Untracked 
|  97|0x0000000086100000, 0x0000000086200000, 0x0000000086200000|100%| O|  |TAMS 0x0000000086200000, 0x0000000086100000| Untracked 
|  98|0x0000000086200000, 0x0000000086300000, 0x0000000086300000|100%| O|  |TAMS 0x0000000086300000, 0x0000000086200000| Untracked 
|  99|0x0000000086300000, 0x0000000086400000, 0x0000000086400000|100%| O|  |TAMS 0x0000000086400000, 0x0000000086300000| Untracked 
| 100|0x0000000086400000, 0x0000000086400000, 0x0000000086500000|  0%| F|  |TAMS 0x0000000086400000, 0x0000000086400000| Untracked 
| 101|0x0000000086500000, 0x0000000086600000, 0x0000000086600000|100%| O|  |TAMS 0x0000000086600000, 0x0000000086500000| Untracked 
| 102|0x0000000086600000, 0x0000000086700000, 0x0000000086700000|100%| O|  |TAMS 0x0000000086700000, 0x0000000086600000| Complete 
| 103|0x0000000086700000, 0x0000000086800000, 0x0000000086800000|100%| O|  |TAMS 0x0000000086800000, 0x0000000086700000| Complete 
| 104|0x0000000086800000, 0x0000000086900000, 0x0000000086900000|100%| O|  |TAMS 0x0000000086900000, 0x0000000086800000| Complete 
| 105|0x0000000086900000, 0x0000000086a00000, 0x0000000086a00000|100%| O|  |TAMS 0x0000000086a00000, 0x0000000086900000| Complete 
| 106|0x0000000086a00000, 0x0000000086b00000, 0x0000000086b00000|100%| O|  |TAMS 0x0000000086b00000, 0x0000000086a00000| Complete 
| 107|0x0000000086b00000, 0x0000000086c00000, 0x0000000086c00000|100%| O|  |TAMS 0x0000000086c00000, 0x0000000086b00000| Complete 
| 108|0x0000000086c00000, 0x0000000086c00000, 0x0000000086d00000|  0%| F|  |TAMS 0x0000000086c00000, 0x0000000086c00000| Untracked 
| 109|0x0000000086d00000, 0x0000000086e00000, 0x0000000086e00000|100%| O|  |TAMS 0x0000000086e00000, 0x0000000086d00000| Untracked 
| 110|0x0000000086e00000, 0x0000000086f00000, 0x0000000086f00000|100%| O|  |TAMS 0x0000000086f00000, 0x0000000086e00000| Untracked 
| 111|0x0000000086f00000, 0x0000000087000000, 0x0000000087000000|100%| O|  |TAMS 0x0000000087000000, 0x0000000086f00000| Complete 
| 112|0x0000000087000000, 0x0000000087100000, 0x0000000087100000|100%| O|  |TAMS 0x0000000087100000, 0x0000000087000000| Complete 
| 113|0x0000000087100000, 0x0000000087200000, 0x0000000087200000|100%| O|  |TAMS 0x0000000087200000, 0x0000000087100000| Complete 
| 114|0x0000000087200000, 0x0000000087200000, 0x0000000087300000|  0%| F|  |TAMS 0x0000000087200000, 0x0000000087200000| Untracked 
| 115|0x0000000087300000, 0x0000000087300000, 0x0000000087400000|  0%| F|  |TAMS 0x0000000087300000, 0x0000000087300000| Untracked 
| 116|0x0000000087400000, 0x0000000087400000, 0x0000000087500000|  0%| F|  |TAMS 0x0000000087400000, 0x0000000087400000| Untracked 
| 117|0x0000000087500000, 0x0000000087500000, 0x0000000087600000|  0%| F|  |TAMS 0x0000000087500000, 0x0000000087500000| Untracked 
| 118|0x0000000087600000, 0x0000000087700000, 0x0000000087700000|100%| O|  |TAMS 0x0000000087700000, 0x0000000087600000| Complete 
| 119|0x0000000087700000, 0x0000000087800000, 0x0000000087800000|100%| O|  |TAMS 0x0000000087800000, 0x0000000087700000| Complete 
| 120|0x0000000087800000, 0x0000000087800000, 0x0000000087900000|  0%| F|  |TAMS 0x0000000087800000, 0x0000000087800000| Untracked 
| 121|0x0000000087900000, 0x0000000087900000, 0x0000000087a00000|  0%| F|  |TAMS 0x0000000087900000, 0x0000000087900000| Untracked 
| 122|0x0000000087a00000, 0x0000000087b00000, 0x0000000087b00000|100%| O|  |TAMS 0x0000000087b00000, 0x0000000087a00000| Complete 
| 123|0x0000000087b00000, 0x0000000087c00000, 0x0000000087c00000|100%| O|  |TAMS 0x0000000087c00000, 0x0000000087b00000| Complete 
| 124|0x0000000087c00000, 0x0000000087d00000, 0x0000000087d00000|100%| O|  |TAMS 0x0000000087d00000, 0x0000000087c00000| Complete 
| 125|0x0000000087d00000, 0x0000000087e00000, 0x0000000087e00000|100%| O|  |TAMS 0x0000000087e00000, 0x0000000087d00000| Complete 
| 126|0x0000000087e00000, 0x0000000087f00000, 0x0000000087f00000|100%| O|  |TAMS 0x0000000087f00000, 0x0000000087e00000| Complete 
| 127|0x0000000087f00000, 0x0000000088000000, 0x0000000088000000|100%| O|  |TAMS 0x0000000088000000, 0x0000000087f00000| Complete 
| 128|0x0000000088000000, 0x0000000088014800, 0x0000000088100000|  8%| O|  |TAMS 0x0000000088014800, 0x0000000088000000| Untracked 
| 129|0x0000000088100000, 0x0000000088100000, 0x0000000088200000|  0%| F|  |TAMS 0x0000000088100000, 0x0000000088100000| Untracked 
| 130|0x0000000088200000, 0x0000000088200000, 0x0000000088300000|  0%| F|  |TAMS 0x0000000088200000, 0x0000000088200000| Untracked 
| 131|0x0000000088300000, 0x0000000088300000, 0x0000000088400000|  0%| F|  |TAMS 0x0000000088300000, 0x0000000088300000| Untracked 
| 132|0x0000000088400000, 0x0000000088400000, 0x0000000088500000|  0%| F|  |TAMS 0x0000000088400000, 0x0000000088400000| Untracked 
| 133|0x0000000088500000, 0x0000000088500000, 0x0000000088600000|  0%| F|  |TAMS 0x0000000088500000, 0x0000000088500000| Untracked 
| 134|0x0000000088600000, 0x0000000088600000, 0x0000000088700000|  0%| F|  |TAMS 0x0000000088600000, 0x0000000088600000| Untracked 
| 135|0x0000000088700000, 0x0000000088700000, 0x0000000088800000|  0%| F|  |TAMS 0x0000000088700000, 0x0000000088700000| Untracked 
| 136|0x0000000088800000, 0x0000000088800000, 0x0000000088900000|  0%| F|  |TAMS 0x0000000088800000, 0x0000000088800000| Untracked 
| 137|0x0000000088900000, 0x0000000088900000, 0x0000000088a00000|  0%| F|  |TAMS 0x0000000088900000, 0x0000000088900000| Untracked 
| 138|0x0000000088a00000, 0x0000000088a00000, 0x0000000088b00000|  0%| F|  |TAMS 0x0000000088a00000, 0x0000000088a00000| Untracked 
| 139|0x0000000088b00000, 0x0000000088b00000, 0x0000000088c00000|  0%| F|  |TAMS 0x0000000088b00000, 0x0000000088b00000| Untracked 
| 140|0x0000000088c00000, 0x0000000088c00000, 0x0000000088d00000|  0%| F|  |TAMS 0x0000000088c00000, 0x0000000088c00000| Untracked 
| 141|0x0000000088d00000, 0x0000000088d00000, 0x0000000088e00000|  0%| F|  |TAMS 0x0000000088d00000, 0x0000000088d00000| Untracked 
| 142|0x0000000088e00000, 0x0000000088e00000, 0x0000000088f00000|  0%| F|  |TAMS 0x0000000088e00000, 0x0000000088e00000| Untracked 
| 143|0x0000000088f00000, 0x0000000088f00000, 0x0000000089000000|  0%| F|  |TAMS 0x0000000088f00000, 0x0000000088f00000| Untracked 
| 144|0x0000000089000000, 0x0000000089000000, 0x0000000089100000|  0%| F|  |TAMS 0x0000000089000000, 0x0000000089000000| Untracked 
| 145|0x0000000089100000, 0x0000000089100000, 0x0000000089200000|  0%| F|  |TAMS 0x0000000089100000, 0x0000000089100000| Untracked 
| 146|0x0000000089200000, 0x0000000089200000, 0x0000000089300000|  0%| F|  |TAMS 0x0000000089200000, 0x0000000089200000| Untracked 
| 147|0x0000000089300000, 0x0000000089300000, 0x0000000089400000|  0%| F|  |TAMS 0x0000000089300000, 0x0000000089300000| Untracked 
| 148|0x0000000089400000, 0x0000000089400000, 0x0000000089500000|  0%| F|  |TAMS 0x0000000089400000, 0x0000000089400000| Untracked 
| 149|0x0000000089500000, 0x0000000089500000, 0x0000000089600000|  0%| F|  |TAMS 0x0000000089500000, 0x0000000089500000| Untracked 
| 150|0x0000000089600000, 0x0000000089600000, 0x0000000089700000|  0%| F|  |TAMS 0x0000000089600000, 0x0000000089600000| Untracked 
| 151|0x0000000089700000, 0x0000000089700000, 0x0000000089800000|  0%| F|  |TAMS 0x0000000089700000, 0x0000000089700000| Untracked 
| 152|0x0000000089800000, 0x0000000089800000, 0x0000000089900000|  0%| F|  |TAMS 0x0000000089800000, 0x0000000089800000| Untracked 
| 153|0x0000000089900000, 0x0000000089900000, 0x0000000089a00000|  0%| F|  |TAMS 0x0000000089900000, 0x0000000089900000| Untracked 
| 154|0x0000000089a00000, 0x0000000089a00000, 0x0000000089b00000|  0%| F|  |TAMS 0x0000000089a00000, 0x0000000089a00000| Untracked 
| 155|0x0000000089b00000, 0x0000000089b00000, 0x0000000089c00000|  0%| F|  |TAMS 0x0000000089b00000, 0x0000000089b00000| Untracked 
| 156|0x0000000089c00000, 0x0000000089c00000, 0x0000000089d00000|  0%| F|  |TAMS 0x0000000089c00000, 0x0000000089c00000| Untracked 
| 157|0x0000000089d00000, 0x0000000089d00000, 0x0000000089e00000|  0%| F|  |TAMS 0x0000000089d00000, 0x0000000089d00000| Untracked 
| 158|0x0000000089e00000, 0x0000000089e00000, 0x0000000089f00000|  0%| F|  |TAMS 0x0000000089e00000, 0x0000000089e00000| Untracked 
| 159|0x0000000089f00000, 0x0000000089f00000, 0x000000008a000000|  0%| F|  |TAMS 0x0000000089f00000, 0x0000000089f00000| Untracked 
| 160|0x000000008a000000, 0x000000008a000000, 0x000000008a100000|  0%| F|  |TAMS 0x000000008a000000, 0x000000008a000000| Untracked 
| 161|0x000000008a100000, 0x000000008a100000, 0x000000008a200000|  0%| F|  |TAMS 0x000000008a100000, 0x000000008a100000| Untracked 
| 162|0x000000008a200000, 0x000000008a2b58f8, 0x000000008a300000| 70%| S|CS|TAMS 0x000000008a200000, 0x000000008a200000| Complete 
| 163|0x000000008a300000, 0x000000008a400000, 0x000000008a400000|100%| S|CS|TAMS 0x000000008a300000, 0x000000008a300000| Complete 
| 164|0x000000008a400000, 0x000000008a400000, 0x000000008a500000|  0%| F|  |TAMS 0x000000008a400000, 0x000000008a400000| Untracked 
| 165|0x000000008a500000, 0x000000008a500000, 0x000000008a600000|  0%| F|  |TAMS 0x000000008a500000, 0x000000008a500000| Untracked 
| 166|0x000000008a600000, 0x000000008a600000, 0x000000008a700000|  0%| F|  |TAMS 0x000000008a600000, 0x000000008a600000| Untracked 
| 167|0x000000008a700000, 0x000000008a700000, 0x000000008a800000|  0%| F|  |TAMS 0x000000008a700000, 0x000000008a700000| Untracked 
| 168|0x000000008a800000, 0x000000008a800000, 0x000000008a900000|  0%| F|  |TAMS 0x000000008a800000, 0x000000008a800000| Untracked 
| 169|0x000000008a900000, 0x000000008a900000, 0x000000008aa00000|  0%| F|  |TAMS 0x000000008a900000, 0x000000008a900000| Untracked 
| 170|0x000000008aa00000, 0x000000008aa00000, 0x000000008ab00000|  0%| F|  |TAMS 0x000000008aa00000, 0x000000008aa00000| Untracked 
| 171|0x000000008ab00000, 0x000000008ab00000, 0x000000008ac00000|  0%| F|  |TAMS 0x000000008ab00000, 0x000000008ab00000| Untracked 
| 172|0x000000008ac00000, 0x000000008ac00000, 0x000000008ad00000|  0%| F|  |TAMS 0x000000008ac00000, 0x000000008ac00000| Untracked 
| 173|0x000000008ad00000, 0x000000008ad00000, 0x000000008ae00000|  0%| F|  |TAMS 0x000000008ad00000, 0x000000008ad00000| Untracked 
| 174|0x000000008ae00000, 0x000000008ae00000, 0x000000008af00000|  0%| F|  |TAMS 0x000000008ae00000, 0x000000008ae00000| Untracked 
| 175|0x000000008af00000, 0x000000008af00000, 0x000000008b000000|  0%| F|  |TAMS 0x000000008af00000, 0x000000008af00000| Untracked 
| 176|0x000000008b000000, 0x000000008b000000, 0x000000008b100000|  0%| F|  |TAMS 0x000000008b000000, 0x000000008b000000| Untracked 
| 177|0x000000008b100000, 0x000000008b100000, 0x000000008b200000|  0%| F|  |TAMS 0x000000008b100000, 0x000000008b100000| Untracked 
| 178|0x000000008b200000, 0x000000008b200000, 0x000000008b300000|  0%| F|  |TAMS 0x000000008b200000, 0x000000008b200000| Untracked 
| 179|0x000000008b300000, 0x000000008b300000, 0x000000008b400000|  0%| F|  |TAMS 0x000000008b300000, 0x000000008b300000| Untracked 
| 180|0x000000008b400000, 0x000000008b400000, 0x000000008b500000|  0%| F|  |TAMS 0x000000008b400000, 0x000000008b400000| Untracked 
| 181|0x000000008b500000, 0x000000008b500000, 0x000000008b600000|  0%| F|  |TAMS 0x000000008b500000, 0x000000008b500000| Untracked 
| 182|0x000000008b600000, 0x000000008b600000, 0x000000008b700000|  0%| F|  |TAMS 0x000000008b600000, 0x000000008b600000| Untracked 
| 183|0x000000008b700000, 0x000000008b7809e0, 0x000000008b800000| 50%| E|  |TAMS 0x000000008b700000, 0x000000008b700000| Complete 
| 184|0x000000008b800000, 0x000000008b900000, 0x000000008b900000|100%| E|CS|TAMS 0x000000008b800000, 0x000000008b800000| Complete 
| 185|0x000000008b900000, 0x000000008ba00000, 0x000000008ba00000|100%| E|CS|TAMS 0x000000008b900000, 0x000000008b900000| Complete 
| 186|0x000000008ba00000, 0x000000008bb00000, 0x000000008bb00000|100%| E|CS|TAMS 0x000000008ba00000, 0x000000008ba00000| Complete 
| 187|0x000000008bb00000, 0x000000008bc00000, 0x000000008bc00000|100%| E|CS|TAMS 0x000000008bb00000, 0x000000008bb00000| Complete 
| 188|0x000000008bc00000, 0x000000008bd00000, 0x000000008bd00000|100%| E|CS|TAMS 0x000000008bc00000, 0x000000008bc00000| Complete 
| 189|0x000000008bd00000, 0x000000008be00000, 0x000000008be00000|100%| E|CS|TAMS 0x000000008bd00000, 0x000000008bd00000| Complete 
| 190|0x000000008be00000, 0x000000008bf00000, 0x000000008bf00000|100%| E|CS|TAMS 0x000000008be00000, 0x000000008be00000| Complete 
| 191|0x000000008bf00000, 0x000000008c000000, 0x000000008c000000|100%| E|CS|TAMS 0x000000008bf00000, 0x000000008bf00000| Complete 
| 192|0x000000008c000000, 0x000000008c100000, 0x000000008c100000|100%| E|CS|TAMS 0x000000008c000000, 0x000000008c000000| Complete 
| 193|0x000000008c100000, 0x000000008c200000, 0x000000008c200000|100%| E|CS|TAMS 0x000000008c100000, 0x000000008c100000| Complete 
| 194|0x000000008c200000, 0x000000008c300000, 0x000000008c300000|100%| E|CS|TAMS 0x000000008c200000, 0x000000008c200000| Complete 
| 195|0x000000008c300000, 0x000000008c400000, 0x000000008c400000|100%| E|CS|TAMS 0x000000008c300000, 0x000000008c300000| Complete 
| 196|0x000000008c400000, 0x000000008c500000, 0x000000008c500000|100%| E|CS|TAMS 0x000000008c400000, 0x000000008c400000| Complete 
| 197|0x000000008c500000, 0x000000008c600000, 0x000000008c600000|100%| E|CS|TAMS 0x000000008c500000, 0x000000008c500000| Complete 
| 198|0x000000008c600000, 0x000000008c700000, 0x000000008c700000|100%| E|CS|TAMS 0x000000008c600000, 0x000000008c600000| Complete 
| 199|0x000000008c700000, 0x000000008c800000, 0x000000008c800000|100%| E|CS|TAMS 0x000000008c700000, 0x000000008c700000| Complete 
| 200|0x000000008c800000, 0x000000008c900000, 0x000000008c900000|100%| E|CS|TAMS 0x000000008c800000, 0x000000008c800000| Complete 
| 201|0x000000008c900000, 0x000000008ca00000, 0x000000008ca00000|100%| E|CS|TAMS 0x000000008c900000, 0x000000008c900000| Complete 
| 202|0x000000008ca00000, 0x000000008cb00000, 0x000000008cb00000|100%| E|CS|TAMS 0x000000008ca00000, 0x000000008ca00000| Complete 
| 203|0x000000008cb00000, 0x000000008cc00000, 0x000000008cc00000|100%| E|CS|TAMS 0x000000008cb00000, 0x000000008cb00000| Complete 
| 204|0x000000008cc00000, 0x000000008cd00000, 0x000000008cd00000|100%| E|CS|TAMS 0x000000008cc00000, 0x000000008cc00000| Complete 
| 205|0x000000008cd00000, 0x000000008ce00000, 0x000000008ce00000|100%| E|CS|TAMS 0x000000008cd00000, 0x000000008cd00000| Complete 
| 206|0x000000008ce00000, 0x000000008cf00000, 0x000000008cf00000|100%| E|CS|TAMS 0x000000008ce00000, 0x000000008ce00000| Complete 
| 207|0x000000008cf00000, 0x000000008d000000, 0x000000008d000000|100%| E|CS|TAMS 0x000000008cf00000, 0x000000008cf00000| Complete 
| 208|0x000000008d000000, 0x000000008d100000, 0x000000008d100000|100%| E|CS|TAMS 0x000000008d000000, 0x000000008d000000| Complete 
| 209|0x000000008d100000, 0x000000008d200000, 0x000000008d200000|100%| E|CS|TAMS 0x000000008d100000, 0x000000008d100000| Complete 
| 210|0x000000008d200000, 0x000000008d300000, 0x000000008d300000|100%| E|CS|TAMS 0x000000008d200000, 0x000000008d200000| Complete 
| 211|0x000000008d300000, 0x000000008d400000, 0x000000008d400000|100%| E|CS|TAMS 0x000000008d300000, 0x000000008d300000| Complete 
| 212|0x000000008d400000, 0x000000008d500000, 0x000000008d500000|100%| E|CS|TAMS 0x000000008d400000, 0x000000008d400000| Complete 
| 213|0x000000008d500000, 0x000000008d600000, 0x000000008d600000|100%| E|CS|TAMS 0x000000008d500000, 0x000000008d500000| Complete 
| 214|0x000000008d600000, 0x000000008d700000, 0x000000008d700000|100%| E|CS|TAMS 0x000000008d600000, 0x000000008d600000| Complete 
| 215|0x000000008d700000, 0x000000008d800000, 0x000000008d800000|100%| E|CS|TAMS 0x000000008d700000, 0x000000008d700000| Complete 
| 216|0x000000008d800000, 0x000000008d900000, 0x000000008d900000|100%| E|CS|TAMS 0x000000008d800000, 0x000000008d800000| Complete 
| 217|0x000000008d900000, 0x000000008da00000, 0x000000008da00000|100%| E|CS|TAMS 0x000000008d900000, 0x000000008d900000| Complete 
| 218|0x000000008da00000, 0x000000008db00000, 0x000000008db00000|100%| E|CS|TAMS 0x000000008da00000, 0x000000008da00000| Complete 
| 219|0x000000008db00000, 0x000000008dc00000, 0x000000008dc00000|100%| E|CS|TAMS 0x000000008db00000, 0x000000008db00000| Complete 
| 220|0x000000008dc00000, 0x000000008dd00000, 0x000000008dd00000|100%| E|CS|TAMS 0x000000008dc00000, 0x000000008dc00000| Complete 
| 221|0x000000008dd00000, 0x000000008de00000, 0x000000008de00000|100%| E|CS|TAMS 0x000000008dd00000, 0x000000008dd00000| Complete 
| 222|0x000000008de00000, 0x000000008df00000, 0x000000008df00000|100%| E|CS|TAMS 0x000000008de00000, 0x000000008de00000| Complete 
| 223|0x000000008df00000, 0x000000008e000000, 0x000000008e000000|100%| E|CS|TAMS 0x000000008df00000, 0x000000008df00000| Complete 
| 224|0x000000008e000000, 0x000000008e100000, 0x000000008e100000|100%| E|CS|TAMS 0x000000008e000000, 0x000000008e000000| Complete 
| 225|0x000000008e100000, 0x000000008e200000, 0x000000008e200000|100%| E|CS|TAMS 0x000000008e100000, 0x000000008e100000| Complete 
| 226|0x000000008e200000, 0x000000008e300000, 0x000000008e300000|100%| E|CS|TAMS 0x000000008e200000, 0x000000008e200000| Complete 
| 227|0x000000008e300000, 0x000000008e400000, 0x000000008e400000|100%| E|CS|TAMS 0x000000008e300000, 0x000000008e300000| Complete 
| 228|0x000000008e400000, 0x000000008e500000, 0x000000008e500000|100%| E|CS|TAMS 0x000000008e400000, 0x000000008e400000| Complete 
| 229|0x000000008e500000, 0x000000008e600000, 0x000000008e600000|100%| E|CS|TAMS 0x000000008e500000, 0x000000008e500000| Complete 
| 230|0x000000008e600000, 0x000000008e700000, 0x000000008e700000|100%| E|CS|TAMS 0x000000008e600000, 0x000000008e600000| Complete 
| 231|0x000000008e700000, 0x000000008e800000, 0x000000008e800000|100%| E|CS|TAMS 0x000000008e700000, 0x000000008e700000| Complete 
| 232|0x000000008e800000, 0x000000008e900000, 0x000000008e900000|100%| E|CS|TAMS 0x000000008e800000, 0x000000008e800000| Complete 
| 233|0x000000008e900000, 0x000000008ea00000, 0x000000008ea00000|100%| E|CS|TAMS 0x000000008e900000, 0x000000008e900000| Complete 
| 234|0x000000008ea00000, 0x000000008eb00000, 0x000000008eb00000|100%| E|CS|TAMS 0x000000008ea00000, 0x000000008ea00000| Complete 
| 235|0x000000008eb00000, 0x000000008ec00000, 0x000000008ec00000|100%| E|CS|TAMS 0x000000008eb00000, 0x000000008eb00000| Complete 
| 236|0x000000008ec00000, 0x000000008ed00000, 0x000000008ed00000|100%| E|CS|TAMS 0x000000008ec00000, 0x000000008ec00000| Complete 
| 237|0x000000008ed00000, 0x000000008ee00000, 0x000000008ee00000|100%| E|CS|TAMS 0x000000008ed00000, 0x000000008ed00000| Complete 
| 238|0x000000008ee00000, 0x000000008ef00000, 0x000000008ef00000|100%| E|CS|TAMS 0x000000008ee00000, 0x000000008ee00000| Complete 
| 239|0x000000008ef00000, 0x000000008f000000, 0x000000008f000000|100%| E|CS|TAMS 0x000000008ef00000, 0x000000008ef00000| Complete 
| 240|0x000000008f000000, 0x000000008f100000, 0x000000008f100000|100%| E|CS|TAMS 0x000000008f000000, 0x000000008f000000| Complete 
| 241|0x000000008f100000, 0x000000008f200000, 0x000000008f200000|100%| E|CS|TAMS 0x000000008f100000, 0x000000008f100000| Complete 
| 242|0x000000008f200000, 0x000000008f300000, 0x000000008f300000|100%| E|CS|TAMS 0x000000008f200000, 0x000000008f200000| Complete 
| 243|0x000000008f300000, 0x000000008f400000, 0x000000008f400000|100%| E|CS|TAMS 0x000000008f300000, 0x000000008f300000| Complete 
| 244|0x000000008f400000, 0x000000008f500000, 0x000000008f500000|100%| E|CS|TAMS 0x000000008f400000, 0x000000008f400000| Complete 
| 245|0x000000008f500000, 0x000000008f600000, 0x000000008f600000|100%| E|CS|TAMS 0x000000008f500000, 0x000000008f500000| Complete 
| 246|0x000000008f600000, 0x000000008f700000, 0x000000008f700000|100%| E|CS|TAMS 0x000000008f600000, 0x000000008f600000| Complete 
| 247|0x000000008f700000, 0x000000008f800000, 0x000000008f800000|100%| E|CS|TAMS 0x000000008f700000, 0x000000008f700000| Complete 

Card table byte_map: [0x000001bfd6240000,0x000001bfd6640000] _byte_map_base: 0x000001bfd5e40000

Marking Bits (Prev, Next): (CMBitMap*) 0x000001bfc290c1b0, (CMBitMap*) 0x000001bfc290c178
 Prev Bits: [0x000001bfd8a40000, 0x000001bfdaa40000)
 Next Bits: [0x000001bfd6a40000, 0x000001bfd8a40000)

Polling page: 0x000001bfc1040000

Metaspace:

Usage:
  Non-class:     99.93 MB capacity,    98.25 MB ( 98%) used,     1.38 MB (  1%) free+waste,   307.88 KB ( <1%) overhead. 
      Class:     14.97 MB capacity,    14.04 MB ( 94%) used,   813.77 KB (  5%) free+waste,   138.56 KB ( <1%) overhead. 
       Both:    114.90 MB capacity,   112.29 MB ( 98%) used,     2.17 MB (  2%) free+waste,   446.44 KB ( <1%) overhead. 

Virtual space:
  Non-class space:      102.00 MB reserved,      99.95 MB ( 98%) committed 
      Class space:        1.00 GB reserved,      15.00 MB (  1%) committed 
             Both:        1.10 GB reserved,     114.95 MB ( 10%) committed 

Chunk freelists:
   Non-Class:  15.00 KB
       Class:  0 bytes
        Both:  15.00 KB

MaxMetaspaceSize: 17179869184.00 GB
CompressedClassSpaceSize: 1.00 GB

CodeHeap 'non-profiled nmethods': size=120000Kb used=14099Kb max_used=14099Kb free=105900Kb
 bounds [0x000001bfcde90000, 0x000001bfcec60000, 0x000001bfd53c0000]
CodeHeap 'profiled nmethods': size=120000Kb used=34320Kb max_used=34320Kb free=85680Kb
 bounds [0x000001bfc6960000, 0x000001bfc8b10000, 0x000001bfcde90000]
CodeHeap 'non-nmethods': size=5760Kb used=2345Kb max_used=2407Kb free=3414Kb
 bounds [0x000001bfc63c0000, 0x000001bfc6630000, 0x000001bfc6960000]
 total_blobs=16480 nmethods=15506 adapters=884
 compilation: enabled
              stopped_count=0, restarted_count=0
 full_count=0

Compilation events (20 events):
Event: 324.504 Thread 0x000001bfddd6b000 nmethod 17670 0x000001bfce6b5610 code [0x000001bfce6b57c0, 0x000001bfce6b5878]
Event: 324.504 Thread 0x000001bfddd6b000 17671       1       kotlin.Triple::component1 (5 bytes)
Event: 324.504 Thread 0x000001bfddd6b000 nmethod 17671 0x000001bfcec51710 code [0x000001bfcec518c0, 0x000001bfcec51978]
Event: 324.504 Thread 0x000001bfddd6b000 17672       1       kotlin.Triple::component2 (5 bytes)
Event: 324.504 Thread 0x000001bfddd6b000 nmethod 17672 0x000001bfcec51a10 code [0x000001bfcec51bc0, 0x000001bfcec51c78]
Event: 324.504 Thread 0x000001bfddd6b000 17673       1       kotlin.Triple::getThird (5 bytes)
Event: 324.504 Thread 0x000001bfddd6b000 nmethod 17673 0x000001bfcec51d10 code [0x000001bfcec51ec0, 0x000001bfcec51f78]
Event: 324.504 Thread 0x000001bfddd6b000 17666       3       kotlin.reflect.jvm.internal.impl.metadata.ProtoBuf$Annotation$Argument$Value::getDefaultInstance (4 bytes)
Event: 324.505 Thread 0x000001bfddd6b000 nmethod 17666 0x000001bfc7fcf790 code [0x000001bfc7fcf940, 0x000001bfc7fcfa38]
Event: 324.511 Thread 0x000001bfddd6b000 17677       3       kotlin.reflect.jvm.internal.impl.descriptors.annotations.AnnotatedImpl::getAnnotations (13 bytes)
Event: 324.512 Thread 0x000001bfddd6b000 nmethod 17677 0x000001bfc7fcf390 code [0x000001bfc7fcf540, 0x000001bfc7fcf6c8]
Event: 324.514 Thread 0x000001bfddd6b000 17679       3       kotlin.reflect.jvm.internal.impl.metadata.ProtoBuf$Function::getSerializedSize (394 bytes)
Event: 324.519 Thread 0x000001bfddd6b000 nmethod 17679 0x000001bfc7fe2390 code [0x000001bfc7fe2960, 0x000001bfc7fe5518]
Event: 324.519 Thread 0x000001bfddd6b000 17682       1       kotlin.reflect.jvm.internal.impl.descriptors.impl.FunctionDescriptorImpl::getExtensionReceiverParameter (5 bytes)
Event: 324.519 Thread 0x000001bfddd6b000 nmethod 17682 0x000001bfcec52010 code [0x000001bfcec521c0, 0x000001bfcec52278]
Event: 324.519 Thread 0x000001bfddd6b000 17680       3       kotlin.reflect.jvm.internal.impl.types.TypeConstructorSubstitution$Companion$createByConstructorsMap$1::isEmpty (10 bytes)
Event: 324.520 Thread 0x000001bfddd6b000 nmethod 17680 0x000001bfc7fcef10 code [0x000001bfc7fcf0c0, 0x000001bfc7fcf288]
Event: 324.520 Thread 0x000001bfddd6b000 17678       1       kotlin.reflect.jvm.internal.impl.metadata.ProtoBuf$Function::getVersionRequirementList (5 bytes)
Event: 324.520 Thread 0x000001bfddd6b000 nmethod 17678 0x000001bfcec52310 code [0x000001bfcec524c0, 0x000001bfcec52578]
Event: 324.520 Thread 0x000001bfddd6b000 17681       3       kotlin.reflect.jvm.internal.impl.serialization.deserialization.descriptors.DeserializedClassDescriptor::isExpect (25 bytes)

GC Heap History (20 events):
Event: 308.519 GC heap before
{Heap before GC invocations=46 (full 0):
 garbage-first heap   total 253952K, used 193536K [0x0000000080000000, 0x0000000100000000)
  region size 1024K, 69 young (70656K), 5 survivors (5120K)
 Metaspace       used 105240K, capacity 107787K, committed 108108K, reserved 1142784K
  class space    used 13162K, capacity 14056K, committed 14208K, reserved 1048576K
}
Event: 308.522 GC heap after
{Heap after GC invocations=47 (full 0):
 garbage-first heap   total 253952K, used 125880K [0x0000000080000000, 0x0000000100000000)
  region size 1024K, 4 young (4096K), 4 survivors (4096K)
 Metaspace       used 105240K, capacity 107787K, committed 108108K, reserved 1142784K
  class space    used 13162K, capacity 14056K, committed 14208K, reserved 1048576K
}
Event: 308.881 GC heap before
{Heap before GC invocations=47 (full 0):
 garbage-first heap   total 253952K, used 195512K [0x0000000080000000, 0x0000000100000000)
  region size 1024K, 73 young (74752K), 4 survivors (4096K)
 Metaspace       used 105243K, capacity 107787K, committed 108108K, reserved 1142784K
  class space    used 13162K, capacity 14056K, committed 14208K, reserved 1048576K
}
Event: 308.884 GC heap after
{Heap after GC invocations=48 (full 0):
 garbage-first heap   total 253952K, used 128045K [0x0000000080000000, 0x0000000100000000)
  region size 1024K, 6 young (6144K), 6 survivors (6144K)
 Metaspace       used 105243K, capacity 107787K, committed 108108K, reserved 1142784K
  class space    used 13162K, capacity 14056K, committed 14208K, reserved 1048576K
}
Event: 311.864 GC heap before
{Heap before GC invocations=49 (full 0):
 garbage-first heap   total 253952K, used 199725K [0x0000000080000000, 0x0000000100000000)
  region size 1024K, 77 young (78848K), 6 survivors (6144K)
 Metaspace       used 105693K, capacity 108212K, committed 108364K, reserved 1142784K
  class space    used 13199K, capacity 14100K, committed 14208K, reserved 1048576K
}
Event: 311.871 GC heap after
{Heap after GC invocations=50 (full 0):
 garbage-first heap   total 253952K, used 131084K [0x0000000080000000, 0x0000000100000000)
  region size 1024K, 8 young (8192K), 8 survivors (8192K)
 Metaspace       used 105693K, capacity 108212K, committed 108364K, reserved 1142784K
  class space    used 13199K, capacity 14100K, committed 14208K, reserved 1048576K
}
Event: 314.846 GC heap before
{Heap before GC invocations=50 (full 0):
 garbage-first heap   total 253952K, used 202764K [0x0000000080000000, 0x0000000100000000)
  region size 1024K, 79 young (80896K), 8 survivors (8192K)
 Metaspace       used 106112K, capacity 108718K, committed 108876K, reserved 1144832K
  class space    used 13226K, capacity 14114K, committed 14208K, reserved 1048576K
}
Event: 314.851 GC heap after
{Heap after GC invocations=51 (full 0):
 garbage-first heap   total 253952K, used 131321K [0x0000000080000000, 0x0000000100000000)
  region size 1024K, 4 young (4096K), 4 survivors (4096K)
 Metaspace       used 106112K, capacity 108718K, committed 108876K, reserved 1144832K
  class space    used 13226K, capacity 14114K, committed 14208K, reserved 1048576K
}
Event: 315.742 GC heap before
{Heap before GC invocations=52 (full 0):
 garbage-first heap   total 253952K, used 205049K [0x0000000080000000, 0x0000000100000000)
  region size 1024K, 78 young (79872K), 4 survivors (4096K)
 Metaspace       used 106368K, capacity 108974K, committed 109132K, reserved 1144832K
  class space    used 13248K, capacity 14178K, committed 14208K, reserved 1048576K
}
Event: 315.748 GC heap after
{Heap after GC invocations=53 (full 0):
 garbage-first heap   total 253952K, used 131657K [0x0000000080000000, 0x0000000100000000)
  region size 1024K, 5 young (5120K), 5 survivors (5120K)
 Metaspace       used 106368K, capacity 108974K, committed 109132K, reserved 1144832K
  class space    used 13248K, capacity 14178K, committed 14208K, reserved 1048576K
}
Event: 315.903 GC heap before
{Heap before GC invocations=53 (full 0):
 garbage-first heap   total 253952K, used 138825K [0x0000000080000000, 0x0000000100000000)
  region size 1024K, 12 young (12288K), 5 survivors (5120K)
 Metaspace       used 106374K, capacity 108974K, committed 109132K, reserved 1144832K
  class space    used 13248K, capacity 14178K, committed 14208K, reserved 1048576K
}
Event: 315.909 GC heap after
{Heap after GC invocations=54 (full 0):
 garbage-first heap   total 253952K, used 126638K [0x0000000080000000, 0x0000000100000000)
  region size 1024K, 1 young (1024K), 1 survivors (1024K)
 Metaspace       used 106374K, capacity 108974K, committed 109132K, reserved 1144832K
  class space    used 13248K, capacity 14178K, committed 14208K, reserved 1048576K
}
Event: 317.845 GC heap before
{Heap before GC invocations=54 (full 0):
 garbage-first heap   total 253952K, used 205486K [0x0000000080000000, 0x0000000100000000)
  region size 1024K, 78 young (79872K), 1 survivors (1024K)
 Metaspace       used 106378K, capacity 108974K, committed 109132K, reserved 1144832K
  class space    used 13248K, capacity 14178K, committed 14208K, reserved 1048576K
}
Event: 317.849 GC heap after
{Heap after GC invocations=55 (full 0):
 garbage-first heap   total 253952K, used 126331K [0x0000000080000000, 0x0000000100000000)
  region size 1024K, 1 young (1024K), 1 survivors (1024K)
 Metaspace       used 106378K, capacity 108974K, committed 109132K, reserved 1144832K
  class space    used 13248K, capacity 14178K, committed 14208K, reserved 1048576K
}
Event: 319.336 GC heap before
{Heap before GC invocations=56 (full 0):
 garbage-first heap   total 253952K, used 208251K [0x0000000080000000, 0x0000000100000000)
  region size 1024K, 81 young (82944K), 1 survivors (1024K)
 Metaspace       used 106388K, capacity 108968K, committed 109132K, reserved 1144832K
  class space    used 13248K, capacity 14177K, committed 14208K, reserved 1048576K
}
Event: 319.340 GC heap after
{Heap after GC invocations=57 (full 0):
 garbage-first heap   total 253952K, used 126504K [0x0000000080000000, 0x0000000100000000)
  region size 1024K, 1 young (1024K), 1 survivors (1024K)
 Metaspace       used 106388K, capacity 108968K, committed 109132K, reserved 1144832K
  class space    used 13248K, capacity 14177K, committed 14208K, reserved 1048576K
}
Event: 319.566 GC heap before
{Heap before GC invocations=57 (full 0):
 garbage-first heap   total 253952K, used 136744K [0x0000000080000000, 0x0000000100000000)
  region size 1024K, 12 young (12288K), 1 survivors (1024K)
 Metaspace       used 106389K, capacity 108968K, committed 109132K, reserved 1144832K
  class space    used 13248K, capacity 14177K, committed 14208K, reserved 1048576K
}
Event: 319.569 GC heap after
{Heap after GC invocations=58 (full 0):
 garbage-first heap   total 253952K, used 125499K [0x0000000080000000, 0x0000000100000000)
  region size 1024K, 1 young (1024K), 1 survivors (1024K)
 Metaspace       used 106389K, capacity 108968K, committed 109132K, reserved 1144832K
  class space    used 13248K, capacity 14177K, committed 14208K, reserved 1048576K
}
Event: 322.138 GC heap before
{Heap before GC invocations=58 (full 0):
 garbage-first heap   total 253952K, used 209467K [0x0000000080000000, 0x0000000100000000)
  region size 1024K, 84 young (86016K), 1 survivors (1024K)
 Metaspace       used 110472K, capacity 113131K, committed 113356K, reserved 1148928K
  class space    used 13816K, capacity 14783K, committed 14848K, reserved 1048576K
}
Event: 322.144 GC heap after
{Heap after GC invocations=59 (full 0):
 garbage-first heap   total 253952K, used 124712K [0x0000000080000000, 0x0000000100000000)
  region size 1024K, 2 young (2048K), 2 survivors (2048K)
 Metaspace       used 110472K, capacity 113131K, committed 113356K, reserved 1148928K
  class space    used 13816K, capacity 14783K, committed 14848K, reserved 1048576K
}

Deoptimization events (20 events):
Event: 321.877 Thread 0x000001bfe4789800 Uncommon trap: trap_request=0xffffffde fr.pc=0x000001bfce5afdc0 relative=0x0000000000000100
Event: 321.877 Thread 0x000001bfe4789800 Uncommon trap: reason=class_check action=maybe_recompile pc=0x000001bfce5afdc0 method=com.google.common.collect.StandardTable$CellIterator.hasNext()Z @ 16 c2
Event: 321.878 Thread 0x000001bfe4789800 DEOPT PACKING pc=0x000001bfce5afdc0 sp=0x000000ba1f5fb120
Event: 321.878 Thread 0x000001bfe4789800 DEOPT UNPACKING pc=0x000001bfc63e78af sp=0x000000ba1f5fb0d0 mode 2
Event: 323.514 Thread 0x000001bfe05de800 Uncommon trap: trap_request=0xffffff4d fr.pc=0x000001bfce616924 relative=0x00000000000001e4
Event: 323.514 Thread 0x000001bfe05de800 Uncommon trap: reason=unstable_if action=reinterpret pc=0x000001bfce616924 method=kotlin.reflect.jvm.internal.impl.protobuf.CodedInputStream.readRawVarint32()I @ 10 c2
Event: 323.514 Thread 0x000001bfe05de800 DEOPT PACKING pc=0x000001bfce616924 sp=0x000000ba1d4f6320
Event: 323.515 Thread 0x000001bfe05de800 DEOPT UNPACKING pc=0x000001bfc63e78af sp=0x000000ba1d4f62a0 mode 2
Event: 323.558 Thread 0x000001bfe05de800 Uncommon trap: trap_request=0xffffff4d fr.pc=0x000001bfceaa7864 relative=0x0000000000000584
Event: 323.558 Thread 0x000001bfe05de800 Uncommon trap: reason=unstable_if action=reinterpret pc=0x000001bfceaa7864 method=java.lang.String.indexOf([BBILjava/lang/String;I)I @ 54 c2
Event: 323.558 Thread 0x000001bfe05de800 DEOPT PACKING pc=0x000001bfceaa7864 sp=0x000000ba1d4f6f30
Event: 323.558 Thread 0x000001bfe05de800 DEOPT UNPACKING pc=0x000001bfc63e78af sp=0x000000ba1d4f6cb8 mode 2
Event: 323.571 Thread 0x000001bfe05de800 Uncommon trap: trap_request=0xffffff4d fr.pc=0x000001bfcdf6ac48 relative=0x0000000000000668
Event: 323.571 Thread 0x000001bfe05de800 Uncommon trap: reason=unstable_if action=reinterpret pc=0x000001bfcdf6ac48 method=java.lang.String.indexOf([BBILjava/lang/String;I)I @ 54 c2
Event: 323.571 Thread 0x000001bfe05de800 DEOPT PACKING pc=0x000001bfcdf6ac48 sp=0x000000ba1d4f7600
Event: 323.571 Thread 0x000001bfe05de800 DEOPT UNPACKING pc=0x000001bfc63e78af sp=0x000000ba1d4f7480 mode 2
Event: 323.571 Thread 0x000001bfe05de800 Uncommon trap: trap_request=0xffffff4d fr.pc=0x000001bfce13f2cc relative=0x000000000000060c
Event: 323.571 Thread 0x000001bfe05de800 Uncommon trap: reason=unstable_if action=reinterpret pc=0x000001bfce13f2cc method=java.lang.String.indexOf([BBILjava/lang/String;I)I @ 54 c2
Event: 323.571 Thread 0x000001bfe05de800 DEOPT PACKING pc=0x000001bfce13f2cc sp=0x000000ba1d4f74f0
Event: 323.571 Thread 0x000001bfe05de800 DEOPT UNPACKING pc=0x000001bfc63e78af sp=0x000000ba1d4f7458 mode 2

Classes redefined (0 events):
No events

Internal exceptions (20 events):
Event: 321.529 Thread 0x000001bfe4789000 Exception <a 'sun/nio/fs/WindowsException'{0x000000008bcc8730}> (0x000000008bcc8730) thrown at [./src/hotspot/share/prims/jni.cpp, line 615]
Event: 321.573 Thread 0x000001bfe478a800 Exception <a 'sun/nio/fs/WindowsException'{0x000000008af24a80}> (0x000000008af24a80) thrown at [./src/hotspot/share/prims/jni.cpp, line 615]
Event: 321.577 Thread 0x000001bfe4789000 Exception <a 'sun/nio/fs/WindowsException'{0x000000008b047c90}> (0x000000008b047c90) thrown at [./src/hotspot/share/prims/jni.cpp, line 615]
Event: 321.582 Thread 0x000001bfe1816000 Exception <a 'sun/nio/fs/WindowsException'{0x000000008afa8ef0}> (0x000000008afa8ef0) thrown at [./src/hotspot/share/prims/jni.cpp, line 615]
Event: 321.636 Thread 0x000001bfe478a800 Exception <a 'sun/nio/fs/WindowsException'{0x000000008ad43ff0}> (0x000000008ad43ff0) thrown at [./src/hotspot/share/prims/jni.cpp, line 615]
Event: 321.767 Thread 0x000001bfe478a800 Exception <a 'sun/nio/fs/WindowsException'{0x000000008ac6bf60}> (0x000000008ac6bf60) thrown at [./src/hotspot/share/prims/jni.cpp, line 615]
Event: 321.772 Thread 0x000001bfe478b800 Exception <a 'sun/nio/fs/WindowsException'{0x000000008acb7280}> (0x000000008acb7280) thrown at [./src/hotspot/share/prims/jni.cpp, line 615]
Event: 321.774 Thread 0x000001bfe4789000 Exception <a 'sun/nio/fs/WindowsException'{0x000000008aebccd8}> (0x000000008aebccd8) thrown at [./src/hotspot/share/prims/jni.cpp, line 615]
Event: 321.779 Thread 0x000001bfe1816000 Exception <a 'sun/nio/fs/WindowsException'{0x000000008ab05c20}> (0x000000008ab05c20) thrown at [./src/hotspot/share/prims/jni.cpp, line 615]
Event: 321.780 Thread 0x000001bfe4789800 Exception <a 'sun/nio/fs/WindowsException'{0x000000008ab490c0}> (0x000000008ab490c0) thrown at [./src/hotspot/share/prims/jni.cpp, line 615]
Event: 321.789 Thread 0x000001bfe05de800 Exception <a 'sun/nio/fs/WindowsException'{0x000000008b16d688}> (0x000000008b16d688) thrown at [./src/hotspot/share/prims/jni.cpp, line 615]
Event: 321.792 Thread 0x000001bfe478c000 Exception <a 'sun/nio/fs/WindowsException'{0x000000008ab8ef00}> (0x000000008ab8ef00) thrown at [./src/hotspot/share/prims/jni.cpp, line 615]
Event: 321.831 Thread 0x000001bfe1816000 Exception <a 'sun/nio/fs/WindowsException'{0x000000008aaf53a0}> (0x000000008aaf53a0) thrown at [./src/hotspot/share/prims/jni.cpp, line 615]
Event: 321.851 Thread 0x000001bfe478a800 Exception <a 'sun/nio/fs/WindowsException'{0x000000008abbfa90}> (0x000000008abbfa90) thrown at [./src/hotspot/share/prims/jni.cpp, line 615]
Event: 321.874 Thread 0x000001bfe4789800 Exception <a 'sun/nio/fs/WindowsException'{0x000000008a97bb20}> (0x000000008a97bb20) thrown at [./src/hotspot/share/prims/jni.cpp, line 615]
Event: 321.875 Thread 0x000001bfe4788000 Exception <a 'sun/nio/fs/WindowsException'{0x000000008a99ead0}> (0x000000008a99ead0) thrown at [./src/hotspot/share/prims/jni.cpp, line 615]
Event: 321.886 Thread 0x000001bfe478c000 Exception <a 'sun/nio/fs/WindowsException'{0x000000008a9fe8e0}> (0x000000008a9fe8e0) thrown at [./src/hotspot/share/prims/jni.cpp, line 615]
Event: 321.923 Thread 0x000001bfe4789800 Exception <a 'sun/nio/fs/WindowsException'{0x000000008a8a93e0}> (0x000000008a8a93e0) thrown at [./src/hotspot/share/prims/jni.cpp, line 615]
Event: 321.930 Thread 0x000001bfe1816000 Exception <a 'sun/nio/fs/WindowsException'{0x000000008a9431b0}> (0x000000008a9431b0) thrown at [./src/hotspot/share/prims/jni.cpp, line 615]
Event: 321.941 Thread 0x000001bfe05de800 Exception <a 'sun/nio/fs/WindowsException'{0x000000008b1c5d48}> (0x000000008b1c5d48) thrown at [./src/hotspot/share/prims/jni.cpp, line 615]

Events (20 events):
Event: 324.499 loading class kotlin/reflect/jvm/internal/impl/descriptors/java/JavaVisibilities$PackageVisibility
Event: 324.499 loading class kotlin/reflect/jvm/internal/impl/descriptors/java/JavaVisibilities$PackageVisibility done
Event: 324.502 loading class kotlin/reflect/jvm/internal/impl/load/java/JavaDescriptorVisibilities$1
Event: 324.502 loading class kotlin/reflect/jvm/internal/impl/load/java/JavaDescriptorVisibilities$1 done
Event: 324.502 loading class kotlin/reflect/jvm/internal/impl/descriptors/java/JavaVisibilities$ProtectedStaticVisibility
Event: 324.502 loading class kotlin/reflect/jvm/internal/impl/descriptors/java/JavaVisibilities$ProtectedStaticVisibility done
Event: 324.504 loading class kotlin/reflect/jvm/internal/impl/load/java/JavaDescriptorVisibilities$2
Event: 324.504 loading class kotlin/reflect/jvm/internal/impl/load/java/JavaDescriptorVisibilities$2 done
Event: 324.506 loading class kotlin/reflect/jvm/internal/impl/descriptors/java/JavaVisibilities$ProtectedAndPackage
Event: 324.506 loading class kotlin/reflect/jvm/internal/impl/descriptors/java/JavaVisibilities$ProtectedAndPackage done
Event: 324.507 loading class kotlin/reflect/jvm/internal/impl/load/java/JavaDescriptorVisibilities$3
Event: 324.507 loading class kotlin/reflect/jvm/internal/impl/load/java/JavaDescriptorVisibilities$3 done
Event: 324.510 loading class kotlin/reflect/jvm/internal/impl/types/FlexibleTypesKt
Event: 324.510 loading class kotlin/reflect/jvm/internal/impl/types/FlexibleTypesKt done
Event: 324.512 loading class kotlin/Int
Event: 324.512 loading class kotlin/Int done
Event: 324.512 loading class kotlin/Int
Event: 324.512 loading class kotlin/Int done
Event: 324.519 loading class kotlin/reflect/jvm/internal/impl/metadata/deserialization/ProtoBufUtilKt
Event: 324.519 loading class kotlin/reflect/jvm/internal/impl/metadata/deserialization/ProtoBufUtilKt done


Dynamic libraries:
0x00007ff60c700000 - 0x00007ff60c70a000 	C:\Program Files\Android\Android Studio\jre\bin\java.exe
0x00007ffd4f4f0000 - 0x00007ffd4f6e5000 	C:\WINDOWS\SYSTEM32\ntdll.dll
0x00007ffd4d530000 - 0x00007ffd4d5ed000 	C:\WINDOWS\System32\KERNEL32.DLL
0x00007ffd4cd90000 - 0x00007ffd4d058000 	C:\WINDOWS\System32\KERNELBASE.dll
0x00007ffd4d060000 - 0x00007ffd4d160000 	C:\WINDOWS\System32\ucrtbase.dll
0x00007ffd36a80000 - 0x00007ffd36a97000 	C:\Program Files\Android\Android Studio\jre\bin\VCRUNTIME140.dll
0x00007ffd33970000 - 0x00007ffd33989000 	C:\Program Files\Android\Android Studio\jre\bin\jli.dll
0x00007ffd4e7b0000 - 0x00007ffd4e950000 	C:\WINDOWS\System32\USER32.dll
0x00007ffd4d350000 - 0x00007ffd4d372000 	C:\WINDOWS\System32\win32u.dll
0x00007ffd34f40000 - 0x00007ffd351da000 	C:\WINDOWS\WinSxS\amd64_microsoft.windows.common-controls_6595b64144ccf1df_6.0.19041.1052_none_60b8f8fd71f5e8cb\COMCTL32.dll
0x00007ffd4e630000 - 0x00007ffd4e65a000 	C:\WINDOWS\System32\GDI32.dll
0x00007ffd4d380000 - 0x00007ffd4d48b000 	C:\WINDOWS\System32\gdi32full.dll
0x00007ffd4eca0000 - 0x00007ffd4ed3e000 	C:\WINDOWS\System32\msvcrt.dll
0x00007ffd4d490000 - 0x00007ffd4d52d000 	C:\WINDOWS\System32\msvcp_win.dll
0x00007ffd4e780000 - 0x00007ffd4e7b0000 	C:\WINDOWS\System32\IMM32.DLL
0x00007ffd2f4b0000 - 0x00007ffd2f54d000 	C:\Program Files\Android\Android Studio\jre\bin\msvcp140.dll
0x00007ffcf2dd0000 - 0x00007ffcf389f000 	C:\Program Files\Android\Android Studio\jre\bin\server\jvm.dll
0x00007ffd4e6d0000 - 0x00007ffd4e77c000 	C:\WINDOWS\System32\ADVAPI32.dll
0x00007ffd4f3d0000 - 0x00007ffd4f46b000 	C:\WINDOWS\System32\sechost.dll
0x00007ffd4e9c0000 - 0x00007ffd4eaeb000 	C:\WINDOWS\System32\RPCRT4.dll
0x00007ffd4f3c0000 - 0x00007ffd4f3c8000 	C:\WINDOWS\System32\PSAPI.DLL
0x00007ffd32910000 - 0x00007ffd32937000 	C:\WINDOWS\SYSTEM32\WINMM.dll
0x00007ffd465f0000 - 0x00007ffd465f9000 	C:\WINDOWS\SYSTEM32\WSOCK32.dll
0x00007ffd43af0000 - 0x00007ffd43afa000 	C:\WINDOWS\SYSTEM32\VERSION.dll
0x00007ffd4e660000 - 0x00007ffd4e6cb000 	C:\WINDOWS\System32\WS2_32.dll
0x00007ffd4abc0000 - 0x00007ffd4abd2000 	C:\WINDOWS\SYSTEM32\kernel.appcore.dll
0x00007ffd33cf0000 - 0x00007ffd33d01000 	C:\Program Files\Android\Android Studio\jre\bin\verify.dll
0x00007ffd4a8e0000 - 0x00007ffd4aac4000 	C:\WINDOWS\SYSTEM32\DBGHELP.DLL
0x00007ffd31c60000 - 0x00007ffd31c8c000 	C:\WINDOWS\SYSTEM32\dbgcore.DLL
0x00007ffd4d210000 - 0x00007ffd4d293000 	C:\WINDOWS\System32\bcryptPrimitives.dll
0x00007ffd33670000 - 0x00007ffd33699000 	C:\Program Files\Android\Android Studio\jre\bin\java.dll
0x00007ffd48540000 - 0x00007ffd4854b000 	C:\Program Files\Android\Android Studio\jre\bin\jimage.dll
0x00007ffd33870000 - 0x00007ffd33888000 	C:\Program Files\Android\Android Studio\jre\bin\zip.dll
0x00007ffd4db40000 - 0x00007ffd4e27f000 	C:\WINDOWS\System32\SHELL32.dll
0x00007ffd4ad50000 - 0x00007ffd4b4e0000 	C:\WINDOWS\SYSTEM32\windows.storage.dll
0x00007ffd4ed40000 - 0x00007ffd4f095000 	C:\WINDOWS\System32\combase.dll
0x00007ffd4c670000 - 0x00007ffd4c69c000 	C:\WINDOWS\SYSTEM32\Wldp.dll
0x00007ffd4e2e0000 - 0x00007ffd4e38e000 	C:\WINDOWS\System32\SHCORE.dll
0x00007ffd4e280000 - 0x00007ffd4e2d5000 	C:\WINDOWS\System32\shlwapi.dll
0x00007ffd4cb40000 - 0x00007ffd4cb5f000 	C:\WINDOWS\SYSTEM32\profapi.dll
0x00007ffd33530000 - 0x00007ffd3354a000 	C:\Program Files\Android\Android Studio\jre\bin\net.dll
0x00007ffd442a0000 - 0x00007ffd443ab000 	C:\WINDOWS\SYSTEM32\WINHTTP.dll
0x00007ffd4c3e0000 - 0x00007ffd4c44a000 	C:\WINDOWS\system32\mswsock.dll
0x00007ffd33080000 - 0x00007ffd33094000 	C:\Program Files\Android\Android Studio\jre\bin\nio.dll
0x00007ffd1cb90000 - 0x00007ffd1cbb7000 	C:\Users\akrikunov\.gradle\native\8bec1ad78214c89d9ad589b4d07fe93259594b29d510b10fafb7a158f7737e5d\windows-amd64\native-platform.dll
0x00007ffd15660000 - 0x00007ffd1579d000 	C:\Users\akrikunov\.gradle\native\53dbd7edfb1c66fb8903c78663c9afc45aea4f116125fa6feffd364cf09443e8\windows-amd64\native-platform-file-events.dll
0x00007ffd48440000 - 0x00007ffd4844a000 	C:\Program Files\Android\Android Studio\jre\bin\management.dll
0x00007ffd46140000 - 0x00007ffd4614c000 	C:\Program Files\Android\Android Studio\jre\bin\management_ext.dll
0x00007ffd4c5b0000 - 0x00007ffd4c5c8000 	C:\WINDOWS\SYSTEM32\CRYPTSP.dll
0x00007ffd4bd10000 - 0x00007ffd4bd44000 	C:\WINDOWS\system32\rsaenh.dll
0x00007ffd4cd60000 - 0x00007ffd4cd87000 	C:\WINDOWS\System32\bcrypt.dll
0x00007ffd4cb00000 - 0x00007ffd4cb2e000 	C:\WINDOWS\SYSTEM32\USERENV.dll
0x00007ffd4c5d0000 - 0x00007ffd4c5dc000 	C:\WINDOWS\SYSTEM32\CRYPTBASE.dll
0x00007ffd4c080000 - 0x00007ffd4c0bb000 	C:\WINDOWS\SYSTEM32\IPHLPAPI.DLL
0x00007ffd4f470000 - 0x00007ffd4f478000 	C:\WINDOWS\System32\NSI.dll
0x00007ffd45d90000 - 0x00007ffd45da7000 	C:\WINDOWS\SYSTEM32\dhcpcsvc6.DLL
0x00007ffd45bb0000 - 0x00007ffd45bcd000 	C:\WINDOWS\SYSTEM32\dhcpcsvc.DLL
0x00007ffd4c0d0000 - 0x00007ffd4c19c000 	C:\WINDOWS\SYSTEM32\DNSAPI.dll
0x00007ffd2f470000 - 0x00007ffd2f497000 	C:\Program Files\Android\Android Studio\jre\bin\sunec.dll
0x00007ffd42380000 - 0x00007ffd4238a000 	C:\Windows\System32\rasadhlp.dll
0x00007ffd45b30000 - 0x00007ffd45baf000 	C:\WINDOWS\System32\fwpuclnt.dll
0x00007ffd4b830000 - 0x00007ffd4b863000 	C:\WINDOWS\SYSTEM32\ntmarta.dll

dbghelp: loaded successfully - version: 4.0.5 - missing functions: none
symbol engine: initialized successfully - sym options: 0x614 - pdb path: .;C:\Program Files\Android\Android Studio\jre\bin;C:\WINDOWS\SYSTEM32;C:\WINDOWS\WinSxS\amd64_microsoft.windows.common-controls_6595b64144ccf1df_6.0.19041.1052_none_60b8f8fd71f5e8cb;C:\Program Files\Android\Android Studio\jre\bin\server;C:\Users\akrikunov\.gradle\native\8bec1ad78214c89d9ad589b4d07fe93259594b29d510b10fafb7a158f7737e5d\windows-amd64;C:\Users\akrikunov\.gradle\native\53dbd7edfb1c66fb8903c78663c9afc45aea4f116125fa6feffd364cf09443e8\windows-amd64

VM Arguments:
jvm_args: --add-opens=java.base/java.util=ALL-UNNAMED --add-opens=java.base/java.lang=ALL-UNNAMED --add-opens=java.base/java.lang.invoke=ALL-UNNAMED --add-opens=java.base/java.util=ALL-UNNAMED --add-opens=java.prefs/java.util.prefs=ALL-UNNAMED --add-opens=java.prefs/java.util.prefs=ALL-UNNAMED --add-opens=java.base/java.nio.charset=ALL-UNNAMED --add-opens=java.base/java.net=ALL-UNNAMED --add-opens=java.base/java.util.concurrent.atomic=ALL-UNNAMED -Xmx2048m -Dfile.encoding=UTF-8 -Duser.country=RU -Duser.language=ru -Duser.variant 
java_command: org.gradle.launcher.daemon.bootstrap.GradleDaemon 7.0.2
java_class_path (initial): C:\Users\akrikunov\.gradle\wrapper\dists\gradle-7.0.2-bin\857tjihv64xamwrf0h14cai3r\gradle-7.0.2\lib\gradle-launcher-7.0.2.jar
Launcher Type: SUN_STANDARD

[Global flags]
     intx CICompilerCount                          = 4                                         {product} {ergonomic}
     uint ConcGCThreads                            = 2                                         {product} {ergonomic}
     uint G1ConcRefinementThreads                  = 8                                         {product} {ergonomic}
   size_t G1HeapRegionSize                         = 1048576                                   {product} {ergonomic}
    uintx GCDrainStackTargetSize                   = 64                                        {product} {ergonomic}
   size_t InitialHeapSize                          = 260046848                                 {product} {ergonomic}
   size_t MarkStackSize                            = 4194304                                   {product} {ergonomic}
   size_t MaxHeapSize                              = 2147483648                                {product} {command line}
   size_t MaxNewSize                               = 1287651328                                {product} {ergonomic}
   size_t MinHeapDeltaBytes                        = 1048576                                   {product} {ergonomic}
    uintx NonNMethodCodeHeapSize                   = 5836300                                {pd product} {ergonomic}
    uintx NonProfiledCodeHeapSize                  = 122910970                              {pd product} {ergonomic}
    uintx ProfiledCodeHeapSize                     = 122910970                              {pd product} {ergonomic}
    uintx ReservedCodeCacheSize                    = 251658240                              {pd product} {ergonomic}
     bool SegmentedCodeCache                       = true                                      {product} {ergonomic}
     bool UseCompressedClassPointers               = true                                 {lp64_product} {ergonomic}
     bool UseCompressedOops                        = true                                 {lp64_product} {ergonomic}
     bool UseG1GC                                  = true                                      {product} {ergonomic}
     bool UseLargePagesIndividualAllocation        = false                                  {pd product} {ergonomic}

Logging:
Log output configuration:
 #0: stdout all=warning uptime,level,tags
 #1: stderr all=off uptime,level,tags

Environment Variables:
PATH=C:\Program Files (x86)\Common Files\Oracle\Java\javapath;C:\Program Files\Java\jdk-11.0.4\bin;C:\DevSuiteHome_1\jdk\jre\bin\classic;C:\DevSuiteHome_1\jdk\jre\bin;C:\DevSuiteHome_1\jdk\jre\bin\client;C:\DevSuiteHome_1\jlib;C:\DevSuiteHome_1\bin;C:\DevSuiteHome_1\jre\1.4.2\bin\client;C:\DevSuiteHome_1\jre\1.4.2\bin;C:\jdeveloper_12_1_5\jdevbin\jdk\bin;C:\jdeveloper_12_2_6\jdevbin\jdk\bin;C:\WINDOWS\system32;C:\WINDOWS;C:\WINDOWS\System32\Wbem;C:\WINDOWS\System32\WindowsPowerShell\v1.0\;C:\WINDOWS\System32\OpenSSH\;C:\Program Files\Git\cmd;C:\Program Files\PuTTY\;C:\Program Files\TortoiseSVN\bin;C:\Program Files\TortoiseGit\bin;C:\Users\akrikunov\AppData\Local\Microsoft\WindowsApps;C:\Users\akrikunov\AppData\Local\Programs\MiKTeX\miktex\bin\x64\
USERNAME=akrikunov
OS=Windows_NT
PROCESSOR_IDENTIFIER=Intel64 Family 6 Model 142 Stepping 11, GenuineIntel



---------------  S Y S T E M  ---------------

OS: Windows 10 , 64 bit Build 19041 (10.0.19041.1023)
OS uptime: 20 days 18:24 hours

CPU:total 8 (initial active 8) (4 cores per cpu, 2 threads per core) family 6 model 142 stepping 11 microcode 0xae, cmov, cx8, fxsr, mmx, sse, sse2, sse3, ssse3, sse4.1, sse4.2, popcnt, avx, avx2, aes, clmul, erms, 3dnowpref, lzcnt, ht, tsc, tscinvbit, bmi1, bmi2, adx, fma

Memory: 4k page, system-wide physical 15776M (1749M free)
TotalPageFile size 21152M (AvailPageFile size 3M)
current process WorkingSet (physical memory assigned to process): 588M, peak: 588M
current process commit charge ("private bytes"): 624M, peak: 626M

vm_info: OpenJDK 64-Bit Server VM (11.0.10+0-b96-7249189) for windows-amd64 JRE (11.0.10+0-b96-7249189), built on Mar 31 2021 21:44:00 by "builder" with MS VC++ 14.0 (VS2015)

END.
