#
# There is insufficient memory for the Java Runtime Environment to continue.
# Native memory allocation (malloc) failed to allocate 1023056 bytes for Chunk::new
# Possible reasons:
#   The system is out of physical RAM or swap space
#   The process is running with CompressedOops enabled, and the Java Heap may be blocking the growth of the native heap
# Possible solutions:
#   Reduce memory load on the system
#   Increase physical memory or swap space
#   Check if swap backing store is full
#   Decrease Java heap size (-Xmx/-Xms)
#   Decrease number of Java threads
#   Decrease Java thread stack sizes (-Xss)
#   Set larger code cache with -XX:ReservedCodeCacheSize=
#   JVM is running with Unscaled Compressed Oops mode in which the Java heap is
#     placed in the first 4GB address space. The Java Heap base address is the
#     maximum limit for the native heap growth. Please use -XX:HeapBaseMinAddress
#     to set the Java Heap base and to place the Java Heap above 4GB virtual address.
# This output file may be truncated or incomplete.
#
#  Out of Memory Error (./src/hotspot/share/memory/arena.cpp:197), pid=26060, tid=27492
#
# JRE version: OpenJDK Runtime Environment (11.0.10) (build 11.0.10+0-b96-7249189)
# Java VM: OpenJDK 64-Bit Server VM (11.0.10+0-b96-7249189, mixed mode, tiered, compressed oops, g1 gc, windows-amd64)
# No core dump will be written. Minidumps are not enabled by default on client versions of Windows
#

---------------  S U M M A R Y ------------

Command Line: --add-opens=java.base/java.util=ALL-UNNAMED --add-opens=java.base/java.lang=ALL-UNNAMED --add-opens=java.base/java.lang.invoke=ALL-UNNAMED --add-opens=java.base/java.util=ALL-UNNAMED --add-opens=java.prefs/java.util.prefs=ALL-UNNAMED --add-opens=java.prefs/java.util.prefs=ALL-UNNAMED --add-opens=java.base/java.nio.charset=ALL-UNNAMED --add-opens=java.base/java.net=ALL-UNNAMED --add-opens=java.base/java.util.concurrent.atomic=ALL-UNNAMED -Xmx2048m -Dfile.encoding=UTF-8 -Duser.country=RU -Duser.language=ru -Duser.variant org.gradle.launcher.daemon.bootstrap.GradleDaemon 7.0.2

Host: Intel(R) Core(TM) i5-8265U CPU @ 1.60GHz, 8 cores, 15G,  Windows 10 , 64 bit Build 19041 (10.0.19041.1023)
Time: Wed Sep 22 15:24:45 2021 RTZ 2 (зима) elapsed time: 18.574883 seconds (0d 0h 0m 18s)

---------------  T H R E A D  ---------------

Current thread (0x000002814e732800):  JavaThread "C2 CompilerThread0" daemon [_thread_in_native, id=27492, stack(0x000000d50c100000,0x000000d50c200000)]


Current CompileTask:
C2:  18575 6005       4       org.objectweb.asm.Frame::execute (2318 bytes)

Stack: [0x000000d50c100000,0x000000d50c200000]
Native frames: (J=compiled Java code, j=interpreted, Vv=VM code, C=native code)
V  [jvm.dll+0x5ecfaa]
V  [jvm.dll+0x722bd5]
V  [jvm.dll+0x72412d]
V  [jvm.dll+0x7247e3]
V  [jvm.dll+0x242928]
V  [jvm.dll+0xbc4fc]
V  [jvm.dll+0xbca0c]
V  [jvm.dll+0x352d7d]
V  [jvm.dll+0x19800c]
V  [jvm.dll+0x1fb70e]
V  [jvm.dll+0x1fa7f4]
V  [jvm.dll+0x18354c]
V  [jvm.dll+0x208ee7]
V  [jvm.dll+0x207731]
V  [jvm.dll+0x6eb1cf]
V  [jvm.dll+0x6e3d45]
V  [jvm.dll+0x5ebe96]
C  [ucrtbase.dll+0x21bb2]
C  [KERNEL32.DLL+0x17034]
C  [ntdll.dll+0x52651]


---------------  P R O C E S S  ---------------

Threads class SMR info:
_java_thread_list=0x0000028151be8030, length=50, elements={
0x00000281339db000, 0x000002814e6c2800, 0x000002814e6cc000, 0x000002814e6e2800,
0x000002814e6e3800, 0x000002814e6e5000, 0x000002814e732800, 0x000002814e736800,
0x000002814e74c000, 0x000002814e898800, 0x000002814e894000, 0x000002814e897800,
0x000002814e896800, 0x000002814e895000, 0x000002814e896000, 0x000002814e899000,
0x000002814e893800, 0x000002814e9a3000, 0x000002814e9a2000, 0x000002814e9a1800,
0x000002814e99e000, 0x000002814e9a4800, 0x000002814e99f000, 0x000002814e9a5800,
0x000002814e9a6000, 0x000002814e9a0800, 0x000002814e9a8000, 0x000002814e9ab000,
0x000002814e9ac800, 0x000002814e9ac000, 0x000002814e9a7000, 0x000002814e9a9800,
0x000002814e9a8800, 0x000002814e9aa000, 0x000002814e89a000, 0x000002814e9a3800,
0x00000281521f0000, 0x00000281521eb800, 0x00000281521f1800, 0x00000281521f8800,
0x00000281521ec800, 0x00000281521ee000, 0x00000281521f5800, 0x00000281521f9800,
0x00000281521f6800, 0x00000281521f7000, 0x00000281521f8000, 0x000002814e99f800,
0x000002815549f000, 0x000002815549f800
}

Java Threads: ( => current thread )
  0x00000281339db000 JavaThread "main" [_thread_blocked, id=18624, stack(0x000000d50b500000,0x000000d50b600000)]
  0x000002814e6c2800 JavaThread "Reference Handler" daemon [_thread_blocked, id=21020, stack(0x000000d50bc00000,0x000000d50bd00000)]
  0x000002814e6cc000 JavaThread "Finalizer" daemon [_thread_blocked, id=18000, stack(0x000000d50bd00000,0x000000d50be00000)]
  0x000002814e6e2800 JavaThread "Signal Dispatcher" daemon [_thread_blocked, id=12744, stack(0x000000d50be00000,0x000000d50bf00000)]
  0x000002814e6e3800 JavaThread "Attach Listener" daemon [_thread_blocked, id=22892, stack(0x000000d50bf00000,0x000000d50c000000)]
  0x000002814e6e5000 JavaThread "Service Thread" daemon [_thread_blocked, id=27080, stack(0x000000d50c000000,0x000000d50c100000)]
=>0x000002814e732800 JavaThread "C2 CompilerThread0" daemon [_thread_in_native, id=27492, stack(0x000000d50c100000,0x000000d50c200000)]
  0x000002814e736800 JavaThread "C1 CompilerThread0" daemon [_thread_blocked, id=9248, stack(0x000000d50c200000,0x000000d50c300000)]
  0x000002814e74c000 JavaThread "Sweeper thread" daemon [_thread_blocked, id=10204, stack(0x000000d50c300000,0x000000d50c400000)]
  0x000002814e898800 JavaThread "Common-Cleaner" daemon [_thread_blocked, id=5088, stack(0x000000d50c400000,0x000000d50c500000)]
  0x000002814e894000 JavaThread "Daemon health stats" [_thread_blocked, id=12780, stack(0x000000d50cc00000,0x000000d50cd00000)]
  0x000002814e897800 JavaThread "Incoming local TCP Connector on port 51728" [_thread_in_native, id=10076, stack(0x000000d50c600000,0x000000d50c700000)]
  0x000002814e896800 JavaThread "Daemon periodic checks" [_thread_blocked, id=15672, stack(0x000000d50cb00000,0x000000d50cc00000)]
  0x000002814e895000 JavaThread "Daemon" [_thread_blocked, id=14228, stack(0x000000d50cd00000,0x000000d50ce00000)]
  0x000002814e896000 JavaThread "Handler for socket connection from /127.0.0.1:51728 to /127.0.0.1:51729" [_thread_in_native, id=22696, stack(0x000000d50ce00000,0x000000d50cf00000)]
  0x000002814e899000 JavaThread "Cancel handler" [_thread_blocked, id=16460, stack(0x000000d50cf00000,0x000000d50d000000)]
  0x000002814e893800 JavaThread "Daemon worker" [_thread_in_Java, id=9856, stack(0x000000d50d000000,0x000000d50d100000)]
  0x000002814e9a3000 JavaThread "Asynchronous log dispatcher for DefaultDaemonConnection: socket connection from /127.0.0.1:51728 to /127.0.0.1:51729" [_thread_blocked, id=16868, stack(0x000000d50d200000,0x000000d50d300000)]
  0x000002814e9a2000 JavaThread "Stdin handler" [_thread_blocked, id=25872, stack(0x000000d50d300000,0x000000d50d400000)]
  0x000002814e9a1800 JavaThread "Daemon client event forwarder" [_thread_blocked, id=25996, stack(0x000000d50d400000,0x000000d50d500000)]
  0x000002814e99e000 JavaThread "Cache worker for file hash cache (C:\Users\akrikunov\.gradle\caches\7.0.2\fileHashes)" [_thread_blocked, id=7968, stack(0x000000d50d100000,0x000000d50d200000)]
  0x000002814e9a4800 JavaThread "File lock request listener" [_thread_in_native, id=23600, stack(0x000000d50d500000,0x000000d50d600000)]
  0x000002814e99f000 JavaThread "Cache worker for journal cache (C:\Users\akrikunov\.gradle\caches\journal-1)" [_thread_blocked, id=14060, stack(0x000000d50da00000,0x000000d50db00000)]
  0x000002814e9a5800 JavaThread "Cache worker for file hash cache (C:\Users\akrikunov\Documents\AlarmReminder\.gradle\7.0.2\fileHashes)" [_thread_blocked, id=14896, stack(0x000000d50dd00000,0x000000d50de00000)]
  0x000002814e9a6000 JavaThread "File watcher server" daemon [_thread_in_native, id=22420, stack(0x000000d50de00000,0x000000d50df00000)]
  0x000002814e9a0800 JavaThread "File watcher consumer" daemon [_thread_blocked, id=1256, stack(0x000000d50df00000,0x000000d50e000000)]
  0x000002814e9a8000 JavaThread "jar transforms" [_thread_blocked, id=25180, stack(0x000000d50e000000,0x000000d50e100000)]
  0x000002814e9ab000 JavaThread "jar transforms Thread 2" [_thread_blocked, id=22596, stack(0x000000d50e100000,0x000000d50e200000)]
  0x000002814e9ac800 JavaThread "jar transforms Thread 3" [_thread_blocked, id=27280, stack(0x000000d50e200000,0x000000d50e300000)]
  0x000002814e9ac000 JavaThread "jar transforms Thread 4" [_thread_blocked, id=1632, stack(0x000000d50e300000,0x000000d50e400000)]
  0x000002814e9a7000 JavaThread "jar transforms Thread 5" [_thread_blocked, id=25540, stack(0x000000d50e400000,0x000000d50e500000)]
  0x000002814e9a9800 JavaThread "jar transforms Thread 6" [_thread_blocked, id=19288, stack(0x000000d50e500000,0x000000d50e600000)]
  0x000002814e9a8800 JavaThread "jar transforms Thread 7" [_thread_blocked, id=16092, stack(0x000000d50e600000,0x000000d50e700000)]
  0x000002814e9aa000 JavaThread "jar transforms Thread 8" [_thread_blocked, id=20336, stack(0x000000d50e700000,0x000000d50e800000)]
  0x000002814e89a000 JavaThread "Cache worker for checksums cache (C:\Users\akrikunov\Documents\AlarmReminder\.gradle\checksums)" [_thread_blocked, id=11340, stack(0x000000d50dc00000,0x000000d50dd00000)]
  0x000002814e9a3800 JavaThread "Cache worker for cache directory md-supplier (C:\Users\akrikunov\.gradle\caches\7.0.2\md-supplier)" [_thread_blocked, id=27436, stack(0x000000d50e800000,0x000000d50e900000)]
  0x00000281521f0000 JavaThread "Cache worker for cache directory md-rule (C:\Users\akrikunov\.gradle\caches\7.0.2\md-rule)" [_thread_blocked, id=18440, stack(0x000000d50e900000,0x000000d50ea00000)]
  0x00000281521eb800 JavaThread "Cache worker for execution history cache (C:\Users\akrikunov\.gradle\caches\7.0.2\executionHistory)" [_thread_blocked, id=27304, stack(0x000000d50ea00000,0x000000d50eb00000)]
  0x00000281521f1800 JavaThread "Cache worker for file content cache (C:\Users\akrikunov\.gradle\caches\7.0.2\fileContent)" [_thread_blocked, id=17520, stack(0x000000d50ec00000,0x000000d50ed00000)]
  0x00000281521f8800 JavaThread "Cache worker for dependencies-accessors (C:\Users\akrikunov\Documents\AlarmReminder\.gradle\7.0.2\dependencies-accessors)" [_thread_blocked, id=22992, stack(0x000000d50ee00000,0x000000d50ef00000)]
  0x00000281521ec800 JavaThread "Cache worker for Build Output Cleanup Cache (C:\Users\akrikunov\Documents\AlarmReminder\.gradle\buildOutputCleanup)" [_thread_blocked, id=12172, stack(0x000000d50db00000,0x000000d50dc00000)]
  0x00000281521ee000 JavaThread "Build operations" [_thread_blocked, id=15244, stack(0x000000d50ef00000,0x000000d50f000000)]
  0x00000281521f5800 JavaThread "Build operations Thread 2" [_thread_blocked, id=27452, stack(0x000000d50f000000,0x000000d50f100000)]
  0x00000281521f9800 JavaThread "Build operations Thread 3" [_thread_blocked, id=20780, stack(0x000000d50f100000,0x000000d50f200000)]
  0x00000281521f6800 JavaThread "Build operations Thread 4" [_thread_blocked, id=24116, stack(0x000000d50f200000,0x000000d50f300000)]
  0x00000281521f7000 JavaThread "Build operations Thread 5" [_thread_blocked, id=24996, stack(0x000000d50f300000,0x000000d50f400000)]
  0x00000281521f8000 JavaThread "Build operations Thread 6" [_thread_blocked, id=1976, stack(0x000000d50f400000,0x000000d50f500000)]
  0x000002814e99f800 JavaThread "Build operations Thread 7" [_thread_blocked, id=28228, stack(0x000000d50f500000,0x000000d50f600000)]
  0x000002815549f000 JavaThread "Build operations Thread 8" [_thread_blocked, id=12160, stack(0x000000d50f600000,0x000000d50f700000)]
  0x000002815549f800 JavaThread "C2 CompilerThread1" daemon [_thread_in_native, id=15016, stack(0x000000d50eb00000,0x000000d50ec00000)]

Other Threads:
  0x000002814e6c0800 VMThread "VM Thread" [stack: 0x000000d50bb00000,0x000000d50bc00000] [id=3248]
  0x000002814e8a8000 WatcherThread [stack: 0x000000d50c500000,0x000000d50c600000] [id=16972]
  0x00000281339f4800 GCTaskThread "GC Thread#0" [stack: 0x000000d50b600000,0x000000d50b700000] [id=17564]
  0x000002814f3bb000 GCTaskThread "GC Thread#1" [stack: 0x000000d50c700000,0x000000d50c800000] [id=15240]
  0x000002814f5a2000 GCTaskThread "GC Thread#2" [stack: 0x000000d50c800000,0x000000d50c900000] [id=12264]
  0x000002814f4af000 GCTaskThread "GC Thread#3" [stack: 0x000000d50c900000,0x000000d50ca00000] [id=18696]
  0x000002814f4af800 GCTaskThread "GC Thread#4" [stack: 0x000000d50ca00000,0x000000d50cb00000] [id=10216]
  0x000002814f879000 GCTaskThread "GC Thread#5" [stack: 0x000000d50d600000,0x000000d50d700000] [id=26364]
  0x000002814ede0000 GCTaskThread "GC Thread#6" [stack: 0x000000d50d700000,0x000000d50d800000] [id=21620]
  0x000002814f589800 GCTaskThread "GC Thread#7" [stack: 0x000000d50d800000,0x000000d50d900000] [id=8644]
  0x0000028133a26800 ConcurrentGCThread "G1 Main Marker" [stack: 0x000000d50b700000,0x000000d50b800000] [id=6764]
  0x0000028133a28800 ConcurrentGCThread "G1 Conc#0" [stack: 0x000000d50b800000,0x000000d50b900000] [id=20380]
  0x0000028150219800 ConcurrentGCThread "G1 Conc#1" [stack: 0x000000d50d900000,0x000000d50da00000] [id=14680]
  0x0000028133abe000 ConcurrentGCThread "G1 Refine#0" [stack: 0x000000d50b900000,0x000000d50ba00000] [id=13232]
  0x0000028154530800 ConcurrentGCThread "G1 Refine#1" [stack: 0x000000d50ed00000,0x000000d50ee00000] [id=27108]
  0x000002815424f000 ConcurrentGCThread "G1 Refine#2" [stack: 0x000000d50f700000,0x000000d50f800000] [id=24764]
  0x0000028151eae800 ConcurrentGCThread "G1 Refine#3" [stack: 0x000000d50f800000,0x000000d50f900000] [id=15072]
  0x000002814dd08800 ConcurrentGCThread "G1 Young RemSet Sampling" [stack: 0x000000d50ba00000,0x000000d50bb00000] [id=18080]

Threads with active compile tasks:
C2 CompilerThread0  18622 6005       4       org.objectweb.asm.Frame::execute (2318 bytes)
C2 CompilerThread1  18623 6110   !   4       com.google.common.reflect.TypeVisitor::visit (225 bytes)

VM state:not at safepoint (normal execution)

VM Mutex/Monitor currently owned by a thread: None

Heap address: 0x0000000080000000, size: 2048 MB, Compressed Oops mode: 32-bit
Narrow klass base: 0x0000000000000000, Narrow klass shift: 3
Compressed class space size: 1073741824 Address: 0x0000000100000000

Heap:
 garbage-first heap   total 253952K, used 114636K [0x0000000080000000, 0x0000000100000000)
  region size 1024K, 60 young (61440K), 17 survivors (17408K)
 Metaspace       used 57728K, capacity 59455K, committed 59648K, reserved 1101824K
  class space    used 7324K, capacity 7916K, committed 7936K, reserved 1048576K
Heap Regions: E=young(eden), S=young(survivor), O=old, HS=humongous(starts), HC=humongous(continues), CS=collection set, F=free, A=archive, TAMS=top-at-mark-start (previous, next)
|   0|0x0000000080000000, 0x0000000080100000, 0x0000000080100000|100%|HS|  |TAMS 0x0000000080100000, 0x0000000080000000| Complete 
|   1|0x0000000080100000, 0x0000000080200000, 0x0000000080200000|100%|HC|  |TAMS 0x0000000080200000, 0x0000000080100000| Complete 
|   2|0x0000000080200000, 0x0000000080300000, 0x0000000080300000|100%| O|  |TAMS 0x0000000080300000, 0x0000000080200000| Untracked 
|   3|0x0000000080300000, 0x0000000080400000, 0x0000000080400000|100%|HS|  |TAMS 0x0000000080400000, 0x0000000080300000| Complete 
|   4|0x0000000080400000, 0x0000000080500000, 0x0000000080500000|100%|HC|  |TAMS 0x0000000080500000, 0x0000000080400000| Complete 
|   5|0x0000000080500000, 0x0000000080600000, 0x0000000080600000|100%|HC|  |TAMS 0x0000000080600000, 0x0000000080500000| Complete 
|   6|0x0000000080600000, 0x0000000080700000, 0x0000000080700000|100%| O|  |TAMS 0x0000000080700000, 0x0000000080600000| Untracked 
|   7|0x0000000080700000, 0x0000000080800000, 0x0000000080800000|100%| O|  |TAMS 0x0000000080800000, 0x0000000080700000| Untracked 
|   8|0x0000000080800000, 0x0000000080900000, 0x0000000080900000|100%| O|  |TAMS 0x0000000080900000, 0x0000000080800000| Untracked 
|   9|0x0000000080900000, 0x0000000080a00000, 0x0000000080a00000|100%| O|  |TAMS 0x0000000080a00000, 0x0000000080900000| Untracked 
|  10|0x0000000080a00000, 0x0000000080b00000, 0x0000000080b00000|100%|HS|  |TAMS 0x0000000080b00000, 0x0000000080a00000| Complete 
|  11|0x0000000080b00000, 0x0000000080c00000, 0x0000000080c00000|100%|HC|  |TAMS 0x0000000080c00000, 0x0000000080b00000| Complete 
|  12|0x0000000080c00000, 0x0000000080d00000, 0x0000000080d00000|100%|HC|  |TAMS 0x0000000080d00000, 0x0000000080c00000| Complete 
|  13|0x0000000080d00000, 0x0000000080e00000, 0x0000000080e00000|100%|HS|  |TAMS 0x0000000080e00000, 0x0000000080d00000| Complete 
|  14|0x0000000080e00000, 0x0000000080f00000, 0x0000000080f00000|100%|HC|  |TAMS 0x0000000080f00000, 0x0000000080e00000| Complete 
|  15|0x0000000080f00000, 0x0000000081000000, 0x0000000081000000|100%|HC|  |TAMS 0x0000000081000000, 0x0000000080f00000| Complete 
|  16|0x0000000081000000, 0x0000000081100000, 0x0000000081100000|100%|HC|  |TAMS 0x0000000081100000, 0x0000000081000000| Complete 
|  17|0x0000000081100000, 0x0000000081200000, 0x0000000081200000|100%|HC|  |TAMS 0x0000000081200000, 0x0000000081100000| Complete 
|  18|0x0000000081200000, 0x0000000081300000, 0x0000000081300000|100%| O|  |TAMS 0x0000000081300000, 0x0000000081200000| Untracked 
|  19|0x0000000081300000, 0x0000000081400000, 0x0000000081400000|100%| O|  |TAMS 0x0000000081400000, 0x0000000081300000| Untracked 
|  20|0x0000000081400000, 0x0000000081500000, 0x0000000081500000|100%| O|  |TAMS 0x0000000081500000, 0x0000000081400000| Untracked 
|  21|0x0000000081500000, 0x0000000081600000, 0x0000000081600000|100%| O|  |TAMS 0x0000000081600000, 0x0000000081500000| Untracked 
|  22|0x0000000081600000, 0x0000000081700000, 0x0000000081700000|100%| O|  |TAMS 0x0000000081700000, 0x0000000081600000| Untracked 
|  23|0x0000000081700000, 0x0000000081800000, 0x0000000081800000|100%| O|  |TAMS 0x0000000081800000, 0x0000000081700000| Untracked 
|  24|0x0000000081800000, 0x0000000081900000, 0x0000000081900000|100%| O|  |TAMS 0x0000000081900000, 0x0000000081800000| Untracked 
|  25|0x0000000081900000, 0x0000000081a00000, 0x0000000081a00000|100%| O|  |TAMS 0x0000000081a00000, 0x0000000081900000| Untracked 
|  26|0x0000000081a00000, 0x0000000081b00000, 0x0000000081b00000|100%| O|  |TAMS 0x0000000081b00000, 0x0000000081a00000| Untracked 
|  27|0x0000000081b00000, 0x0000000081c00000, 0x0000000081c00000|100%|HS|  |TAMS 0x0000000081b00000, 0x0000000081b00000| Complete 
|  28|0x0000000081c00000, 0x0000000081d00000, 0x0000000081d00000|100%|HS|  |TAMS 0x0000000081c00000, 0x0000000081c00000| Complete 
|  29|0x0000000081d00000, 0x0000000081e00000, 0x0000000081e00000|100%|HS|  |TAMS 0x0000000081d00000, 0x0000000081d00000| Complete 
|  30|0x0000000081e00000, 0x0000000081f00000, 0x0000000081f00000|100%|HS|  |TAMS 0x0000000081f00000, 0x0000000081e00000| Complete 
|  31|0x0000000081f00000, 0x0000000082000000, 0x0000000082000000|100%|HC|  |TAMS 0x0000000082000000, 0x0000000081f00000| Complete 
|  32|0x0000000082000000, 0x0000000082100000, 0x0000000082100000|100%|HC|  |TAMS 0x0000000082100000, 0x0000000082000000| Complete 
|  33|0x0000000082100000, 0x0000000082200000, 0x0000000082200000|100%|HC|  |TAMS 0x0000000082200000, 0x0000000082100000| Complete 
|  34|0x0000000082200000, 0x0000000082300000, 0x0000000082300000|100%|HC|  |TAMS 0x0000000082300000, 0x0000000082200000| Complete 
|  35|0x0000000082300000, 0x0000000082400000, 0x0000000082400000|100%|HS|  |TAMS 0x0000000082400000, 0x0000000082300000| Complete 
|  36|0x0000000082400000, 0x0000000082500000, 0x0000000082500000|100%|HC|  |TAMS 0x0000000082500000, 0x0000000082400000| Complete 
|  37|0x0000000082500000, 0x0000000082600000, 0x0000000082600000|100%|HC|  |TAMS 0x0000000082600000, 0x0000000082500000| Complete 
|  38|0x0000000082600000, 0x0000000082700000, 0x0000000082700000|100%| O|  |TAMS 0x0000000082600000, 0x0000000082600000| Untracked 
|  39|0x0000000082700000, 0x0000000082800000, 0x0000000082800000|100%| O|  |TAMS 0x00000000827dca00, 0x0000000082700000| Untracked 
|  40|0x0000000082800000, 0x0000000082900000, 0x0000000082900000|100%|HS|  |TAMS 0x0000000082800000, 0x0000000082800000| Complete 
|  41|0x0000000082900000, 0x0000000082a00000, 0x0000000082a00000|100%|HC|  |TAMS 0x0000000082900000, 0x0000000082900000| Complete 
|  42|0x0000000082a00000, 0x0000000082b00000, 0x0000000082b00000|100%|HC|  |TAMS 0x0000000082a00000, 0x0000000082a00000| Complete 
|  43|0x0000000082b00000, 0x0000000082c00000, 0x0000000082c00000|100%|HS|  |TAMS 0x0000000082b00000, 0x0000000082b00000| Complete 
|  44|0x0000000082c00000, 0x0000000082d00000, 0x0000000082d00000|100%|HC|  |TAMS 0x0000000082c00000, 0x0000000082c00000| Complete 
|  45|0x0000000082d00000, 0x0000000082e00000, 0x0000000082e00000|100%| O|  |TAMS 0x0000000082d00000, 0x0000000082d00000| Untracked 
|  46|0x0000000082e00000, 0x0000000082f00000, 0x0000000082f00000|100%| O|  |TAMS 0x0000000082e00000, 0x0000000082e00000| Untracked 
|  47|0x0000000082f00000, 0x0000000083000000, 0x0000000083000000|100%| O|  |TAMS 0x0000000082f00000, 0x0000000082f00000| Untracked 
|  48|0x0000000083000000, 0x0000000083100000, 0x0000000083100000|100%| O|  |TAMS 0x0000000083000000, 0x0000000083000000| Untracked 
|  49|0x0000000083100000, 0x0000000083200000, 0x0000000083200000|100%| O|  |TAMS 0x0000000083100000, 0x0000000083100000| Untracked 
|  50|0x0000000083200000, 0x0000000083300000, 0x0000000083300000|100%| O|  |TAMS 0x0000000083200000, 0x0000000083200000| Untracked 
|  51|0x0000000083300000, 0x0000000083400000, 0x0000000083400000|100%| O|  |TAMS 0x0000000083300000, 0x0000000083300000| Untracked 
|  52|0x0000000083400000, 0x00000000834f3200, 0x0000000083500000| 94%| O|  |TAMS 0x0000000083400000, 0x0000000083400000| Untracked 
|  53|0x0000000083500000, 0x0000000083500000, 0x0000000083600000|  0%| F|  |TAMS 0x0000000083500000, 0x0000000083500000| Untracked 
|  54|0x0000000083600000, 0x0000000083600000, 0x0000000083700000|  0%| F|  |TAMS 0x0000000083600000, 0x0000000083600000| Untracked 
|  55|0x0000000083700000, 0x0000000083700000, 0x0000000083800000|  0%| F|  |TAMS 0x0000000083700000, 0x0000000083700000| Untracked 
|  56|0x0000000083800000, 0x0000000083800000, 0x0000000083900000|  0%| F|  |TAMS 0x0000000083800000, 0x0000000083800000| Untracked 
|  57|0x0000000083900000, 0x0000000083900000, 0x0000000083a00000|  0%| F|  |TAMS 0x0000000083900000, 0x0000000083900000| Untracked 
|  58|0x0000000083a00000, 0x0000000083a00000, 0x0000000083b00000|  0%| F|  |TAMS 0x0000000083a00000, 0x0000000083a00000| Untracked 
|  59|0x0000000083b00000, 0x0000000083b00000, 0x0000000083c00000|  0%| F|  |TAMS 0x0000000083b00000, 0x0000000083b00000| Untracked 
|  60|0x0000000083c00000, 0x0000000083c00000, 0x0000000083d00000|  0%| F|  |TAMS 0x0000000083c00000, 0x0000000083c00000| Untracked 
|  61|0x0000000083d00000, 0x0000000083d00000, 0x0000000083e00000|  0%| F|  |TAMS 0x0000000083d00000, 0x0000000083d00000| Untracked 
|  62|0x0000000083e00000, 0x0000000083e00000, 0x0000000083f00000|  0%| F|  |TAMS 0x0000000083e00000, 0x0000000083e00000| Untracked 
|  63|0x0000000083f00000, 0x0000000083f00000, 0x0000000084000000|  0%| F|  |TAMS 0x0000000083f00000, 0x0000000083f00000| Untracked 
|  64|0x0000000084000000, 0x0000000084000000, 0x0000000084100000|  0%| F|  |TAMS 0x0000000084000000, 0x0000000084000000| Untracked 
|  65|0x0000000084100000, 0x0000000084100000, 0x0000000084200000|  0%| F|  |TAMS 0x0000000084100000, 0x0000000084100000| Untracked 
|  66|0x0000000084200000, 0x0000000084200000, 0x0000000084300000|  0%| F|  |TAMS 0x0000000084200000, 0x0000000084200000| Untracked 
|  67|0x0000000084300000, 0x0000000084300000, 0x0000000084400000|  0%| F|  |TAMS 0x0000000084300000, 0x0000000084300000| Untracked 
|  68|0x0000000084400000, 0x0000000084400000, 0x0000000084500000|  0%| F|  |TAMS 0x0000000084400000, 0x0000000084400000| Untracked 
|  69|0x0000000084500000, 0x0000000084500000, 0x0000000084600000|  0%| F|  |TAMS 0x0000000084500000, 0x0000000084500000| Untracked 
|  70|0x0000000084600000, 0x0000000084600000, 0x0000000084700000|  0%| F|  |TAMS 0x0000000084600000, 0x0000000084600000| Untracked 
|  71|0x0000000084700000, 0x0000000084700000, 0x0000000084800000|  0%| F|  |TAMS 0x0000000084700000, 0x0000000084700000| Untracked 
|  72|0x0000000084800000, 0x0000000084800000, 0x0000000084900000|  0%| F|  |TAMS 0x0000000084800000, 0x0000000084800000| Untracked 
|  73|0x0000000084900000, 0x0000000084900000, 0x0000000084a00000|  0%| F|  |TAMS 0x0000000084900000, 0x0000000084900000| Untracked 
|  74|0x0000000084a00000, 0x0000000084a00000, 0x0000000084b00000|  0%| F|  |TAMS 0x0000000084a00000, 0x0000000084a00000| Untracked 
|  75|0x0000000084b00000, 0x0000000084b00000, 0x0000000084c00000|  0%| F|  |TAMS 0x0000000084b00000, 0x0000000084b00000| Untracked 
|  76|0x0000000084c00000, 0x0000000084c00000, 0x0000000084d00000|  0%| F|  |TAMS 0x0000000084c00000, 0x0000000084c00000| Untracked 
|  77|0x0000000084d00000, 0x0000000084d00000, 0x0000000084e00000|  0%| F|  |TAMS 0x0000000084d00000, 0x0000000084d00000| Untracked 
|  78|0x0000000084e00000, 0x0000000084e00000, 0x0000000084f00000|  0%| F|  |TAMS 0x0000000084e00000, 0x0000000084e00000| Untracked 
|  79|0x0000000084f00000, 0x0000000084f00000, 0x0000000085000000|  0%| F|  |TAMS 0x0000000084f00000, 0x0000000084f00000| Untracked 
|  80|0x0000000085000000, 0x0000000085000000, 0x0000000085100000|  0%| F|  |TAMS 0x0000000085000000, 0x0000000085000000| Untracked 
|  81|0x0000000085100000, 0x0000000085100000, 0x0000000085200000|  0%| F|  |TAMS 0x0000000085100000, 0x0000000085100000| Untracked 
|  82|0x0000000085200000, 0x0000000085200000, 0x0000000085300000|  0%| F|  |TAMS 0x0000000085200000, 0x0000000085200000| Untracked 
|  83|0x0000000085300000, 0x0000000085300000, 0x0000000085400000|  0%| F|  |TAMS 0x0000000085300000, 0x0000000085300000| Untracked 
|  84|0x0000000085400000, 0x0000000085400000, 0x0000000085500000|  0%| F|  |TAMS 0x0000000085400000, 0x0000000085400000| Untracked 
|  85|0x0000000085500000, 0x0000000085500000, 0x0000000085600000|  0%| F|  |TAMS 0x0000000085500000, 0x0000000085500000| Untracked 
|  86|0x0000000085600000, 0x0000000085600000, 0x0000000085700000|  0%| F|  |TAMS 0x0000000085600000, 0x0000000085600000| Untracked 
|  87|0x0000000085700000, 0x0000000085700000, 0x0000000085800000|  0%| F|  |TAMS 0x0000000085700000, 0x0000000085700000| Untracked 
|  88|0x0000000085800000, 0x0000000085800000, 0x0000000085900000|  0%| F|  |TAMS 0x0000000085800000, 0x0000000085800000| Untracked 
|  89|0x0000000085900000, 0x0000000085900000, 0x0000000085a00000|  0%| F|  |TAMS 0x0000000085900000, 0x0000000085900000| Untracked 
|  90|0x0000000085a00000, 0x0000000085a00000, 0x0000000085b00000|  0%| F|  |TAMS 0x0000000085a00000, 0x0000000085a00000| Untracked 
|  91|0x0000000085b00000, 0x0000000085b00000, 0x0000000085c00000|  0%| F|  |TAMS 0x0000000085b00000, 0x0000000085b00000| Untracked 
|  92|0x0000000085c00000, 0x0000000085c00000, 0x0000000085d00000|  0%| F|  |TAMS 0x0000000085c00000, 0x0000000085c00000| Untracked 
|  93|0x0000000085d00000, 0x0000000085d00000, 0x0000000085e00000|  0%| F|  |TAMS 0x0000000085d00000, 0x0000000085d00000| Untracked 
|  94|0x0000000085e00000, 0x0000000085e00000, 0x0000000085f00000|  0%| F|  |TAMS 0x0000000085e00000, 0x0000000085e00000| Untracked 
|  95|0x0000000085f00000, 0x0000000085f00000, 0x0000000086000000|  0%| F|  |TAMS 0x0000000085f00000, 0x0000000085f00000| Untracked 
|  96|0x0000000086000000, 0x0000000086000000, 0x0000000086100000|  0%| F|  |TAMS 0x0000000086000000, 0x0000000086000000| Untracked 
|  97|0x0000000086100000, 0x0000000086200000, 0x0000000086200000|100%| S|CS|TAMS 0x0000000086100000, 0x0000000086100000| Complete 
|  98|0x0000000086200000, 0x0000000086300000, 0x0000000086300000|100%| S|CS|TAMS 0x0000000086200000, 0x0000000086200000| Complete 
|  99|0x0000000086300000, 0x0000000086400000, 0x0000000086400000|100%| S|CS|TAMS 0x0000000086300000, 0x0000000086300000| Complete 
| 100|0x0000000086400000, 0x0000000086500000, 0x0000000086500000|100%| S|CS|TAMS 0x0000000086400000, 0x0000000086400000| Complete 
| 101|0x0000000086500000, 0x0000000086600000, 0x0000000086600000|100%| S|CS|TAMS 0x0000000086500000, 0x0000000086500000| Complete 
| 102|0x0000000086600000, 0x0000000086700000, 0x0000000086700000|100%| S|CS|TAMS 0x0000000086600000, 0x0000000086600000| Complete 
| 103|0x0000000086700000, 0x0000000086800000, 0x0000000086800000|100%| S|CS|TAMS 0x0000000086700000, 0x0000000086700000| Complete 
| 104|0x0000000086800000, 0x0000000086900000, 0x0000000086900000|100%| S|CS|TAMS 0x0000000086800000, 0x0000000086800000| Complete 
| 105|0x0000000086900000, 0x0000000086a00000, 0x0000000086a00000|100%| S|CS|TAMS 0x0000000086900000, 0x0000000086900000| Complete 
| 106|0x0000000086a00000, 0x0000000086b00000, 0x0000000086b00000|100%| S|CS|TAMS 0x0000000086a00000, 0x0000000086a00000| Complete 
| 107|0x0000000086b00000, 0x0000000086c00000, 0x0000000086c00000|100%| S|CS|TAMS 0x0000000086b00000, 0x0000000086b00000| Complete 
| 108|0x0000000086c00000, 0x0000000086d00000, 0x0000000086d00000|100%| S|CS|TAMS 0x0000000086c00000, 0x0000000086c00000| Complete 
| 109|0x0000000086d00000, 0x0000000086e00000, 0x0000000086e00000|100%| S|CS|TAMS 0x0000000086d00000, 0x0000000086d00000| Complete 
| 110|0x0000000086e00000, 0x0000000086f00000, 0x0000000086f00000|100%| S|CS|TAMS 0x0000000086e00000, 0x0000000086e00000| Complete 
| 111|0x0000000086f00000, 0x0000000086f00000, 0x0000000087000000|  0%| F|  |TAMS 0x0000000086f00000, 0x0000000086f00000| Untracked 
| 112|0x0000000087000000, 0x0000000087000000, 0x0000000087100000|  0%| F|  |TAMS 0x0000000087000000, 0x0000000087000000| Untracked 
| 113|0x0000000087100000, 0x0000000087100000, 0x0000000087200000|  0%| F|  |TAMS 0x0000000087100000, 0x0000000087100000| Untracked 
| 114|0x0000000087200000, 0x0000000087200000, 0x0000000087300000|  0%| F|  |TAMS 0x0000000087200000, 0x0000000087200000| Untracked 
| 115|0x0000000087300000, 0x0000000087300000, 0x0000000087400000|  0%| F|  |TAMS 0x0000000087300000, 0x0000000087300000| Untracked 
| 116|0x0000000087400000, 0x0000000087400000, 0x0000000087500000|  0%| F|  |TAMS 0x0000000087400000, 0x0000000087400000| Untracked 
| 117|0x0000000087500000, 0x0000000087500000, 0x0000000087600000|  0%| F|  |TAMS 0x0000000087500000, 0x0000000087500000| Untracked 
| 118|0x0000000087600000, 0x0000000087600000, 0x0000000087700000|  0%| F|  |TAMS 0x0000000087600000, 0x0000000087600000| Untracked 
| 119|0x0000000087700000, 0x0000000087700000, 0x0000000087800000|  0%| F|  |TAMS 0x0000000087700000, 0x0000000087700000| Untracked 
| 120|0x0000000087800000, 0x0000000087800000, 0x0000000087900000|  0%| F|  |TAMS 0x0000000087800000, 0x0000000087800000| Untracked 
| 121|0x0000000087900000, 0x0000000087900000, 0x0000000087a00000|  0%| F|  |TAMS 0x0000000087900000, 0x0000000087900000| Untracked 
| 122|0x0000000087a00000, 0x0000000087a00000, 0x0000000087b00000|  0%| F|  |TAMS 0x0000000087a00000, 0x0000000087a00000| Untracked 
| 123|0x0000000087b00000, 0x0000000087b00000, 0x0000000087c00000|  0%| F|  |TAMS 0x0000000087b00000, 0x0000000087b00000| Untracked 
| 124|0x0000000087c00000, 0x0000000087c00000, 0x0000000087d00000|  0%| F|  |TAMS 0x0000000087c00000, 0x0000000087c00000| Untracked 
| 125|0x0000000087d00000, 0x0000000087d00000, 0x0000000087e00000|  0%| F|  |TAMS 0x0000000087d00000, 0x0000000087d00000| Untracked 
| 126|0x0000000087e00000, 0x0000000087e00000, 0x0000000087f00000|  0%| F|  |TAMS 0x0000000087e00000, 0x0000000087e00000| Untracked 
| 127|0x0000000087f00000, 0x0000000088000000, 0x0000000088000000|100%| S|CS|TAMS 0x0000000087f00000, 0x0000000087f00000| Complete 
| 128|0x0000000088000000, 0x0000000088100000, 0x0000000088100000|100%| S|CS|TAMS 0x0000000088000000, 0x0000000088000000| Complete 
| 129|0x0000000088100000, 0x0000000088200000, 0x0000000088200000|100%| S|CS|TAMS 0x0000000088100000, 0x0000000088100000| Complete 
| 130|0x0000000088200000, 0x0000000088200000, 0x0000000088300000|  0%| F|  |TAMS 0x0000000088200000, 0x0000000088200000| Untracked 
| 131|0x0000000088300000, 0x0000000088300000, 0x0000000088400000|  0%| F|  |TAMS 0x0000000088300000, 0x0000000088300000| Untracked 
| 132|0x0000000088400000, 0x0000000088400000, 0x0000000088500000|  0%| F|  |TAMS 0x0000000088400000, 0x0000000088400000| Untracked 
| 133|0x0000000088500000, 0x0000000088500000, 0x0000000088600000|  0%| F|  |TAMS 0x0000000088500000, 0x0000000088500000| Untracked 
| 134|0x0000000088600000, 0x0000000088600000, 0x0000000088700000|  0%| F|  |TAMS 0x0000000088600000, 0x0000000088600000| Untracked 
| 135|0x0000000088700000, 0x0000000088700000, 0x0000000088800000|  0%| F|  |TAMS 0x0000000088700000, 0x0000000088700000| Untracked 
| 136|0x0000000088800000, 0x0000000088800000, 0x0000000088900000|  0%| F|  |TAMS 0x0000000088800000, 0x0000000088800000| Untracked 
| 137|0x0000000088900000, 0x0000000088900000, 0x0000000088a00000|  0%| F|  |TAMS 0x0000000088900000, 0x0000000088900000| Untracked 
| 138|0x0000000088a00000, 0x0000000088a00000, 0x0000000088b00000|  0%| F|  |TAMS 0x0000000088a00000, 0x0000000088a00000| Untracked 
| 139|0x0000000088b00000, 0x0000000088b00000, 0x0000000088c00000|  0%| F|  |TAMS 0x0000000088b00000, 0x0000000088b00000| Untracked 
| 140|0x0000000088c00000, 0x0000000088c00000, 0x0000000088d00000|  0%| F|  |TAMS 0x0000000088c00000, 0x0000000088c00000| Untracked 
| 141|0x0000000088d00000, 0x0000000088d00000, 0x0000000088e00000|  0%| F|  |TAMS 0x0000000088d00000, 0x0000000088d00000| Untracked 
| 142|0x0000000088e00000, 0x0000000088e00000, 0x0000000088f00000|  0%| F|  |TAMS 0x0000000088e00000, 0x0000000088e00000| Untracked 
| 143|0x0000000088f00000, 0x0000000088f00000, 0x0000000089000000|  0%| F|  |TAMS 0x0000000088f00000, 0x0000000088f00000| Untracked 
| 144|0x0000000089000000, 0x0000000089000000, 0x0000000089100000|  0%| F|  |TAMS 0x0000000089000000, 0x0000000089000000| Untracked 
| 145|0x0000000089100000, 0x0000000089100000, 0x0000000089200000|  0%| F|  |TAMS 0x0000000089100000, 0x0000000089100000| Untracked 
| 146|0x0000000089200000, 0x0000000089200000, 0x0000000089300000|  0%| F|  |TAMS 0x0000000089200000, 0x0000000089200000| Untracked 
| 147|0x0000000089300000, 0x0000000089300000, 0x0000000089400000|  0%| F|  |TAMS 0x0000000089300000, 0x0000000089300000| Untracked 
| 148|0x0000000089400000, 0x0000000089400000, 0x0000000089500000|  0%| F|  |TAMS 0x0000000089400000, 0x0000000089400000| Untracked 
| 149|0x0000000089500000, 0x0000000089500000, 0x0000000089600000|  0%| F|  |TAMS 0x0000000089500000, 0x0000000089500000| Untracked 
| 150|0x0000000089600000, 0x0000000089600000, 0x0000000089700000|  0%| F|  |TAMS 0x0000000089600000, 0x0000000089600000| Untracked 
| 151|0x0000000089700000, 0x0000000089700000, 0x0000000089800000|  0%| F|  |TAMS 0x0000000089700000, 0x0000000089700000| Untracked 
| 152|0x0000000089800000, 0x0000000089800000, 0x0000000089900000|  0%| F|  |TAMS 0x0000000089800000, 0x0000000089800000| Untracked 
| 153|0x0000000089900000, 0x0000000089900000, 0x0000000089a00000|  0%| F|  |TAMS 0x0000000089900000, 0x0000000089900000| Untracked 
| 154|0x0000000089a00000, 0x0000000089a00000, 0x0000000089b00000|  0%| F|  |TAMS 0x0000000089a00000, 0x0000000089a00000| Untracked 
| 155|0x0000000089b00000, 0x0000000089b00000, 0x0000000089c00000|  0%| F|  |TAMS 0x0000000089b00000, 0x0000000089b00000| Untracked 
| 156|0x0000000089c00000, 0x0000000089c00000, 0x0000000089d00000|  0%| F|  |TAMS 0x0000000089c00000, 0x0000000089c00000| Untracked 
| 157|0x0000000089d00000, 0x0000000089d00000, 0x0000000089e00000|  0%| F|  |TAMS 0x0000000089d00000, 0x0000000089d00000| Untracked 
| 158|0x0000000089e00000, 0x0000000089e00000, 0x0000000089f00000|  0%| F|  |TAMS 0x0000000089e00000, 0x0000000089e00000| Untracked 
| 159|0x0000000089f00000, 0x0000000089f00000, 0x000000008a000000|  0%| F|  |TAMS 0x0000000089f00000, 0x0000000089f00000| Untracked 
| 160|0x000000008a000000, 0x000000008a000000, 0x000000008a100000|  0%| F|  |TAMS 0x000000008a000000, 0x000000008a000000| Untracked 
| 161|0x000000008a100000, 0x000000008a100000, 0x000000008a200000|  0%| F|  |TAMS 0x000000008a100000, 0x000000008a100000| Untracked 
| 162|0x000000008a200000, 0x000000008a200000, 0x000000008a300000|  0%| F|  |TAMS 0x000000008a200000, 0x000000008a200000| Untracked 
| 163|0x000000008a300000, 0x000000008a300000, 0x000000008a400000|  0%| F|  |TAMS 0x000000008a300000, 0x000000008a300000| Untracked 
| 164|0x000000008a400000, 0x000000008a400000, 0x000000008a500000|  0%| F|  |TAMS 0x000000008a400000, 0x000000008a400000| Untracked 
| 165|0x000000008a500000, 0x000000008a500000, 0x000000008a600000|  0%| F|  |TAMS 0x000000008a500000, 0x000000008a500000| Untracked 
| 166|0x000000008a600000, 0x000000008a600000, 0x000000008a700000|  0%| F|  |TAMS 0x000000008a600000, 0x000000008a600000| Untracked 
| 167|0x000000008a700000, 0x000000008a700000, 0x000000008a800000|  0%| F|  |TAMS 0x000000008a700000, 0x000000008a700000| Untracked 
| 168|0x000000008a800000, 0x000000008a800000, 0x000000008a900000|  0%| F|  |TAMS 0x000000008a800000, 0x000000008a800000| Untracked 
| 169|0x000000008a900000, 0x000000008a900000, 0x000000008aa00000|  0%| F|  |TAMS 0x000000008a900000, 0x000000008a900000| Untracked 
| 170|0x000000008aa00000, 0x000000008aa00000, 0x000000008ab00000|  0%| F|  |TAMS 0x000000008aa00000, 0x000000008aa00000| Untracked 
| 171|0x000000008ab00000, 0x000000008ab00000, 0x000000008ac00000|  0%| F|  |TAMS 0x000000008ab00000, 0x000000008ab00000| Untracked 
| 172|0x000000008ac00000, 0x000000008ac00000, 0x000000008ad00000|  0%| F|  |TAMS 0x000000008ac00000, 0x000000008ac00000| Untracked 
| 173|0x000000008ad00000, 0x000000008ad00000, 0x000000008ae00000|  0%| F|  |TAMS 0x000000008ad00000, 0x000000008ad00000| Untracked 
| 174|0x000000008ae00000, 0x000000008ae00000, 0x000000008af00000|  0%| F|  |TAMS 0x000000008ae00000, 0x000000008ae00000| Untracked 
| 175|0x000000008af00000, 0x000000008af00000, 0x000000008b000000|  0%| F|  |TAMS 0x000000008af00000, 0x000000008af00000| Untracked 
| 176|0x000000008b000000, 0x000000008b000000, 0x000000008b100000|  0%| F|  |TAMS 0x000000008b000000, 0x000000008b000000| Untracked 
| 177|0x000000008b100000, 0x000000008b100000, 0x000000008b200000|  0%| F|  |TAMS 0x000000008b100000, 0x000000008b100000| Untracked 
| 178|0x000000008b200000, 0x000000008b200000, 0x000000008b300000|  0%| F|  |TAMS 0x000000008b200000, 0x000000008b200000| Untracked 
| 179|0x000000008b300000, 0x000000008b300000, 0x000000008b400000|  0%| F|  |TAMS 0x000000008b300000, 0x000000008b300000| Untracked 
| 180|0x000000008b400000, 0x000000008b400000, 0x000000008b500000|  0%| F|  |TAMS 0x000000008b400000, 0x000000008b400000| Untracked 
| 181|0x000000008b500000, 0x000000008b500000, 0x000000008b600000|  0%| F|  |TAMS 0x000000008b500000, 0x000000008b500000| Untracked 
| 182|0x000000008b600000, 0x000000008b600000, 0x000000008b700000|  0%| F|  |TAMS 0x000000008b600000, 0x000000008b600000| Untracked 
| 183|0x000000008b700000, 0x000000008b700000, 0x000000008b800000|  0%| F|  |TAMS 0x000000008b700000, 0x000000008b700000| Untracked 
| 184|0x000000008b800000, 0x000000008b800000, 0x000000008b900000|  0%| F|  |TAMS 0x000000008b800000, 0x000000008b800000| Untracked 
| 185|0x000000008b900000, 0x000000008b900000, 0x000000008ba00000|  0%| F|  |TAMS 0x000000008b900000, 0x000000008b900000| Untracked 
| 186|0x000000008ba00000, 0x000000008ba00000, 0x000000008bb00000|  0%| F|  |TAMS 0x000000008ba00000, 0x000000008ba00000| Untracked 
| 187|0x000000008bb00000, 0x000000008bb00000, 0x000000008bc00000|  0%| F|  |TAMS 0x000000008bb00000, 0x000000008bb00000| Untracked 
| 188|0x000000008bc00000, 0x000000008bc00000, 0x000000008bd00000|  0%| F|  |TAMS 0x000000008bc00000, 0x000000008bc00000| Untracked 
| 189|0x000000008bd00000, 0x000000008bd00000, 0x000000008be00000|  0%| F|  |TAMS 0x000000008bd00000, 0x000000008bd00000| Untracked 
| 190|0x000000008be00000, 0x000000008be00000, 0x000000008bf00000|  0%| F|  |TAMS 0x000000008be00000, 0x000000008be00000| Untracked 
| 191|0x000000008bf00000, 0x000000008bf00000, 0x000000008c000000|  0%| F|  |TAMS 0x000000008bf00000, 0x000000008bf00000| Untracked 
| 192|0x000000008c000000, 0x000000008c000000, 0x000000008c100000|  0%| F|  |TAMS 0x000000008c000000, 0x000000008c000000| Untracked 
| 193|0x000000008c100000, 0x000000008c100000, 0x000000008c200000|  0%| F|  |TAMS 0x000000008c100000, 0x000000008c100000| Untracked 
| 194|0x000000008c200000, 0x000000008c200000, 0x000000008c300000|  0%| F|  |TAMS 0x000000008c200000, 0x000000008c200000| Untracked 
| 195|0x000000008c300000, 0x000000008c300000, 0x000000008c400000|  0%| F|  |TAMS 0x000000008c300000, 0x000000008c300000| Untracked 
| 196|0x000000008c400000, 0x000000008c400000, 0x000000008c500000|  0%| F|  |TAMS 0x000000008c400000, 0x000000008c400000| Untracked 
| 197|0x000000008c500000, 0x000000008c500000, 0x000000008c600000|  0%| F|  |TAMS 0x000000008c500000, 0x000000008c500000| Untracked 
| 198|0x000000008c600000, 0x000000008c600000, 0x000000008c700000|  0%| F|  |TAMS 0x000000008c600000, 0x000000008c600000| Untracked 
| 199|0x000000008c700000, 0x000000008c700000, 0x000000008c800000|  0%| F|  |TAMS 0x000000008c700000, 0x000000008c700000| Untracked 
| 200|0x000000008c800000, 0x000000008c800000, 0x000000008c900000|  0%| F|  |TAMS 0x000000008c800000, 0x000000008c800000| Untracked 
| 201|0x000000008c900000, 0x000000008c900000, 0x000000008ca00000|  0%| F|  |TAMS 0x000000008c900000, 0x000000008c900000| Untracked 
| 202|0x000000008ca00000, 0x000000008ca00000, 0x000000008cb00000|  0%| F|  |TAMS 0x000000008ca00000, 0x000000008ca00000| Untracked 
| 203|0x000000008cb00000, 0x000000008cb00000, 0x000000008cc00000|  0%| F|  |TAMS 0x000000008cb00000, 0x000000008cb00000| Untracked 
| 204|0x000000008cc00000, 0x000000008cc808e8, 0x000000008cd00000| 50%| E|  |TAMS 0x000000008cc00000, 0x000000008cc00000| Complete 
| 205|0x000000008cd00000, 0x000000008ce00000, 0x000000008ce00000|100%| E|CS|TAMS 0x000000008cd00000, 0x000000008cd00000| Complete 
| 206|0x000000008ce00000, 0x000000008cf00000, 0x000000008cf00000|100%| E|CS|TAMS 0x000000008ce00000, 0x000000008ce00000| Complete 
| 207|0x000000008cf00000, 0x000000008d000000, 0x000000008d000000|100%| E|CS|TAMS 0x000000008cf00000, 0x000000008cf00000| Complete 
| 208|0x000000008d000000, 0x000000008d100000, 0x000000008d100000|100%| E|CS|TAMS 0x000000008d000000, 0x000000008d000000| Complete 
| 209|0x000000008d100000, 0x000000008d200000, 0x000000008d200000|100%| E|CS|TAMS 0x000000008d100000, 0x000000008d100000| Complete 
| 210|0x000000008d200000, 0x000000008d300000, 0x000000008d300000|100%| E|CS|TAMS 0x000000008d200000, 0x000000008d200000| Complete 
| 211|0x000000008d300000, 0x000000008d400000, 0x000000008d400000|100%| E|CS|TAMS 0x000000008d300000, 0x000000008d300000| Complete 
| 212|0x000000008d400000, 0x000000008d500000, 0x000000008d500000|100%| E|CS|TAMS 0x000000008d400000, 0x000000008d400000| Complete 
| 213|0x000000008d500000, 0x000000008d600000, 0x000000008d600000|100%| E|CS|TAMS 0x000000008d500000, 0x000000008d500000| Complete 
| 214|0x000000008d600000, 0x000000008d700000, 0x000000008d700000|100%| E|CS|TAMS 0x000000008d600000, 0x000000008d600000| Complete 
| 215|0x000000008d700000, 0x000000008d800000, 0x000000008d800000|100%| E|CS|TAMS 0x000000008d700000, 0x000000008d700000| Complete 
| 216|0x000000008d800000, 0x000000008d900000, 0x000000008d900000|100%| E|CS|TAMS 0x000000008d800000, 0x000000008d800000| Complete 
| 217|0x000000008d900000, 0x000000008da00000, 0x000000008da00000|100%| E|CS|TAMS 0x000000008d900000, 0x000000008d900000| Complete 
| 218|0x000000008da00000, 0x000000008db00000, 0x000000008db00000|100%| E|CS|TAMS 0x000000008da00000, 0x000000008da00000| Complete 
| 219|0x000000008db00000, 0x000000008dc00000, 0x000000008dc00000|100%| E|CS|TAMS 0x000000008db00000, 0x000000008db00000| Complete 
| 220|0x000000008dc00000, 0x000000008dd00000, 0x000000008dd00000|100%| E|CS|TAMS 0x000000008dc00000, 0x000000008dc00000| Complete 
| 221|0x000000008dd00000, 0x000000008de00000, 0x000000008de00000|100%| E|CS|TAMS 0x000000008dd00000, 0x000000008dd00000| Complete 
| 222|0x000000008de00000, 0x000000008df00000, 0x000000008df00000|100%| E|CS|TAMS 0x000000008de00000, 0x000000008de00000| Complete 
| 223|0x000000008df00000, 0x000000008e000000, 0x000000008e000000|100%| E|CS|TAMS 0x000000008df00000, 0x000000008df00000| Complete 
| 224|0x000000008e000000, 0x000000008e100000, 0x000000008e100000|100%| E|CS|TAMS 0x000000008e000000, 0x000000008e000000| Complete 
| 225|0x000000008e100000, 0x000000008e200000, 0x000000008e200000|100%| E|CS|TAMS 0x000000008e100000, 0x000000008e100000| Complete 
| 226|0x000000008e200000, 0x000000008e300000, 0x000000008e300000|100%| E|CS|TAMS 0x000000008e200000, 0x000000008e200000| Complete 
| 227|0x000000008e300000, 0x000000008e400000, 0x000000008e400000|100%| E|CS|TAMS 0x000000008e300000, 0x000000008e300000| Complete 
| 228|0x000000008e400000, 0x000000008e500000, 0x000000008e500000|100%| E|CS|TAMS 0x000000008e400000, 0x000000008e400000| Complete 
| 229|0x000000008e500000, 0x000000008e600000, 0x000000008e600000|100%| E|CS|TAMS 0x000000008e500000, 0x000000008e500000| Complete 
| 230|0x000000008e600000, 0x000000008e700000, 0x000000008e700000|100%| E|CS|TAMS 0x000000008e600000, 0x000000008e600000| Complete 
| 231|0x000000008e700000, 0x000000008e800000, 0x000000008e800000|100%| E|CS|TAMS 0x000000008e700000, 0x000000008e700000| Complete 
| 232|0x000000008e800000, 0x000000008e900000, 0x000000008e900000|100%| E|CS|TAMS 0x000000008e800000, 0x000000008e800000| Complete 
| 233|0x000000008e900000, 0x000000008ea00000, 0x000000008ea00000|100%| E|CS|TAMS 0x000000008e900000, 0x000000008e900000| Complete 
| 234|0x000000008ea00000, 0x000000008eb00000, 0x000000008eb00000|100%| E|CS|TAMS 0x000000008ea00000, 0x000000008ea00000| Complete 
| 235|0x000000008eb00000, 0x000000008ec00000, 0x000000008ec00000|100%| E|CS|TAMS 0x000000008eb00000, 0x000000008eb00000| Complete 
| 236|0x000000008ec00000, 0x000000008ed00000, 0x000000008ed00000|100%| E|CS|TAMS 0x000000008ec00000, 0x000000008ec00000| Complete 
| 237|0x000000008ed00000, 0x000000008ee00000, 0x000000008ee00000|100%| E|CS|TAMS 0x000000008ed00000, 0x000000008ed00000| Complete 
| 238|0x000000008ee00000, 0x000000008ef00000, 0x000000008ef00000|100%| E|CS|TAMS 0x000000008ee00000, 0x000000008ee00000| Complete 
| 239|0x000000008ef00000, 0x000000008f000000, 0x000000008f000000|100%| E|CS|TAMS 0x000000008ef00000, 0x000000008ef00000| Complete 
| 240|0x000000008f000000, 0x000000008f100000, 0x000000008f100000|100%| E|CS|TAMS 0x000000008f000000, 0x000000008f000000| Complete 
| 241|0x000000008f100000, 0x000000008f200000, 0x000000008f200000|100%| E|CS|TAMS 0x000000008f100000, 0x000000008f100000| Complete 
| 242|0x000000008f200000, 0x000000008f300000, 0x000000008f300000|100%| E|CS|TAMS 0x000000008f200000, 0x000000008f200000| Complete 
| 243|0x000000008f300000, 0x000000008f400000, 0x000000008f400000|100%| E|CS|TAMS 0x000000008f300000, 0x000000008f300000| Complete 
| 244|0x000000008f400000, 0x000000008f500000, 0x000000008f500000|100%| E|CS|TAMS 0x000000008f400000, 0x000000008f400000| Complete 
| 245|0x000000008f500000, 0x000000008f600000, 0x000000008f600000|100%| E|CS|TAMS 0x000000008f500000, 0x000000008f500000| Complete 
| 246|0x000000008f600000, 0x000000008f700000, 0x000000008f700000|100%| E|CS|TAMS 0x000000008f600000, 0x000000008f600000| Complete 
| 247|0x000000008f700000, 0x000000008f800000, 0x000000008f800000|100%| E|CS|TAMS 0x000000008f700000, 0x000000008f700000| Complete 

Card table byte_map: [0x0000028146c00000,0x0000028147000000] _byte_map_base: 0x0000028146800000

Marking Bits (Prev, Next): (CMBitMap*) 0x0000028133a1d8d0, (CMBitMap*) 0x0000028133a1d898
 Prev Bits: [0x0000028149400000, 0x000002814b400000)
 Next Bits: [0x0000028147400000, 0x0000028149400000)

Polling page: 0x00000281331c0000

Metaspace:

Usage:
  Non-class:     50.39 MB capacity,    49.29 MB ( 98%) used,   978.26 KB (  2%) free+waste,   153.38 KB ( <1%) overhead. 
      Class:      7.73 MB capacity,     7.17 MB ( 93%) used,   496.13 KB (  6%) free+waste,    72.94 KB ( <1%) overhead. 
       Both:     58.12 MB capacity,    56.46 MB ( 97%) used,     1.44 MB (  2%) free+waste,   226.31 KB ( <1%) overhead. 

Virtual space:
  Non-class space:       52.00 MB reserved,      50.50 MB ( 97%) committed 
      Class space:        1.00 GB reserved,       7.75 MB ( <1%) committed 
             Both:        1.05 GB reserved,      58.25 MB (  5%) committed 

Chunk freelists:
   Non-Class:  45.00 KB
       Class:  0 bytes
        Both:  45.00 KB

MaxMetaspaceSize: 17179869184.00 GB
CompressedClassSpaceSize: 1.00 GB

CodeHeap 'non-profiled nmethods': size=120000Kb used=3304Kb max_used=3304Kb free=116695Kb
 bounds [0x000002813efa0000, 0x000002813f2e0000, 0x00000281464d0000]
CodeHeap 'profiled nmethods': size=120000Kb used=12818Kb max_used=12818Kb free=107181Kb
 bounds [0x0000028137a70000, 0x0000028138700000, 0x000002813efa0000]
CodeHeap 'non-nmethods': size=5760Kb used=2242Kb max_used=2261Kb free=3517Kb
 bounds [0x00000281374d0000, 0x0000028137740000, 0x0000028137a70000]
 total_blobs=6973 nmethods=6148 adapters=736
 compilation: enabled
              stopped_count=0, restarted_count=0
 full_count=0

Compilation events (20 events):
Event: 18.567 Thread 0x000002814e736800 nmethod 6129 0x00000281386df510 code [0x00000281386df760, 0x00000281386e0088]
Event: 18.567 Thread 0x000002814e736800 6125       3       org.gradle.api.internal.provider.AbstractProperty$NonFinalizedValue::beforeMutate (34 bytes)
Event: 18.568 Thread 0x000002814e736800 nmethod 6125 0x00000281386e0410 code [0x00000281386e06c0, 0x00000281386e12b8]
Event: 18.569 Thread 0x000002814e736800 6127       3       com.google.common.reflect.Types::access$200 (6 bytes)
Event: 18.569 Thread 0x000002814e736800 nmethod 6127 0x00000281386e1710 code [0x00000281386e18c0, 0x00000281386e19c8]
Event: 18.569 Thread 0x000002814e736800 6134       1       javax.management.ObjectName::getCanonicalName (5 bytes)
Event: 18.569 Thread 0x000002814e736800 nmethod 6134 0x000002813f2d9890 code [0x000002813f2d9a40, 0x000002813f2d9af8]
Event: 18.569 Thread 0x000002814e736800 6130       3       org.gradle.cache.Cache::get (14 bytes)
Event: 18.570 Thread 0x000002814e736800 nmethod 6130 0x00000281386e1a90 code [0x00000281386e1ca0, 0x00000281386e2308]
Event: 18.570 Thread 0x000002814e736800 6131       3       org.gradle.cache.Cache$$Lambda$68/0x0000000100185840::get$Lambda (9 bytes)
Event: 18.570 Thread 0x000002814e736800 nmethod 6131 0x00000281386e2510 code [0x00000281386e26e0, 0x00000281386e2938]
Event: 18.570 Thread 0x000002814e736800 6132       3       org.gradle.cache.Cache$$Lambda$68/0x0000000100185840::<init> (10 bytes)
Event: 18.570 Thread 0x000002814e736800 nmethod 6132 0x00000281386e2a10 code [0x00000281386e2bc0, 0x00000281386e2d78]
Event: 18.571 Thread 0x000002814e736800 6135       3       org.gradle.internal.snapshot.impl.IsolatedManagedValue::isolate (26 bytes)
Event: 18.571 Thread 0x000002814e736800 nmethod 6135 0x00000281386e2e10 code [0x00000281386e2fe0, 0x00000281386e3378]
Event: 18.571 Thread 0x000002814e736800 6139       3       org.gradle.internal.state.DefaultManagedFactoryRegistry::lookup (41 bytes)
Event: 18.572 Thread 0x000002814e736800 nmethod 6139 0x00000281386e3490 code [0x00000281386e36a0, 0x00000281386e3d98]
Event: 18.572 Thread 0x000002814e736800 6137       3       com.google.common.collect.ImmutableMap::builder (8 bytes)
Event: 18.572 Thread 0x000002814e736800 nmethod 6137 0x00000281386e4090 code [0x00000281386e4260, 0x00000281386e45b8]
Event: 18.572 Thread 0x000002814e736800 6140       3       org.gradle.api.internal.provider.ValueSupplier$Present::<init> (6 bytes)

GC Heap History (12 events):
Event: 1.963 GC heap before
{Heap before GC invocations=0 (full 0):
 garbage-first heap   total 253952K, used 29696K [0x0000000080000000, 0x0000000100000000)
  region size 1024K, 24 young (24576K), 0 survivors (0K)
 Metaspace       used 10218K, capacity 10437K, committed 10624K, reserved 1058816K
  class space    used 1065K, capacity 1139K, committed 1152K, reserved 1048576K
}
Event: 1.969 GC heap after
{Heap after GC invocations=1 (full 0):
 garbage-first heap   total 253952K, used 9293K [0x0000000080000000, 0x0000000100000000)
  region size 1024K, 3 young (3072K), 3 survivors (3072K)
 Metaspace       used 10218K, capacity 10437K, committed 10624K, reserved 1058816K
  class space    used 1065K, capacity 1139K, committed 1152K, reserved 1048576K
}
Event: 7.459 GC heap before
{Heap before GC invocations=1 (full 0):
 garbage-first heap   total 253952K, used 105549K [0x0000000080000000, 0x0000000100000000)
  region size 1024K, 98 young (100352K), 3 survivors (3072K)
 Metaspace       used 20518K, capacity 21097K, committed 21248K, reserved 1067008K
  class space    used 2504K, capacity 2695K, committed 2816K, reserved 1048576K
}
Event: 7.474 GC heap after
{Heap after GC invocations=2 (full 0):
 garbage-first heap   total 253952K, used 16793K [0x0000000080000000, 0x0000000100000000)
  region size 1024K, 11 young (11264K), 11 survivors (11264K)
 Metaspace       used 20518K, capacity 21097K, committed 21248K, reserved 1067008K
  class space    used 2504K, capacity 2695K, committed 2816K, reserved 1048576K
}
Event: 9.045 GC heap before
{Heap before GC invocations=3 (full 0):
 garbage-first heap   total 253952K, used 93593K [0x0000000080000000, 0x0000000100000000)
  region size 1024K, 77 young (78848K), 11 survivors (11264K)
 Metaspace       used 26941K, capacity 27760K, committed 27904K, reserved 1073152K
  class space    used 3551K, capacity 3838K, committed 3840K, reserved 1048576K
}
Event: 9.058 GC heap after
{Heap after GC invocations=4 (full 0):
 garbage-first heap   total 253952K, used 32287K [0x0000000080000000, 0x0000000100000000)
  region size 1024K, 6 young (6144K), 6 survivors (6144K)
 Metaspace       used 26941K, capacity 27760K, committed 27904K, reserved 1073152K
  class space    used 3551K, capacity 3838K, committed 3840K, reserved 1048576K
}
Event: 10.584 GC heap before
{Heap before GC invocations=4 (full 0):
 garbage-first heap   total 253952K, used 82463K [0x0000000080000000, 0x0000000100000000)
  region size 1024K, 56 young (57344K), 6 survivors (6144K)
 Metaspace       used 34853K, capacity 35722K, committed 35840K, reserved 1081344K
  class space    used 4550K, capacity 4897K, committed 4992K, reserved 1048576K
}
Event: 10.600 GC heap after
{Heap after GC invocations=5 (full 0):
 garbage-first heap   total 253952K, used 35551K [0x0000000080000000, 0x0000000100000000)
  region size 1024K, 9 young (9216K), 9 survivors (9216K)
 Metaspace       used 34853K, capacity 35722K, committed 35840K, reserved 1081344K
  class space    used 4550K, capacity 4897K, committed 4992K, reserved 1048576K
}
Event: 13.483 GC heap before
{Heap before GC invocations=6 (full 0):
 garbage-first heap   total 253952K, used 161503K [0x0000000080000000, 0x0000000100000000)
  region size 1024K, 121 young (123904K), 9 survivors (9216K)
 Metaspace       used 44545K, capacity 45741K, committed 46080K, reserved 1089536K
  class space    used 5602K, capacity 6051K, committed 6144K, reserved 1048576K
}
Event: 13.524 GC heap after
{Heap after GC invocations=7 (full 0):
 garbage-first heap   total 253952K, used 53106K [0x0000000080000000, 0x0000000100000000)
  region size 1024K, 16 young (16384K), 16 survivors (16384K)
 Metaspace       used 44545K, capacity 45741K, committed 46080K, reserved 1089536K
  class space    used 5602K, capacity 6051K, committed 6144K, reserved 1048576K
}
Event: 16.975 GC heap before
{Heap before GC invocations=8 (full 0):
 garbage-first heap   total 253952K, used 182130K [0x0000000080000000, 0x0000000100000000)
  region size 1024K, 134 young (137216K), 16 survivors (16384K)
 Metaspace       used 51348K, capacity 52840K, committed 52992K, reserved 1095680K
  class space    used 6575K, capacity 7058K, committed 7168K, reserved 1048576K
}
Event: 17.000 GC heap after
{Heap after GC invocations=9 (full 0):
 garbage-first heap   total 253952K, used 71628K [0x0000000080000000, 0x0000000100000000)
  region size 1024K, 17 young (17408K), 17 survivors (17408K)
 Metaspace       used 51348K, capacity 52840K, committed 52992K, reserved 1095680K
  class space    used 6575K, capacity 7058K, committed 7168K, reserved 1048576K
}

Deoptimization events (20 events):
Event: 17.399 Thread 0x000002814e893800 Uncommon trap: trap_request=0xffffff4d fr.pc=0x000002813efd496c relative=0x00000000000000cc
Event: 17.399 Thread 0x000002814e893800 Uncommon trap: reason=unstable_if action=reinterpret pc=0x000002813efd496c method=java.lang.String.getBytes([BIB)V @ 5 c2
Event: 17.399 Thread 0x000002814e893800 DEOPT PACKING pc=0x000002813efd496c sp=0x000000d50d0f7160
Event: 17.399 Thread 0x000002814e893800 DEOPT UNPACKING pc=0x00000281374f78af sp=0x000000d50d0f7108 mode 2
Event: 17.399 Thread 0x000002814e893800 Uncommon trap: trap_request=0xffffff4d fr.pc=0x000002813efcd9cc relative=0x000000000000022c
Event: 17.399 Thread 0x000002814e893800 Uncommon trap: reason=unstable_if action=reinterpret pc=0x000002813efcd9cc method=java.lang.AbstractStringBuilder.isLatin1()Z @ 10 c2
Event: 17.399 Thread 0x000002814e893800 DEOPT PACKING pc=0x000002813efcd9cc sp=0x000000d50d0f7160
Event: 17.399 Thread 0x000002814e893800 DEOPT UNPACKING pc=0x00000281374f78af sp=0x000000d50d0f70a0 mode 2
Event: 18.005 Thread 0x000002814e893800 Uncommon trap: trap_request=0xffffffc6 fr.pc=0x000002813f1c47b8 relative=0x00000000000007f8
Event: 18.005 Thread 0x000002814e893800 Uncommon trap: reason=bimorphic_or_optimized_type_check action=maybe_recompile pc=0x000002813f1c47b8 method=java.util.Spliterators$IteratorSpliterator.tryAdvance(Ljava/util/function/Consumer;)Z @ 50 c2
Event: 18.006 Thread 0x000002814e893800 DEOPT PACKING pc=0x000002813f1c47b8 sp=0x000000d50d0f8020
Event: 18.006 Thread 0x000002814e893800 DEOPT UNPACKING pc=0x00000281374f78af sp=0x000000d50d0f7e68 mode 2
Event: 18.432 Thread 0x000002814e893800 Uncommon trap: trap_request=0xffffffde fr.pc=0x000002813f179a7c relative=0x00000000000014bc
Event: 18.432 Thread 0x000002814e893800 Uncommon trap: reason=class_check action=maybe_recompile pc=0x000002813f179a7c method=jdk.internal.loader.BuiltinClassLoader.loadClassOrNull(Ljava/lang/String;Z)Ljava/lang/Class; @ 86 c2
Event: 18.432 Thread 0x000002814e893800 DEOPT PACKING pc=0x000002813f179a7c sp=0x000000d50d0f64d0
Event: 18.432 Thread 0x000002814e893800 DEOPT UNPACKING pc=0x00000281374f78af sp=0x000000d50d0f6438 mode 2
Event: 18.491 Thread 0x000002814e893800 Uncommon trap: trap_request=0xffffffdc fr.pc=0x000002813f2d2b6c relative=0x00000000000002ac
Event: 18.491 Thread 0x000002814e893800 Uncommon trap: reason=class_check action=make_not_entrant pc=0x000002813f2d2b6c method=java.util.ArrayList.toArray([Ljava/lang/Object;)[Ljava/lang/Object; @ 21 c2
Event: 18.491 Thread 0x000002814e893800 DEOPT PACKING pc=0x000002813f2d2b6c sp=0x000000d50d0f8110
Event: 18.491 Thread 0x000002814e893800 DEOPT UNPACKING pc=0x00000281374f78af sp=0x000000d50d0f80e0 mode 2

Classes redefined (0 events):
No events

Internal exceptions (20 events):
Event: 16.527 Thread 0x000002814e893800 Exception <a 'java/lang/ClassNotFoundException'{0x0000000089177ad8}: org/gradle/api/internal/ConventionTaskBeanInfo> (0x0000000089177ad8) thrown at [./src/hotspot/share/classfile/systemDictionary.cpp, line 231]
Event: 16.529 Thread 0x000002814e893800 Exception <a 'java/lang/ClassNotFoundException'{0x00000000891a0650}: org/gradle/api/DefaultTaskBeanInfo> (0x00000000891a0650) thrown at [./src/hotspot/share/classfile/systemDictionary.cpp, line 231]
Event: 16.531 Thread 0x000002814e893800 Exception <a 'java/lang/ClassNotFoundException'{0x00000000891cd238}: org/gradle/api/internal/AbstractTaskBeanInfo> (0x00000000891cd238) thrown at [./src/hotspot/share/classfile/systemDictionary.cpp, line 231]
Event: 16.540 Thread 0x000002814e893800 Exception <a 'java/lang/ClassNotFoundException'{0x00000000891f9de0}: org/gradle/api/internal/AbstractTaskCustomizer> (0x00000000891f9de0) thrown at [./src/hotspot/share/classfile/systemDictionary.cpp, line 231]
Event: 16.547 Thread 0x000002814e893800 Exception <a 'java/lang/ClassNotFoundException'{0x000000008906b3c8}: org/gradle/api/DefaultTaskCustomizer> (0x000000008906b3c8) thrown at [./src/hotspot/share/classfile/systemDictionary.cpp, line 231]
Event: 16.552 Thread 0x000002814e893800 Exception <a 'java/lang/ClassNotFoundException'{0x00000000890ec0e0}: org/gradle/api/internal/ConventionTaskCustomizer> (0x00000000890ec0e0) thrown at [./src/hotspot/share/classfile/systemDictionary.cpp, line 231]
Event: 16.554 Thread 0x000002814e893800 Exception <a 'java/lang/ClassNotFoundException'{0x0000000088f244e0}: org/gradle/api/tasks/DeleteCustomizer> (0x0000000088f244e0) thrown at [./src/hotspot/share/classfile/systemDictionary.cpp, line 231]
Event: 16.557 Thread 0x000002814e893800 Exception <a 'java/lang/ClassNotFoundException'{0x0000000088f63720}: org/gradle/api/tasks/Delete_DecoratedCustomizer> (0x0000000088f63720) thrown at [./src/hotspot/share/classfile/systemDictionary.cpp, line 231]
Event: 16.607 Thread 0x000002814e893800 Exception <a 'java/lang/ClassNotFoundException'{0x0000000088e84308}: build_590yidpt4waeoy7oqj67h931BeanInfo> (0x0000000088e84308) thrown at [./src/hotspot/share/classfile/systemDictionary.cpp, line 231]
Event: 16.607 Thread 0x000002814e893800 Exception <a 'java/lang/ClassNotFoundException'{0x0000000088e8f210}: build_590yidpt4waeoy7oqj67h931Customizer> (0x0000000088e8f210) thrown at [./src/hotspot/share/classfile/systemDictionary.cpp, line 231]
Event: 16.616 Thread 0x000002814e893800 Exception <a 'java/lang/ClassNotFoundException'{0x0000000088d143a8}: org/gradle/plugin/use/internal/PluginRequestCollector$PluginDependenciesSpecImplBeanInfo> (0x0000000088d143a8) thrown at [./src/hotspot/share/classfile/systemDictionary.cpp, line 231]
Event: 16.618 Thread 0x000002814e893800 Exception <a 'java/lang/ClassNotFoundException'{0x0000000088d42258}: org/gradle/plugin/use/internal/PluginRequestCollector$PluginDependenciesSpecImplCustomizer> (0x0000000088d42258) thrown at [./src/hotspot/share/classfile/systemDictionary.cpp, line 231]
Event: 16.680 Thread 0x000002814e896800 Implicit null exception at 0x000002813f0c2514 to 0x000002813f0c2a38
Event: 16.681 Thread 0x000002814e896800 Implicit null exception at 0x000002813efd4ff4 to 0x000002813efd54cc
Event: 17.020 Thread 0x000002814e893800 Exception <a 'java/lang/NoSuchMethodError'{0x000000008f7956e8}: 'java.lang.Object java.lang.invoke.DirectMethodHandle$Holder.invokeStatic(java.lang.Object, java.lang.Object, java.lang.Object, java.lang.Object, int)'> (0x000000008f7956e8) thrown at [./src/hotspot/share/interpreter/linkResolver.cpp, line 773]
Event: 17.021 Thread 0x000002814e893800 Exception <a 'java/lang/NoSuchMethodError'{0x000000008f79a0e0}: 'java.lang.Object java.lang.invoke.DirectMethodHandle$Holder.invokeSpecial(java.lang.Object, java.lang.Object, java.lang.Object, java.lang.Object, java.lang.Object, int)'> (0x000000008f79a0e0) thrown at [./src/hotspot/share/interpreter/linkResolver.cpp, line 773]
Event: 17.021 Thread 0x000002814e893800 Exception <a 'java/lang/NoSuchMethodError'{0x000000008f79e720}: 'java.lang.Object java.lang.invoke.Invokers$Holder.linkToTargetMethod(java.lang.Object, java.lang.Object, java.lang.Object, int, java.lang.Object)'> (0x000000008f79e720) thrown at [./src/hotspot/share/interpreter/linkResolver.cpp, line 773]
Event: 17.530 Thread 0x000002814e893800 Exception <a 'java/lang/NoSuchMethodError'{0x000000008e88bc98}: 'java.lang.Object java.lang.invoke.DirectMethodHandle$Holder.invokeSpecial(java.lang.Object, java.lang.Object, int, int, java.lang.Object, java.lang.Object, java.lang.Object)'> (0x000000008e88bc98) thrown at [./src/hotspot/share/interpreter/linkResolver.cpp, line 773]
Event: 17.530 Thread 0x000002814e893800 Exception <a 'java/lang/NoSuchMethodError'{0x000000008e890218}: 'java.lang.Object java.lang.invoke.DelegatingMethodHandle$Holder.reinvoke_L(java.lang.Object, int, int, java.lang.Object, java.lang.Object, java.lang.Object)'> (0x000000008e890218) thrown at [./src/hotspot/share/interpreter/linkResolver.cpp, line 773]
Event: 18.033 Thread 0x000002814e893800 Exception <a 'java/lang/NoSuchMethodError'{0x000000008dc93630}: 'int java.lang.invoke.DirectMethodHandle$Holder.invokeInterface(java.lang.Object, java.lang.Object, java.lang.Object, java.lang.Object)'> (0x000000008dc93630) thrown at [./src/hotspot/share/interpreter/linkResolver.cpp, line 773]

Events (20 events):
Event: 18.485 loading class com/android/build/gradle/internal/AvdComponentsBuildService
Event: 18.485 loading class com/android/build/gradle/internal/AvdComponentsBuildService done
Event: 18.486 loading class com/android/build/gradle/internal/AvdComponentsBuildService$Parameters
Event: 18.486 loading class com/android/build/gradle/internal/AvdComponentsBuildService$Parameters done
Event: 18.495 loading class com/android/build/gradle/internal/services/SymbolTableBuildService$RegistrationAction
Event: 18.495 loading class com/android/build/gradle/internal/services/SymbolTableBuildService$RegistrationAction done
Event: 18.496 loading class com/android/build/gradle/internal/services/SymbolTableBuildService
Event: 18.496 loading class com/android/build/gradle/internal/services/SymbolTableBuildService done
Event: 18.498 loading class com/android/build/gradle/internal/services/ClassesHierarchyBuildService$RegistrationAction
Event: 18.498 loading class com/android/build/gradle/internal/services/ClassesHierarchyBuildService$RegistrationAction done
Event: 18.499 loading class com/android/build/gradle/internal/services/ClassesHierarchyBuildService
Event: 18.499 loading class com/android/build/gradle/internal/services/ClassesHierarchyBuildService done
Event: 18.500 loading class com/android/build/gradle/internal/lint/LintFixBuildService$RegistrationAction
Event: 18.500 loading class com/android/build/gradle/internal/lint/LintFixBuildService$RegistrationAction done
Event: 18.501 loading class com/android/build/gradle/internal/lint/LintFixBuildService
Event: 18.501 loading class com/android/build/gradle/internal/lint/LintFixBuildService done
Event: 18.505 loading class com/android/build/gradle/internal/services/LintClassLoaderBuildService$RegistrationAction
Event: 18.505 loading class com/android/build/gradle/internal/services/LintClassLoaderBuildService$RegistrationAction done
Event: 18.505 loading class com/android/build/gradle/internal/services/LintClassLoaderBuildService
Event: 18.505 loading class com/android/build/gradle/internal/services/LintClassLoaderBuildService done


Dynamic libraries:
0x00007ff60c700000 - 0x00007ff60c70a000 	C:\Program Files\Android\Android Studio\jre\bin\java.exe
0x00007ffd4f4f0000 - 0x00007ffd4f6e5000 	C:\WINDOWS\SYSTEM32\ntdll.dll
0x00007ffd4d530000 - 0x00007ffd4d5ed000 	C:\WINDOWS\System32\KERNEL32.DLL
0x00007ffd4cd90000 - 0x00007ffd4d058000 	C:\WINDOWS\System32\KERNELBASE.dll
0x00007ffd4d060000 - 0x00007ffd4d160000 	C:\WINDOWS\System32\ucrtbase.dll
0x00007ffd33970000 - 0x00007ffd33989000 	C:\Program Files\Android\Android Studio\jre\bin\jli.dll
0x00007ffd4e7b0000 - 0x00007ffd4e950000 	C:\WINDOWS\System32\USER32.dll
0x00007ffd4d350000 - 0x00007ffd4d372000 	C:\WINDOWS\System32\win32u.dll
0x00007ffd4e630000 - 0x00007ffd4e65a000 	C:\WINDOWS\System32\GDI32.dll
0x00007ffd4d380000 - 0x00007ffd4d48b000 	C:\WINDOWS\System32\gdi32full.dll
0x00007ffd4d490000 - 0x00007ffd4d52d000 	C:\WINDOWS\System32\msvcp_win.dll
0x00007ffd36a80000 - 0x00007ffd36a97000 	C:\Program Files\Android\Android Studio\jre\bin\VCRUNTIME140.dll
0x00007ffd34f40000 - 0x00007ffd351da000 	C:\WINDOWS\WinSxS\amd64_microsoft.windows.common-controls_6595b64144ccf1df_6.0.19041.1052_none_60b8f8fd71f5e8cb\COMCTL32.dll
0x00007ffd4eca0000 - 0x00007ffd4ed3e000 	C:\WINDOWS\System32\msvcrt.dll
0x00007ffd4e780000 - 0x00007ffd4e7b0000 	C:\WINDOWS\System32\IMM32.DLL
0x00007ffd2f4b0000 - 0x00007ffd2f54d000 	C:\Program Files\Android\Android Studio\jre\bin\msvcp140.dll
0x00007ffcf2dd0000 - 0x00007ffcf389f000 	C:\Program Files\Android\Android Studio\jre\bin\server\jvm.dll
0x00007ffd4e6d0000 - 0x00007ffd4e77c000 	C:\WINDOWS\System32\ADVAPI32.dll
0x00007ffd4f3d0000 - 0x00007ffd4f46b000 	C:\WINDOWS\System32\sechost.dll
0x00007ffd4e9c0000 - 0x00007ffd4eaeb000 	C:\WINDOWS\System32\RPCRT4.dll
0x00007ffd4f3c0000 - 0x00007ffd4f3c8000 	C:\WINDOWS\System32\PSAPI.DLL
0x00007ffd465f0000 - 0x00007ffd465f9000 	C:\WINDOWS\SYSTEM32\WSOCK32.dll
0x00007ffd4e660000 - 0x00007ffd4e6cb000 	C:\WINDOWS\System32\WS2_32.dll
0x00007ffd32910000 - 0x00007ffd32937000 	C:\WINDOWS\SYSTEM32\WINMM.dll
0x00007ffd43af0000 - 0x00007ffd43afa000 	C:\WINDOWS\SYSTEM32\VERSION.dll
0x00007ffd4abc0000 - 0x00007ffd4abd2000 	C:\WINDOWS\SYSTEM32\kernel.appcore.dll
0x00007ffd33cf0000 - 0x00007ffd33d01000 	C:\Program Files\Android\Android Studio\jre\bin\verify.dll
0x00007ffd4a8e0000 - 0x00007ffd4aac4000 	C:\WINDOWS\SYSTEM32\DBGHELP.DLL
0x00007ffd31c60000 - 0x00007ffd31c8c000 	C:\WINDOWS\SYSTEM32\dbgcore.DLL
0x00007ffd4d210000 - 0x00007ffd4d293000 	C:\WINDOWS\System32\bcryptPrimitives.dll
0x00007ffd33670000 - 0x00007ffd33699000 	C:\Program Files\Android\Android Studio\jre\bin\java.dll
0x00007ffd48540000 - 0x00007ffd4854b000 	C:\Program Files\Android\Android Studio\jre\bin\jimage.dll
0x00007ffd33870000 - 0x00007ffd33888000 	C:\Program Files\Android\Android Studio\jre\bin\zip.dll
0x00007ffd4db40000 - 0x00007ffd4e27f000 	C:\WINDOWS\System32\SHELL32.dll
0x00007ffd4ad50000 - 0x00007ffd4b4e0000 	C:\WINDOWS\SYSTEM32\windows.storage.dll
0x00007ffd4ed40000 - 0x00007ffd4f095000 	C:\WINDOWS\System32\combase.dll
0x00007ffd4c670000 - 0x00007ffd4c69c000 	C:\WINDOWS\SYSTEM32\Wldp.dll
0x00007ffd4e2e0000 - 0x00007ffd4e38e000 	C:\WINDOWS\System32\SHCORE.dll
0x00007ffd4e280000 - 0x00007ffd4e2d5000 	C:\WINDOWS\System32\shlwapi.dll
0x00007ffd4cb40000 - 0x00007ffd4cb5f000 	C:\WINDOWS\SYSTEM32\profapi.dll
0x00007ffd33530000 - 0x00007ffd3354a000 	C:\Program Files\Android\Android Studio\jre\bin\net.dll
0x00007ffd442a0000 - 0x00007ffd443ab000 	C:\WINDOWS\SYSTEM32\WINHTTP.dll
0x00007ffd4c3e0000 - 0x00007ffd4c44a000 	C:\WINDOWS\system32\mswsock.dll
0x00007ffd33080000 - 0x00007ffd33094000 	C:\Program Files\Android\Android Studio\jre\bin\nio.dll
0x00007ffd1cb90000 - 0x00007ffd1cbb7000 	C:\Users\akrikunov\.gradle\native\8bec1ad78214c89d9ad589b4d07fe93259594b29d510b10fafb7a158f7737e5d\windows-amd64\native-platform.dll
0x00007ffd15660000 - 0x00007ffd1579d000 	C:\Users\akrikunov\.gradle\native\53dbd7edfb1c66fb8903c78663c9afc45aea4f116125fa6feffd364cf09443e8\windows-amd64\native-platform-file-events.dll
0x00007ffd48440000 - 0x00007ffd4844a000 	C:\Program Files\Android\Android Studio\jre\bin\management.dll
0x00007ffd46140000 - 0x00007ffd4614c000 	C:\Program Files\Android\Android Studio\jre\bin\management_ext.dll
0x00007ffd4c5b0000 - 0x00007ffd4c5c8000 	C:\WINDOWS\SYSTEM32\CRYPTSP.dll
0x00007ffd4bd10000 - 0x00007ffd4bd44000 	C:\WINDOWS\system32\rsaenh.dll
0x00007ffd4cd60000 - 0x00007ffd4cd87000 	C:\WINDOWS\System32\bcrypt.dll
0x00007ffd4cb00000 - 0x00007ffd4cb2e000 	C:\WINDOWS\SYSTEM32\USERENV.dll
0x00007ffd4c5d0000 - 0x00007ffd4c5dc000 	C:\WINDOWS\SYSTEM32\CRYPTBASE.dll
0x00007ffd4c080000 - 0x00007ffd4c0bb000 	C:\WINDOWS\SYSTEM32\IPHLPAPI.DLL
0x00007ffd4f470000 - 0x00007ffd4f478000 	C:\WINDOWS\System32\NSI.dll
0x00007ffd45d90000 - 0x00007ffd45da7000 	C:\WINDOWS\SYSTEM32\dhcpcsvc6.DLL
0x00007ffd45bb0000 - 0x00007ffd45bcd000 	C:\WINDOWS\SYSTEM32\dhcpcsvc.DLL
0x00007ffd4c0d0000 - 0x00007ffd4c19c000 	C:\WINDOWS\SYSTEM32\DNSAPI.dll

dbghelp: loaded successfully - version: 4.0.5 - missing functions: none
symbol engine: initialized successfully - sym options: 0x614 - pdb path: .;C:\Program Files\Android\Android Studio\jre\bin;C:\WINDOWS\SYSTEM32;C:\WINDOWS\WinSxS\amd64_microsoft.windows.common-controls_6595b64144ccf1df_6.0.19041.1052_none_60b8f8fd71f5e8cb;C:\Program Files\Android\Android Studio\jre\bin\server;C:\Users\akrikunov\.gradle\native\8bec1ad78214c89d9ad589b4d07fe93259594b29d510b10fafb7a158f7737e5d\windows-amd64;C:\Users\akrikunov\.gradle\native\53dbd7edfb1c66fb8903c78663c9afc45aea4f116125fa6feffd364cf09443e8\windows-amd64

VM Arguments:
jvm_args: --add-opens=java.base/java.util=ALL-UNNAMED --add-opens=java.base/java.lang=ALL-UNNAMED --add-opens=java.base/java.lang.invoke=ALL-UNNAMED --add-opens=java.base/java.util=ALL-UNNAMED --add-opens=java.prefs/java.util.prefs=ALL-UNNAMED --add-opens=java.prefs/java.util.prefs=ALL-UNNAMED --add-opens=java.base/java.nio.charset=ALL-UNNAMED --add-opens=java.base/java.net=ALL-UNNAMED --add-opens=java.base/java.util.concurrent.atomic=ALL-UNNAMED -Xmx2048m -Dfile.encoding=UTF-8 -Duser.country=RU -Duser.language=ru -Duser.variant 
java_command: org.gradle.launcher.daemon.bootstrap.GradleDaemon 7.0.2
java_class_path (initial): C:\Users\akrikunov\.gradle\wrapper\dists\gradle-7.0.2-bin\857tjihv64xamwrf0h14cai3r\gradle-7.0.2\lib\gradle-launcher-7.0.2.jar
Launcher Type: SUN_STANDARD

[Global flags]
     intx CICompilerCount                          = 4                                         {product} {ergonomic}
     uint ConcGCThreads                            = 2                                         {product} {ergonomic}
     uint G1ConcRefinementThreads                  = 8                                         {product} {ergonomic}
   size_t G1HeapRegionSize                         = 1048576                                   {product} {ergonomic}
    uintx GCDrainStackTargetSize                   = 64                                        {product} {ergonomic}
   size_t InitialHeapSize                          = 260046848                                 {product} {ergonomic}
   size_t MarkStackSize                            = 4194304                                   {product} {ergonomic}
   size_t MaxHeapSize                              = 2147483648                                {product} {command line}
   size_t MaxNewSize                               = 1287651328                                {product} {ergonomic}
   size_t MinHeapDeltaBytes                        = 1048576                                   {product} {ergonomic}
    uintx NonNMethodCodeHeapSize                   = 5836300                                {pd product} {ergonomic}
    uintx NonProfiledCodeHeapSize                  = 122910970                              {pd product} {ergonomic}
    uintx ProfiledCodeHeapSize                     = 122910970                              {pd product} {ergonomic}
    uintx ReservedCodeCacheSize                    = 251658240                              {pd product} {ergonomic}
     bool SegmentedCodeCache                       = true                                      {product} {ergonomic}
     bool UseCompressedClassPointers               = true                                 {lp64_product} {ergonomic}
     bool UseCompressedOops                        = true                                 {lp64_product} {ergonomic}
     bool UseG1GC                                  = true                                      {product} {ergonomic}
     bool UseLargePagesIndividualAllocation        = false                                  {pd product} {ergonomic}

Logging:
Log output configuration:
 #0: stdout all=warning uptime,level,tags
 #1: stderr all=off uptime,level,tags

Environment Variables:
PATH=C:\Program Files (x86)\Common Files\Oracle\Java\javapath;C:\Program Files\Java\jdk-11.0.4\bin;C:\DevSuiteHome_1\jdk\jre\bin\classic;C:\DevSuiteHome_1\jdk\jre\bin;C:\DevSuiteHome_1\jdk\jre\bin\client;C:\DevSuiteHome_1\jlib;C:\DevSuiteHome_1\bin;C:\DevSuiteHome_1\jre\1.4.2\bin\client;C:\DevSuiteHome_1\jre\1.4.2\bin;C:\jdeveloper_12_1_5\jdevbin\jdk\bin;C:\jdeveloper_12_2_6\jdevbin\jdk\bin;C:\WINDOWS\system32;C:\WINDOWS;C:\WINDOWS\System32\Wbem;C:\WINDOWS\System32\WindowsPowerShell\v1.0\;C:\WINDOWS\System32\OpenSSH\;C:\Program Files\Git\cmd;C:\Program Files\PuTTY\;C:\Program Files\TortoiseSVN\bin;C:\Program Files\TortoiseGit\bin;C:\Users\akrikunov\AppData\Local\Microsoft\WindowsApps;C:\Users\akrikunov\AppData\Local\Programs\MiKTeX\miktex\bin\x64\
USERNAME=akrikunov
OS=Windows_NT
PROCESSOR_IDENTIFIER=Intel64 Family 6 Model 142 Stepping 11, GenuineIntel



---------------  S Y S T E M  ---------------

OS: Windows 10 , 64 bit Build 19041 (10.0.19041.1023)
OS uptime: 20 days 18:27 hours

CPU:total 8 (initial active 8) (4 cores per cpu, 2 threads per core) family 6 model 142 stepping 11 microcode 0xae, cmov, cx8, fxsr, mmx, sse, sse2, sse3, ssse3, sse4.1, sse4.2, popcnt, avx, avx2, aes, clmul, erms, 3dnowpref, lzcnt, ht, tsc, tscinvbit, bmi1, bmi2, adx, fma

Memory: 4k page, system-wide physical 15776M (1659M free)
TotalPageFile size 21152M (AvailPageFile size 6M)
current process WorkingSet (physical memory assigned to process): 390M, peak: 392M
current process commit charge ("private bytes"): 476M, peak: 477M

vm_info: OpenJDK 64-Bit Server VM (11.0.10+0-b96-7249189) for windows-amd64 JRE (11.0.10+0-b96-7249189), built on Mar 31 2021 21:44:00 by "builder" with MS VC++ 14.0 (VS2015)

END.
