#
# There is insufficient memory for the Java Runtime Environment to continue.
# Native memory allocation (mmap) failed to map 260046848 bytes for Failed to commit area from 0x0000000709600000 to 0x0000000718e00000 of length 260046848.
# Possible reasons:
#   The system is out of physical RAM or swap space
#   The process is running with CompressedOops enabled, and the Java Heap may be blocking the growth of the native heap
# Possible solutions:
#   Reduce memory load on the system
#   Increase physical memory or swap space
#   Check if swap backing store is full
#   Decrease Java heap size (-Xmx/-Xms)
#   Decrease number of Java threads
#   Decrease Java thread stack sizes (-Xss)
#   Set larger code cache with -XX:ReservedCodeCacheSize=
# This output file may be truncated or incomplete.
#
#  Out of Memory Error (./src/hotspot/os/windows/os_windows.cpp:3301), pid=18760, tid=7464
#
# JRE version:  (11.0.10) (build )
# Java VM: OpenJDK 64-Bit Server VM (11.0.10+0-b96-7249189, mixed mode, sharing, tiered, compressed oops, g1 gc, windows-amd64)
# No core dump will be written. Minidumps are not enabled by default on client versions of Windows
#

---------------  S U M M A R Y ------------

Command Line: org.jetbrains.kotlin.cli.jvm.K2JVMCompiler @C:\Users\akrikunov\Documents\AlarmReminder\app\build\20210922_11667745875734545642.compiler.options

Host: Intel(R) Core(TM) i5-8265U CPU @ 1.60GHz, 8 cores, 15G,  Windows 10 , 64 bit Build 19041 (10.0.19041.1023)
Time: Wed Sep 22 15:30:29 2021 RTZ 2 (зима) elapsed time: 0.014688 seconds (0d 0h 0m 0s)

---------------  T H R E A D  ---------------

Current thread (0x000001fcf8c2a000):  JavaThread "Unknown thread" [_thread_in_vm, id=7464, stack(0x0000006297800000,0x0000006297900000)]

Stack: [0x0000006297800000,0x0000006297900000]
Native frames: (J=compiled Java code, j=interpreted, Vv=VM code, C=native code)
V  [jvm.dll+0x5ecfaa]
V  [jvm.dll+0x722bd5]
V  [jvm.dll+0x72412d]
V  [jvm.dll+0x7247e3]
V  [jvm.dll+0x242928]
V  [jvm.dll+0x5ea374]
V  [jvm.dll+0x5df425]
V  [jvm.dll+0x2fdebb]
V  [jvm.dll+0x2fde2a]
V  [jvm.dll+0x2fdd02]
V  [jvm.dll+0x302bf6]
V  [jvm.dll+0x34b2a3]
V  [jvm.dll+0x34b9a6]
V  [jvm.dll+0x34b3a3]
V  [jvm.dll+0x2d8888]
V  [jvm.dll+0x2d9a37]
V  [jvm.dll+0x701737]
V  [jvm.dll+0x702f2c]
V  [jvm.dll+0x3587d9]
V  [jvm.dll+0x6e4fae]
V  [jvm.dll+0x3c0be3]
V  [jvm.dll+0x3c2e91]
C  [jli.dll+0x5373]
C  [ucrtbase.dll+0x21bb2]
C  [KERNEL32.DLL+0x17034]
C  [ntdll.dll+0x52651]


---------------  P R O C E S S  ---------------

Threads class SMR info:
_java_thread_list=0x000001fcf7211850, length=0, elements={
}

Java Threads: ( => current thread )

Other Threads:
  0x000001fcf8c42800 GCTaskThread "GC Thread#0" [stack: 0x0000006297900000,0x0000006297a00000] [id=13464]
  0x000001fcf8c9b000 ConcurrentGCThread "G1 Main Marker" [stack: 0x0000006297a00000,0x0000006297b00000] [id=13760]
  0x000001fcf8c9f000 ConcurrentGCThread "G1 Conc#0" [stack: 0x0000006297b00000,0x0000006297c00000] [id=28176]

[error occurred during error reporting (printing all threads), id 0xc0000005, EXCEPTION_ACCESS_VIOLATION (0xc0000005) at pc=0x00007ffd17739107]

VM state:not at safepoint (not fully initialized)

VM Mutex/Monitor currently owned by a thread:  ([mutex/lock_event])
[0x000001fcf8c272b0] Heap_lock - owner thread: 0x000001fcf8c2a000

Heap address: 0x0000000709600000, size: 3946 MB, Compressed Oops mode: Non-zero based: 0x0000000709600000
Narrow klass base: 0x0000000000000000, Narrow klass shift: 0

GC Heap History (0 events):
No events

Deoptimization events (0 events):
No events

Classes redefined (0 events):
No events

Internal exceptions (0 events):
No events

Events (1 events):
Event: 0.009 Loaded shared library C:\Program Files\Android\Android Studio\jre\bin\zip.dll


Dynamic libraries:
0x00007ff60c700000 - 0x00007ff60c70a000 	C:\Program Files\Android\Android Studio\jre\bin\java.exe
0x00007ffd4f4f0000 - 0x00007ffd4f6e5000 	C:\WINDOWS\SYSTEM32\ntdll.dll
0x00007ffd4d530000 - 0x00007ffd4d5ed000 	C:\WINDOWS\System32\KERNEL32.DLL
0x00007ffd4cd90000 - 0x00007ffd4d058000 	C:\WINDOWS\System32\KERNELBASE.dll
0x00007ffd4d060000 - 0x00007ffd4d160000 	C:\WINDOWS\System32\ucrtbase.dll
0x00007ffd33080000 - 0x00007ffd33097000 	C:\Program Files\Android\Android Studio\jre\bin\VCRUNTIME140.dll
0x00007ffd33530000 - 0x00007ffd33549000 	C:\Program Files\Android\Android Studio\jre\bin\jli.dll
0x00007ffd4e7b0000 - 0x00007ffd4e950000 	C:\WINDOWS\System32\USER32.dll
0x00007ffd4d350000 - 0x00007ffd4d372000 	C:\WINDOWS\System32\win32u.dll
0x00007ffd34f40000 - 0x00007ffd351da000 	C:\WINDOWS\WinSxS\amd64_microsoft.windows.common-controls_6595b64144ccf1df_6.0.19041.1052_none_60b8f8fd71f5e8cb\COMCTL32.dll
0x00007ffd4e630000 - 0x00007ffd4e65a000 	C:\WINDOWS\System32\GDI32.dll
0x00007ffd4eca0000 - 0x00007ffd4ed3e000 	C:\WINDOWS\System32\msvcrt.dll
0x00007ffd4d380000 - 0x00007ffd4d48b000 	C:\WINDOWS\System32\gdi32full.dll
0x00007ffd4d490000 - 0x00007ffd4d52d000 	C:\WINDOWS\System32\msvcp_win.dll
0x00007ffd4e780000 - 0x00007ffd4e7b0000 	C:\WINDOWS\System32\IMM32.DLL
0x00007ffd1c8e0000 - 0x00007ffd1c97d000 	C:\Program Files\Android\Android Studio\jre\bin\msvcp140.dll
0x00007ffd17450000 - 0x00007ffd17f1f000 	C:\Program Files\Android\Android Studio\jre\bin\server\jvm.dll
0x00007ffd4e6d0000 - 0x00007ffd4e77c000 	C:\WINDOWS\System32\ADVAPI32.dll
0x00007ffd4f3d0000 - 0x00007ffd4f46b000 	C:\WINDOWS\System32\sechost.dll
0x00007ffd4e9c0000 - 0x00007ffd4eaeb000 	C:\WINDOWS\System32\RPCRT4.dll
0x00007ffd4f3c0000 - 0x00007ffd4f3c8000 	C:\WINDOWS\System32\PSAPI.DLL
0x00007ffd465f0000 - 0x00007ffd465f9000 	C:\WINDOWS\SYSTEM32\WSOCK32.dll
0x00007ffd32910000 - 0x00007ffd32937000 	C:\WINDOWS\SYSTEM32\WINMM.dll
0x00007ffd43af0000 - 0x00007ffd43afa000 	C:\WINDOWS\SYSTEM32\VERSION.dll
0x00007ffd4e660000 - 0x00007ffd4e6cb000 	C:\WINDOWS\System32\WS2_32.dll
0x00007ffd4abc0000 - 0x00007ffd4abd2000 	C:\WINDOWS\SYSTEM32\kernel.appcore.dll
0x00007ffd48540000 - 0x00007ffd48551000 	C:\Program Files\Android\Android Studio\jre\bin\verify.dll
0x00007ffd4a8e0000 - 0x00007ffd4aac4000 	C:\WINDOWS\SYSTEM32\DBGHELP.DLL
0x00007ffd31c60000 - 0x00007ffd31c8c000 	C:\WINDOWS\SYSTEM32\dbgcore.DLL
0x00007ffd4d210000 - 0x00007ffd4d293000 	C:\WINDOWS\System32\bcryptPrimitives.dll
0x00007ffd36a30000 - 0x00007ffd36a59000 	C:\Program Files\Android\Android Studio\jre\bin\java.dll
0x00007ffd48440000 - 0x00007ffd4844b000 	C:\Program Files\Android\Android Studio\jre\bin\jimage.dll
0x00007ffd36a80000 - 0x00007ffd36a98000 	C:\Program Files\Android\Android Studio\jre\bin\zip.dll

dbghelp: loaded successfully - version: 4.0.5 - missing functions: none
symbol engine: initialized successfully - sym options: 0x614 - pdb path: .;C:\Program Files\Android\Android Studio\jre\bin;C:\WINDOWS\SYSTEM32;C:\WINDOWS\WinSxS\amd64_microsoft.windows.common-controls_6595b64144ccf1df_6.0.19041.1052_none_60b8f8fd71f5e8cb;C:\Program Files\Android\Android Studio\jre\bin\server

VM Arguments:
java_command: org.jetbrains.kotlin.cli.jvm.K2JVMCompiler @C:\Users\akrikunov\Documents\AlarmReminder\app\build\20210922_11667745875734545642.compiler.options
java_class_path (initial): C:\Users\akrikunov\.gradle\caches\modules-2\files-2.1\org.jetbrains.kotlin\kotlin-compiler-embeddable\1.5.21\40ddbcae9ff100473f95370c2d589ba3fc48eed5\kotlin-compiler-embeddable-1.5.21.jar;C:\Users\akrikunov\.gradle\caches\modules-2\files-2.1\org.jetbrains.kotlin\kotlin-reflect\1.5.21\802f1f39735ae1eb2b75714a40fa19bb2e687e96\kotlin-reflect-1.5.21.jar;C:\Users\akrikunov\.gradle\caches\modules-2\files-2.1\org.jetbrains.kotlin\kotlin-stdlib\1.5.21\2f537cad7e9eeb9da73738c8812e1e4cf9b62e4e\kotlin-stdlib-1.5.21.jar;C:\Users\akrikunov\.gradle\caches\modules-2\files-2.1\org.jetbrains.kotlin\kotlin-script-runtime\1.5.21\96d49e89873fde985750af354b6eabb60cfa999b\kotlin-script-runtime-1.5.21.jar;C:\Users\akrikunov\.gradle\caches\modules-2\files-2.1\org.jetbrains.kotlin\kotlin-daemon-embeddable\1.5.21\17255809e66a940dfdf6289bccbdfb5a09f3145\kotlin-daemon-embeddable-1.5.21.jar;C:\Users\akrikunov\.gradle\caches\modules-2\files-2.1\org.jetbrains.intellij.deps\trove4j\1.0.20181211\216c2e14b070f334479d800987affe4054cd563f\trove4j-1.0.20181211.jar;C:\Users\akrikunov\.gradle\caches\modules-2\files-2.1\org.jetbrains\annotations\13.0\919f0dfe192fb4e063e7dacadee7f8bb9a2672a9\annotations-13.0.jar;C:\Users\akrikunov\.gradle\caches\modules-2\files-2.1\org.jetbrains.kotlin\kotlin-stdlib-common\1.5.21\cc8bf3586fd2ebcf234058b9440bb406e62dfacb\kotlin-stdlib-common-1.5.21.jar
Launcher Type: SUN_STANDARD

[Global flags]
     intx CICompilerCount                          = 4                                         {product} {ergonomic}
     uint ConcGCThreads                            = 2                                         {product} {ergonomic}
     uint G1ConcRefinementThreads                  = 8                                         {product} {ergonomic}
   size_t G1HeapRegionSize                         = 1048576                                   {product} {ergonomic}
    uintx GCDrainStackTargetSize                   = 64                                        {product} {ergonomic}
   size_t InitialHeapSize                          = 260046848                                 {product} {ergonomic}
   size_t MarkStackSize                            = 4194304                                   {product} {ergonomic}
   size_t MaxHeapSize                              = 4137680896                                {product} {ergonomic}
   size_t MinHeapDeltaBytes                        = 1048576                                   {product} {ergonomic}
    uintx NonNMethodCodeHeapSize                   = 5836300                                {pd product} {ergonomic}
    uintx NonProfiledCodeHeapSize                  = 122910970                              {pd product} {ergonomic}
    uintx ProfiledCodeHeapSize                     = 122910970                              {pd product} {ergonomic}
    uintx ReservedCodeCacheSize                    = 251658240                              {pd product} {ergonomic}
     bool SegmentedCodeCache                       = true                                      {product} {ergonomic}
     bool UseCompressedClassPointers               = true                                 {lp64_product} {ergonomic}
     bool UseCompressedOops                        = true                                 {lp64_product} {ergonomic}
     bool UseG1GC                                  = true                                      {product} {ergonomic}
     bool UseLargePagesIndividualAllocation        = false                                  {pd product} {ergonomic}

Logging:
Log output configuration:
 #0: stdout all=warning uptime,level,tags
 #1: stderr all=off uptime,level,tags

Environment Variables:
PATH=C:\Program Files (x86)\Common Files\Oracle\Java\javapath;C:\Program Files\Java\jdk-11.0.4\bin;C:\DevSuiteHome_1\jdk\jre\bin\classic;C:\DevSuiteHome_1\jdk\jre\bin;C:\DevSuiteHome_1\jdk\jre\bin\client;C:\DevSuiteHome_1\jlib;C:\DevSuiteHome_1\bin;C:\DevSuiteHome_1\jre\1.4.2\bin\client;C:\DevSuiteHome_1\jre\1.4.2\bin;C:\jdeveloper_12_1_5\jdevbin\jdk\bin;C:\jdeveloper_12_2_6\jdevbin\jdk\bin;C:\WINDOWS\system32;C:\WINDOWS;C:\WINDOWS\System32\Wbem;C:\WINDOWS\System32\WindowsPowerShell\v1.0\;C:\WINDOWS\System32\OpenSSH\;C:\Program Files\Git\cmd;C:\Program Files\PuTTY\;C:\Program Files\TortoiseSVN\bin;C:\Program Files\TortoiseGit\bin;C:\Users\akrikunov\AppData\Local\Microsoft\WindowsApps;C:\Users\akrikunov\AppData\Local\Programs\MiKTeX\miktex\bin\x64\
USERNAME=akrikunov
OS=Windows_NT
PROCESSOR_IDENTIFIER=Intel64 Family 6 Model 142 Stepping 11, GenuineIntel



---------------  S Y S T E M  ---------------

OS: Windows 10 , 64 bit Build 19041 (10.0.19041.1023)
OS uptime: 20 days 18:33 hours

CPU:total 8 (initial active 8) (4 cores per cpu, 2 threads per core) family 6 model 142 stepping 11 microcode 0xae, cmov, cx8, fxsr, mmx, sse, sse2, sse3, ssse3, sse4.1, sse4.2, popcnt, avx, avx2, aes, clmul, erms, 3dnowpref, lzcnt, ht, tsc, tscinvbit, bmi1, bmi2, adx, fma

Memory: 4k page, system-wide physical 15776M (1710M free)
TotalPageFile size 21152M (AvailPageFile size 96M)
current process WorkingSet (physical memory assigned to process): 10M, peak: 10M
current process commit charge ("private bytes"): 60M, peak: 308M

vm_info: OpenJDK 64-Bit Server VM (11.0.10+0-b96-7249189) for windows-amd64 JRE (11.0.10+0-b96-7249189), built on Mar 31 2021 21:44:00 by "builder" with MS VC++ 14.0 (VS2015)

END.
